[0.005s] Invoking command in '/home/swati/VBM/ros2_ws/build/rrbot_description': CMAKE_PREFIX_PATH=${CMAKE_PREFIX_PATH}:/home/swati/VBM/swati_ws/install/HW_1 CONDA_PROMPT_MODIFIER=(base) /usr/bin/cmake /home/swati/VBM/ros2_ws/src/rrbot_description -DCMAKE_INSTALL_PREFIX=/home/swati/VBM/ros2_ws/install/rrbot_description
[0.062s] -- The C compiler identification is GNU 11.4.0
[0.115s] -- The CXX compiler identification is GNU 11.4.0
[0.120s] -- Detecting C compiler ABI info
[0.192s] -- Detecting C compiler ABI info - done
[0.200s] -- Check for working C compiler: /usr/bin/cc - skipped
[0.200s] -- Detecting C compile features
[0.201s] -- Detecting C compile features - done
[0.204s] -- Detecting CXX compiler ABI info
[0.282s] -- Detecting CXX compiler ABI info - done
[0.292s] -- Check for working CXX compiler: /usr/bin/c++ - skipped
[0.292s] -- Detecting CXX compile features
[0.293s] -- Detecting CXX compile features - done
[0.300s] [31mCMake Error at CMakeLists.txt:4 (find_package):
[0.300s]   By not providing "Findament_cmake.cmake" in CMAKE_MODULE_PATH this project
[0.300s]   has asked CMake to find a package configuration file provided by
[0.300s]   "ament_cmake", but CMake did not find one.
[0.300s] 
[0.300s]   Could not find a package configuration file provided by "ament_cmake" with
[0.300s]   any of the following names:
[0.301s] 
[0.301s]     ament_cmakeConfig.cmake
[0.301s]     ament_cmake-config.cmake
[0.301s] 
[0.301s]   Add the installation prefix of "ament_cmake" to CMAKE_PREFIX_PATH or set
[0.301s]   "ament_cmake_DIR" to a directory containing one of the above files.  If
[0.301s]   "ament_cmake" provides a separate development package or SDK, be sure it
[0.301s]   has been installed.
[0.301s] 
[0.301s] [0m
[0.302s] -- Configuring incomplete, errors occurred!
[0.302s] See also "/home/swati/VBM/ros2_ws/build/rrbot_description/CMakeFiles/CMakeOutput.log".
[0.302s] Invoked command in '/home/swati/VBM/ros2_ws/build/rrbot_description' returned '1': CMAKE_PREFIX_PATH=${CMAKE_PREFIX_PATH}:/home/swati/VBM/swati_ws/install/HW_1 CONDA_PROMPT_MODIFIER=(base) /usr/bin/cmake /home/swati/VBM/ros2_ws/src/rrbot_description -DCMAKE_INSTALL_PREFIX=/home/swati/VBM/ros2_ws/install/rrbot_description
