[0.659s] Invoking command in '/home/swati/VBM/ros2_ws/src/visual_servo': PYTHONPATH=/home/swati/VBM/ros2_ws/build/visual_servo/prefix_override:/usr/lib/python3/dist-packages/colcon_core/task/python/colcon_distutils_commands:/home/swati/VBM/ros2_ws/install/visual_servo/lib/python3.10/site-packages:${PYTHONPATH} /usr/bin/python3 -W ignore:setup.py install is deprecated setup.py egg_info --egg-base ../../build/visual_servo build --build-base /home/swati/VBM/ros2_ws/build/visual_servo/build install --record /home/swati/VBM/ros2_ws/build/visual_servo/install.log --single-version-externally-managed install_data
[0.810s] running egg_info
[0.810s] writing ../../build/visual_servo/visual_servo.egg-info/PKG-INFO
[0.810s] writing dependency_links to ../../build/visual_servo/visual_servo.egg-info/dependency_links.txt
[0.811s] writing entry points to ../../build/visual_servo/visual_servo.egg-info/entry_points.txt
[0.811s] writing requirements to ../../build/visual_servo/visual_servo.egg-info/requires.txt
[0.811s] writing top-level names to ../../build/visual_servo/visual_servo.egg-info/top_level.txt
[0.812s] reading manifest file '../../build/visual_servo/visual_servo.egg-info/SOURCES.txt'
[0.812s] adding license file 'LICENSE'
[0.813s] writing manifest file '../../build/visual_servo/visual_servo.egg-info/SOURCES.txt'
[0.813s] running build
[0.813s] running build_py
[0.813s] running install
[0.813s] running install_lib
[0.814s] running install_data
[0.814s] running install_egg_info
[0.815s] removing '/home/swati/VBM/ros2_ws/install/visual_servo/lib/python3.10/site-packages/visual_servo-0.0.0-py3.10.egg-info' (and everything under it)
[0.815s] Copying ../../build/visual_servo/visual_servo.egg-info to /home/swati/VBM/ros2_ws/install/visual_servo/lib/python3.10/site-packages/visual_servo-0.0.0-py3.10.egg-info
[0.816s] running install_scripts
[0.830s] Installing servo_controller script to /home/swati/VBM/ros2_ws/install/visual_servo/lib/visual_servo
[0.830s] writing list of installed files to '/home/swati/VBM/ros2_ws/build/visual_servo/install.log'
[0.846s] Invoked command in '/home/swati/VBM/ros2_ws/src/visual_servo' returned '0': PYTHONPATH=/home/swati/VBM/ros2_ws/build/visual_servo/prefix_override:/usr/lib/python3/dist-packages/colcon_core/task/python/colcon_distutils_commands:/home/swati/VBM/ros2_ws/install/visual_servo/lib/python3.10/site-packages:${PYTHONPATH} /usr/bin/python3 -W ignore:setup.py install is deprecated setup.py egg_info --egg-base ../../build/visual_servo build --build-base /home/swati/VBM/ros2_ws/build/visual_servo/build install --record /home/swati/VBM/ros2_ws/build/visual_servo/install.log --single-version-externally-managed install_data
