[0.017s] Invoking command in '/home/swati/VBM/ros2_ws/build/rrbot_gazebo': AMENT_PREFIX_PATH=/home/swati/VBM/ros2_ws/install/rrbot_description:${AMENT_PREFIX_PATH} CMAKE_PREFIX_PATH=/home/swati/VBM/ros2_ws/install/rrbot_description:/opt/ros/humble CONDA_PROMPT_MODIFIER=(base) /usr/bin/cmake --build /home/swati/VBM/ros2_ws/build/rrbot_gazebo -- -j20 -l20
[0.081s] [ 50%] Built target publisher
[0.082s] [100%] Built target switch
[0.098s] Invoked command in '/home/swati/VBM/ros2_ws/build/rrbot_gazebo' returned '0': AMENT_PREFIX_PATH=/home/swati/VBM/ros2_ws/install/rrbot_description:${AMENT_PREFIX_PATH} CMAKE_PREFIX_PATH=/home/swati/VBM/ros2_ws/install/rrbot_description:/opt/ros/humble CONDA_PROMPT_MODIFIER=(base) /usr/bin/cmake --build /home/swati/VBM/ros2_ws/build/rrbot_gazebo -- -j20 -l20
[0.165s] Invoking command in '/home/swati/VBM/ros2_ws/build/rrbot_gazebo': AMENT_PREFIX_PATH=/home/swati/VBM/ros2_ws/install/rrbot_description:${AMENT_PREFIX_PATH} CMAKE_PREFIX_PATH=/home/swati/VBM/ros2_ws/install/rrbot_description:/opt/ros/humble CONDA_PROMPT_MODIFIER=(base) /usr/bin/cmake --install /home/swati/VBM/ros2_ws/build/rrbot_gazebo
[0.183s] -- Install configuration: ""
[0.183s] -- Up-to-date: /home/swati/VBM/ros2_ws/install/rrbot_gazebo/lib/rrbot_gazebo/publisher
[0.183s] -- Up-to-date: /home/swati/VBM/ros2_ws/install/rrbot_gazebo/lib/rrbot_gazebo/switch
[0.183s] -- Up-to-date: /home/swati/VBM/ros2_ws/install/rrbot_gazebo/share/rrbot_gazebo/launch
[0.183s] -- Up-to-date: /home/swati/VBM/ros2_ws/install/rrbot_gazebo/share/rrbot_gazebo/launch/rrbot_world.launch.py
[0.183s] -- Up-to-date: /home/swati/VBM/ros2_ws/install/rrbot_gazebo/share/rrbot_gazebo/worlds
[0.184s] -- Up-to-date: /home/swati/VBM/ros2_ws/install/rrbot_gazebo/share/rrbot_gazebo/worlds/rrbot.world
[0.184s] -- Up-to-date: /home/swati/VBM/ros2_ws/install/rrbot_gazebo/share/rrbot_gazebo/config
[0.184s] -- Up-to-date: /home/swati/VBM/ros2_ws/install/rrbot_gazebo/share/rrbot_gazebo/config/gazebo_controllers.yaml
[0.184s] -- Up-to-date: /home/swati/VBM/ros2_ws/install/rrbot_gazebo/share/rrbot_gazebo/config/controllers.yaml
[0.184s] -- Up-to-date: /home/swati/VBM/ros2_ws/install/rrbot_gazebo/share/ament_index/resource_index/package_run_dependencies/rrbot_gazebo
[0.184s] -- Up-to-date: /home/swati/VBM/ros2_ws/install/rrbot_gazebo/share/ament_index/resource_index/parent_prefix_path/rrbot_gazebo
[0.184s] -- Up-to-date: /home/swati/VBM/ros2_ws/install/rrbot_gazebo/share/rrbot_gazebo/environment/ament_prefix_path.sh
[0.184s] -- Up-to-date: /home/swati/VBM/ros2_ws/install/rrbot_gazebo/share/rrbot_gazebo/environment/ament_prefix_path.dsv
[0.184s] -- Up-to-date: /home/swati/VBM/ros2_ws/install/rrbot_gazebo/share/rrbot_gazebo/environment/path.sh
[0.184s] -- Up-to-date: /home/swati/VBM/ros2_ws/install/rrbot_gazebo/share/rrbot_gazebo/environment/path.dsv
[0.184s] -- Up-to-date: /home/swati/VBM/ros2_ws/install/rrbot_gazebo/share/rrbot_gazebo/local_setup.bash
[0.184s] -- Up-to-date: /home/swati/VBM/ros2_ws/install/rrbot_gazebo/share/rrbot_gazebo/local_setup.sh
[0.185s] -- Up-to-date: /home/swati/VBM/ros2_ws/install/rrbot_gazebo/share/rrbot_gazebo/local_setup.zsh
[0.185s] -- Up-to-date: /home/swati/VBM/ros2_ws/install/rrbot_gazebo/share/rrbot_gazebo/local_setup.dsv
[0.185s] -- Installing: /home/swati/VBM/ros2_ws/install/rrbot_gazebo/share/rrbot_gazebo/package.dsv
[0.185s] -- Up-to-date: /home/swati/VBM/ros2_ws/install/rrbot_gazebo/share/ament_index/resource_index/packages/rrbot_gazebo
[0.185s] -- Up-to-date: /home/swati/VBM/ros2_ws/install/rrbot_gazebo/share/rrbot_gazebo/cmake/rrbot_gazeboConfig.cmake
[0.185s] -- Up-to-date: /home/swati/VBM/ros2_ws/install/rrbot_gazebo/share/rrbot_gazebo/cmake/rrbot_gazeboConfig-version.cmake
[0.185s] -- Up-to-date: /home/swati/VBM/ros2_ws/install/rrbot_gazebo/share/rrbot_gazebo/package.xml
[0.187s] Invoked command in '/home/swati/VBM/ros2_ws/build/rrbot_gazebo' returned '0': AMENT_PREFIX_PATH=/home/swati/VBM/ros2_ws/install/rrbot_description:${AMENT_PREFIX_PATH} CMAKE_PREFIX_PATH=/home/swati/VBM/ros2_ws/install/rrbot_description:/opt/ros/humble CONDA_PROMPT_MODIFIER=(base) /usr/bin/cmake --install /home/swati/VBM/ros2_ws/build/rrbot_gazebo
