[0.007s] Invoking command in '/home/swati/VBM/ros2_ws/build/rrbot_description': CMAKE_PREFIX_PATH=/opt/ros/humble CONDA_PROMPT_MODIFIER=(base) /usr/bin/cmake /home/swati/VBM/ros2_ws/src/rrbot_description -DCMAKE_INSTALL_PREFIX=/home/swati/VBM/ros2_ws/install/rrbot_description
[0.018s] -- Found ament_cmake: 1.3.10 (/opt/ros/humble/share/ament_cmake/cmake)
[0.275s] -- Found Python3: /home/swati/miniconda3/bin/python3 (found version "3.11.5") found components: Interpreter 
[0.425s] -- Configuring done
[0.426s] -- Generating done
[0.426s] -- Build files have been written to: /home/swati/VBM/ros2_ws/build/rrbot_description
[0.428s] Invoked command in '/home/swati/VBM/ros2_ws/build/rrbot_description' returned '0': CMAKE_PREFIX_PATH=/opt/ros/humble CONDA_PROMPT_MODIFIER=(base) /usr/bin/cmake /home/swati/VBM/ros2_ws/src/rrbot_description -DCMAKE_INSTALL_PREFIX=/home/swati/VBM/ros2_ws/install/rrbot_description
[0.430s] Invoking command in '/home/swati/VBM/ros2_ws/build/rrbot_description': CMAKE_PREFIX_PATH=/opt/ros/humble CONDA_PROMPT_MODIFIER=(base) /usr/bin/cmake --build /home/swati/VBM/ros2_ws/build/rrbot_description -- -j20 -l20
[0.468s] Invoked command in '/home/swati/VBM/ros2_ws/build/rrbot_description' returned '0': CMAKE_PREFIX_PATH=/opt/ros/humble CONDA_PROMPT_MODIFIER=(base) /usr/bin/cmake --build /home/swati/VBM/ros2_ws/build/rrbot_description -- -j20 -l20
[0.504s] Invoking command in '/home/swati/VBM/ros2_ws/build/rrbot_description': CMAKE_PREFIX_PATH=/opt/ros/humble CONDA_PROMPT_MODIFIER=(base) /usr/bin/cmake --install /home/swati/VBM/ros2_ws/build/rrbot_description
[0.513s] -- Install configuration: ""
[0.513s] -- Installing: /home/swati/VBM/ros2_ws/install/rrbot_description/share/rrbot_description/config
[0.513s] -- Installing: /home/swati/VBM/ros2_ws/install/rrbot_description/share/rrbot_description/config/rrbot.rviz
[0.513s] -- Installing: /home/swati/VBM/ros2_ws/install/rrbot_description/share/rrbot_description/gazebo
[0.513s] -- Installing: /home/swati/VBM/ros2_ws/install/rrbot_description/share/rrbot_description/gazebo/rrbot.gazebo.xacro
[0.513s] -- Installing: /home/swati/VBM/ros2_ws/install/rrbot_description/share/rrbot_description/gazebo/rrbot.materials.xacro
[0.513s] -- Installing: /home/swati/VBM/ros2_ws/install/rrbot_description/share/rrbot_description/meshes
[0.513s] -- Installing: /home/swati/VBM/ros2_ws/install/rrbot_description/share/rrbot_description/meshes/hokuyo.dae
[0.513s] -- Installing: /home/swati/VBM/ros2_ws/install/rrbot_description/share/rrbot_description/launch
[0.513s] -- Installing: /home/swati/VBM/ros2_ws/install/rrbot_description/share/rrbot_description/launch/view_robot.launch.py
[0.513s] -- Installing: /home/swati/VBM/ros2_ws/install/rrbot_description/share/rrbot_description/ros2_control
[0.513s] -- Installing: /home/swati/VBM/ros2_ws/install/rrbot_description/share/rrbot_description/ros2_control/rrbot.ros2_control.xacro
[0.513s] -- Installing: /home/swati/VBM/ros2_ws/install/rrbot_description/share/rrbot_description/urdf
[0.514s] -- Installing: /home/swati/VBM/ros2_ws/install/rrbot_description/share/rrbot_description/urdf/rrbot_description.urdf.xacro
[0.514s] -- Installing: /home/swati/VBM/ros2_ws/install/rrbot_description/share/rrbot_description/urdf/rrbot.urdf.xacro
[0.514s] -- Installing: /home/swati/VBM/ros2_ws/install/rrbot_description/share/rrbot_description/environment/rrbot_description.dsv
[0.514s] -- Installing: /home/swati/VBM/ros2_ws/install/rrbot_description/share/ament_index/resource_index/package_run_dependencies/rrbot_description
[0.514s] -- Installing: /home/swati/VBM/ros2_ws/install/rrbot_description/share/ament_index/resource_index/parent_prefix_path/rrbot_description
[0.514s] -- Installing: /home/swati/VBM/ros2_ws/install/rrbot_description/share/rrbot_description/environment/ament_prefix_path.sh
[0.514s] -- Installing: /home/swati/VBM/ros2_ws/install/rrbot_description/share/rrbot_description/environment/ament_prefix_path.dsv
[0.514s] -- Installing: /home/swati/VBM/ros2_ws/install/rrbot_description/share/rrbot_description/environment/path.sh
[0.514s] -- Installing: /home/swati/VBM/ros2_ws/install/rrbot_description/share/rrbot_description/environment/path.dsv
[0.514s] -- Installing: /home/swati/VBM/ros2_ws/install/rrbot_description/share/rrbot_description/local_setup.bash
[0.514s] -- Installing: /home/swati/VBM/ros2_ws/install/rrbot_description/share/rrbot_description/local_setup.sh
[0.514s] -- Installing: /home/swati/VBM/ros2_ws/install/rrbot_description/share/rrbot_description/local_setup.zsh
[0.515s] -- Installing: /home/swati/VBM/ros2_ws/install/rrbot_description/share/rrbot_description/local_setup.dsv
[0.515s] -- Installing: /home/swati/VBM/ros2_ws/install/rrbot_description/share/rrbot_description/package.dsv
[0.515s] -- Installing: /home/swati/VBM/ros2_ws/install/rrbot_description/share/ament_index/resource_index/packages/rrbot_description
[0.515s] -- Installing: /home/swati/VBM/ros2_ws/install/rrbot_description/share/rrbot_description/cmake/rrbot_descriptionConfig.cmake
[0.515s] -- Installing: /home/swati/VBM/ros2_ws/install/rrbot_description/share/rrbot_description/cmake/rrbot_descriptionConfig-version.cmake
[0.515s] -- Installing: /home/swati/VBM/ros2_ws/install/rrbot_description/share/rrbot_description/package.xml
[0.517s] Invoked command in '/home/swati/VBM/ros2_ws/build/rrbot_description' returned '0': CMAKE_PREFIX_PATH=/opt/ros/humble CONDA_PROMPT_MODIFIER=(base) /usr/bin/cmake --install /home/swati/VBM/ros2_ws/build/rrbot_description
