running egg_info
writing ../../build/visual_servo/visual_servo.egg-info/PKG-INFO
writing dependency_links to ../../build/visual_servo/visual_servo.egg-info/dependency_links.txt
writing entry points to ../../build/visual_servo/visual_servo.egg-info/entry_points.txt
writing requirements to ../../build/visual_servo/visual_servo.egg-info/requires.txt
writing top-level names to ../../build/visual_servo/visual_servo.egg-info/top_level.txt
reading manifest file '../../build/visual_servo/visual_servo.egg-info/SOURCES.txt'
adding license file 'LICENSE'
writing manifest file '../../build/visual_servo/visual_servo.egg-info/SOURCES.txt'
running build
running build_py
copying visual_servo/error_pub.py -> /home/swati/VBM/ros2_ws/build/visual_servo/build/lib/visual_servo
copying visual_servo/ref_pub.py -> /home/swati/VBM/ros2_ws/build/visual_servo/build/lib/visual_servo
running install
running install_lib
copying /home/swati/VBM/ros2_ws/build/visual_servo/build/lib/visual_servo/error_pub.py -> /home/swati/VBM/ros2_ws/install/visual_servo/lib/python3.10/site-packages/visual_servo
copying /home/swati/VBM/ros2_ws/build/visual_servo/build/lib/visual_servo/ref_pub.py -> /home/swati/VBM/ros2_ws/install/visual_servo/lib/python3.10/site-packages/visual_servo
byte-compiling /home/swati/VBM/ros2_ws/install/visual_servo/lib/python3.10/site-packages/visual_servo/error_pub.py to error_pub.cpython-310.pyc
byte-compiling /home/swati/VBM/ros2_ws/install/visual_servo/lib/python3.10/site-packages/visual_servo/ref_pub.py to ref_pub.cpython-310.pyc
running install_data
running install_egg_info
removing '/home/swati/VBM/ros2_ws/install/visual_servo/lib/python3.10/site-packages/visual_servo-0.0.0-py3.10.egg-info' (and everything under it)
Copying ../../build/visual_servo/visual_servo.egg-info to /home/swati/VBM/ros2_ws/install/visual_servo/lib/python3.10/site-packages/visual_servo-0.0.0-py3.10.egg-info
running install_scripts
writing list of installed files to '/home/swati/VBM/ros2_ws/build/visual_servo/install.log'
