[0.577s] Invoking command in '/home/swati/VBM/ros2_ws/src/visual_servo': PYTHONPATH=/home/swati/VBM/ros2_ws/build/visual_servo/prefix_override:/usr/lib/python3/dist-packages/colcon_core/task/python/colcon_distutils_commands:/home/swati/VBM/ros2_ws/install/visual_servo/lib/python3.10/site-packages:${PYTHONPATH} /usr/bin/python3 -W ignore:setup.py install is deprecated setup.py egg_info --egg-base ../../build/visual_servo build --build-base /home/swati/VBM/ros2_ws/build/visual_servo/build install --record /home/swati/VBM/ros2_ws/build/visual_servo/install.log --single-version-externally-managed install_data
[0.723s] running egg_info
[0.724s] writing ../../build/visual_servo/visual_servo.egg-info/PKG-INFO
[0.724s] writing dependency_links to ../../build/visual_servo/visual_servo.egg-info/dependency_links.txt
[0.724s] writing entry points to ../../build/visual_servo/visual_servo.egg-info/entry_points.txt
[0.724s] writing requirements to ../../build/visual_servo/visual_servo.egg-info/requires.txt
[0.724s] writing top-level names to ../../build/visual_servo/visual_servo.egg-info/top_level.txt
[0.726s] reading manifest file '../../build/visual_servo/visual_servo.egg-info/SOURCES.txt'
[0.726s] adding license file 'LICENSE'
[0.726s] writing manifest file '../../build/visual_servo/visual_servo.egg-info/SOURCES.txt'
[0.726s] running build
[0.727s] running build_py
[0.727s] copying visual_servo/error_pub.py -> /home/swati/VBM/ros2_ws/build/visual_servo/build/lib/visual_servo
[0.727s] copying visual_servo/ref_pub.py -> /home/swati/VBM/ros2_ws/build/visual_servo/build/lib/visual_servo
[0.727s] running install
[0.727s] running install_lib
[0.727s] copying /home/swati/VBM/ros2_ws/build/visual_servo/build/lib/visual_servo/error_pub.py -> /home/swati/VBM/ros2_ws/install/visual_servo/lib/python3.10/site-packages/visual_servo
[0.727s] copying /home/swati/VBM/ros2_ws/build/visual_servo/build/lib/visual_servo/ref_pub.py -> /home/swati/VBM/ros2_ws/install/visual_servo/lib/python3.10/site-packages/visual_servo
[0.727s] byte-compiling /home/swati/VBM/ros2_ws/install/visual_servo/lib/python3.10/site-packages/visual_servo/error_pub.py to error_pub.cpython-310.pyc
[0.727s] byte-compiling /home/swati/VBM/ros2_ws/install/visual_servo/lib/python3.10/site-packages/visual_servo/ref_pub.py to ref_pub.cpython-310.pyc
[0.728s] running install_data
[0.728s] running install_egg_info
[0.729s] removing '/home/swati/VBM/ros2_ws/install/visual_servo/lib/python3.10/site-packages/visual_servo-0.0.0-py3.10.egg-info' (and everything under it)
[0.729s] Copying ../../build/visual_servo/visual_servo.egg-info to /home/swati/VBM/ros2_ws/install/visual_servo/lib/python3.10/site-packages/visual_servo-0.0.0-py3.10.egg-info
[0.729s] running install_scripts
[0.742s] writing list of installed files to '/home/swati/VBM/ros2_ws/build/visual_servo/install.log'
[0.757s] Invoked command in '/home/swati/VBM/ros2_ws/src/visual_servo' returned '0': PYTHONPATH=/home/swati/VBM/ros2_ws/build/visual_servo/prefix_override:/usr/lib/python3/dist-packages/colcon_core/task/python/colcon_distutils_commands:/home/swati/VBM/ros2_ws/install/visual_servo/lib/python3.10/site-packages:${PYTHONPATH} /usr/bin/python3 -W ignore:setup.py install is deprecated setup.py egg_info --egg-base ../../build/visual_servo build --build-base /home/swati/VBM/ros2_ws/build/visual_servo/build install --record /home/swati/VBM/ros2_ws/build/visual_servo/install.log --single-version-externally-managed install_data
