[0.628s] Invoking command in '/home/swati/VBM/ros2_ws/src/visual_servo': PYTHONPATH=/home/swati/VBM/ros2_ws/build/visual_servo/prefix_override:/usr/lib/python3/dist-packages/colcon_core/task/python/colcon_distutils_commands:/home/swati/VBM/ros2_ws/install/visual_servo/lib/python3.10/site-packages:${PYTHONPATH} /usr/bin/python3 -W ignore:setup.py install is deprecated setup.py egg_info --egg-base ../../build/visual_servo build --build-base /home/swati/VBM/ros2_ws/build/visual_servo/build install --record /home/swati/VBM/ros2_ws/build/visual_servo/install.log --single-version-externally-managed install_data
[0.777s] running egg_info
[0.778s] writing ../../build/visual_servo/visual_servo.egg-info/PKG-INFO
[0.778s] writing dependency_links to ../../build/visual_servo/visual_servo.egg-info/dependency_links.txt
[0.778s] writing entry points to ../../build/visual_servo/visual_servo.egg-info/entry_points.txt
[0.778s] writing requirements to ../../build/visual_servo/visual_servo.egg-info/requires.txt
[0.778s] writing top-level names to ../../build/visual_servo/visual_servo.egg-info/top_level.txt
[0.780s] reading manifest file '../../build/visual_servo/visual_servo.egg-info/SOURCES.txt'
[0.780s] adding license file 'LICENSE'
[0.780s] writing manifest file '../../build/visual_servo/visual_servo.egg-info/SOURCES.txt'
[0.780s] running build
[0.780s] running build_py
[0.780s] copying visual_servo/controller.py -> /home/swati/VBM/ros2_ws/build/visual_servo/build/lib/visual_servo
[0.780s] running install
[0.781s] running install_lib
[0.781s] copying /home/swati/VBM/ros2_ws/build/visual_servo/build/lib/visual_servo/controller.py -> /home/swati/VBM/ros2_ws/install/visual_servo/lib/python3.10/site-packages/visual_servo
[0.781s] byte-compiling /home/swati/VBM/ros2_ws/install/visual_servo/lib/python3.10/site-packages/visual_servo/controller.py to controller.cpython-310.pyc
[0.782s] running install_data
[0.782s] running install_egg_info
[0.783s] removing '/home/swati/VBM/ros2_ws/install/visual_servo/lib/python3.10/site-packages/visual_servo-0.0.0-py3.10.egg-info' (and everything under it)
[0.783s] Copying ../../build/visual_servo/visual_servo.egg-info to /home/swati/VBM/ros2_ws/install/visual_servo/lib/python3.10/site-packages/visual_servo-0.0.0-py3.10.egg-info
[0.784s] running install_scripts
[0.797s] Installing servo_controller script to /home/swati/VBM/ros2_ws/install/visual_servo/lib/visual_servo
[0.797s] writing list of installed files to '/home/swati/VBM/ros2_ws/build/visual_servo/install.log'
[0.815s] Invoked command in '/home/swati/VBM/ros2_ws/src/visual_servo' returned '0': PYTHONPATH=/home/swati/VBM/ros2_ws/build/visual_servo/prefix_override:/usr/lib/python3/dist-packages/colcon_core/task/python/colcon_distutils_commands:/home/swati/VBM/ros2_ws/install/visual_servo/lib/python3.10/site-packages:${PYTHONPATH} /usr/bin/python3 -W ignore:setup.py install is deprecated setup.py egg_info --egg-base ../../build/visual_servo build --build-base /home/swati/VBM/ros2_ws/build/visual_servo/build install --record /home/swati/VBM/ros2_ws/build/visual_servo/install.log --single-version-externally-managed install_data
