[0.015s] Invoking command in '/home/swati/VBM/ros2_ws/build/custom_interfaces': CMAKE_PREFIX_PATH=${CMAKE_PREFIX_PATH}:/home/swati/VBM/ros2_ws/install/visual_servo:/home/swati/VBM/ros2_ws/install/opencv_test_py:/opt/ros/humble /usr/bin/cmake --build /home/swati/VBM/ros2_ws/build/custom_interfaces -- -j20 -l20
[0.212s] [ 10%] Built target custom_interfaces__rosidl_generator_c
[0.213s] [ 12%] Built target custom_interfaces__cpp
[0.213s] [ 12%] Built target ament_cmake_python_copy_custom_interfaces
[0.213s] [ 23%] Built target custom_interfaces__rosidl_typesupport_cpp
[0.213s] [ 33%] Built target custom_interfaces__rosidl_typesupport_introspection_cpp
[0.213s] [ 43%] Built target custom_interfaces__rosidl_typesupport_c
[0.213s] [ 53%] Built target custom_interfaces__rosidl_typesupport_fastrtps_c
[0.213s] [ 64%] Built target custom_interfaces__rosidl_typesupport_introspection_c
[0.213s] [ 74%] Built target custom_interfaces__rosidl_typesupport_fastrtps_cpp
[0.213s] [ 74%] Built target custom_interfaces
[0.213s] [ 76%] Built target custom_interfaces__py
[0.213s] [ 84%] Built target custom_interfaces__rosidl_generator_py
[0.213s] [ 89%] Built target custom_interfaces__rosidl_typesupport_c__pyext
[0.213s] [ 94%] Built target custom_interfaces__rosidl_typesupport_introspection_c__pyext
[0.213s] [100%] Built target custom_interfaces__rosidl_typesupport_fastrtps_c__pyext
[0.255s] running egg_info
[0.255s] writing custom_interfaces.egg-info/PKG-INFO
[0.255s] writing dependency_links to custom_interfaces.egg-info/dependency_links.txt
[0.255s] writing top-level names to custom_interfaces.egg-info/top_level.txt
[0.257s] reading manifest file 'custom_interfaces.egg-info/SOURCES.txt'
[0.257s] writing manifest file 'custom_interfaces.egg-info/SOURCES.txt'
[0.279s] [100%] Built target ament_cmake_python_build_custom_interfaces_egg
[0.394s] Invoked command in '/home/swati/VBM/ros2_ws/build/custom_interfaces' returned '0': CMAKE_PREFIX_PATH=${CMAKE_PREFIX_PATH}:/home/swati/VBM/ros2_ws/install/visual_servo:/home/swati/VBM/ros2_ws/install/opencv_test_py:/opt/ros/humble /usr/bin/cmake --build /home/swati/VBM/ros2_ws/build/custom_interfaces -- -j20 -l20
[0.485s] Invoking command in '/home/swati/VBM/ros2_ws/build/custom_interfaces': CMAKE_PREFIX_PATH=${CMAKE_PREFIX_PATH}:/home/swati/VBM/ros2_ws/install/visual_servo:/home/swati/VBM/ros2_ws/install/opencv_test_py:/opt/ros/humble /usr/bin/cmake --install /home/swati/VBM/ros2_ws/build/custom_interfaces
[0.494s] -- Install configuration: ""
[0.494s] -- Up-to-date: /home/swati/VBM/ros2_ws/install/custom_interfaces/share/ament_index/resource_index/rosidl_interfaces/custom_interfaces
[0.494s] -- Up-to-date: /home/swati/VBM/ros2_ws/install/custom_interfaces/include/custom_interfaces/custom_interfaces
[0.494s] -- Up-to-date: /home/swati/VBM/ros2_ws/install/custom_interfaces/include/custom_interfaces/custom_interfaces/srv
[0.494s] -- Up-to-date: /home/swati/VBM/ros2_ws/install/custom_interfaces/include/custom_interfaces/custom_interfaces/srv/detail
[0.494s] -- Up-to-date: /home/swati/VBM/ros2_ws/install/custom_interfaces/include/custom_interfaces/custom_interfaces/srv/detail/features_loc__type_support.h
[0.494s] -- Up-to-date: /home/swati/VBM/ros2_ws/install/custom_interfaces/include/custom_interfaces/custom_interfaces/srv/detail/features_loc__struct.h
[0.494s] -- Up-to-date: /home/swati/VBM/ros2_ws/install/custom_interfaces/include/custom_interfaces/custom_interfaces/srv/detail/features_loc__functions.h
[0.494s] -- Up-to-date: /home/swati/VBM/ros2_ws/install/custom_interfaces/include/custom_interfaces/custom_interfaces/srv/detail/features_loc__functions.c
[0.495s] -- Up-to-date: /home/swati/VBM/ros2_ws/install/custom_interfaces/include/custom_interfaces/custom_interfaces/srv/features_loc.h
[0.495s] -- Up-to-date: /home/swati/VBM/ros2_ws/install/custom_interfaces/include/custom_interfaces/custom_interfaces/msg
[0.495s] -- Up-to-date: /home/swati/VBM/ros2_ws/install/custom_interfaces/include/custom_interfaces/custom_interfaces/msg/detail
[0.495s] -- Up-to-date: /home/swati/VBM/ros2_ws/install/custom_interfaces/include/custom_interfaces/custom_interfaces/msg/detail/point_array__functions.h
[0.495s] -- Up-to-date: /home/swati/VBM/ros2_ws/install/custom_interfaces/include/custom_interfaces/custom_interfaces/msg/detail/point_array__struct.h
[0.495s] -- Up-to-date: /home/swati/VBM/ros2_ws/install/custom_interfaces/include/custom_interfaces/custom_interfaces/msg/detail/point_array__functions.c
[0.495s] -- Up-to-date: /home/swati/VBM/ros2_ws/install/custom_interfaces/include/custom_interfaces/custom_interfaces/msg/detail/point_array__type_support.h
[0.495s] -- Up-to-date: /home/swati/VBM/ros2_ws/install/custom_interfaces/include/custom_interfaces/custom_interfaces/msg/point_array.h
[0.495s] -- Up-to-date: /home/swati/VBM/ros2_ws/install/custom_interfaces/include/custom_interfaces/custom_interfaces/msg/rosidl_generator_c__visibility_control.h
[0.495s] -- Up-to-date: /home/swati/VBM/ros2_ws/install/custom_interfaces/share/custom_interfaces/environment/library_path.sh
[0.495s] -- Up-to-date: /home/swati/VBM/ros2_ws/install/custom_interfaces/share/custom_interfaces/environment/library_path.dsv
[0.495s] -- Up-to-date: /home/swati/VBM/ros2_ws/install/custom_interfaces/lib/libcustom_interfaces__rosidl_generator_c.so
[0.495s] -- Up-to-date: /home/swati/VBM/ros2_ws/install/custom_interfaces/include/custom_interfaces/custom_interfaces
[0.495s] -- Up-to-date: /home/swati/VBM/ros2_ws/install/custom_interfaces/include/custom_interfaces/custom_interfaces/srv
[0.495s] -- Up-to-date: /home/swati/VBM/ros2_ws/install/custom_interfaces/include/custom_interfaces/custom_interfaces/srv/detail
[0.495s] -- Up-to-date: /home/swati/VBM/ros2_ws/install/custom_interfaces/include/custom_interfaces/custom_interfaces/srv/detail/features_loc__rosidl_typesupport_fastrtps_c.h
[0.495s] -- Up-to-date: /home/swati/VBM/ros2_ws/install/custom_interfaces/include/custom_interfaces/custom_interfaces/msg
[0.495s] -- Up-to-date: /home/swati/VBM/ros2_ws/install/custom_interfaces/include/custom_interfaces/custom_interfaces/msg/rosidl_typesupport_fastrtps_c__visibility_control.h
[0.495s] -- Up-to-date: /home/swati/VBM/ros2_ws/install/custom_interfaces/include/custom_interfaces/custom_interfaces/msg/detail
[0.496s] -- Up-to-date: /home/swati/VBM/ros2_ws/install/custom_interfaces/include/custom_interfaces/custom_interfaces/msg/detail/point_array__rosidl_typesupport_fastrtps_c.h
[0.496s] -- Up-to-date: /home/swati/VBM/ros2_ws/install/custom_interfaces/lib/libcustom_interfaces__rosidl_typesupport_fastrtps_c.so
[0.496s] -- Up-to-date: /home/swati/VBM/ros2_ws/install/custom_interfaces/include/custom_interfaces/custom_interfaces
[0.496s] -- Up-to-date: /home/swati/VBM/ros2_ws/install/custom_interfaces/include/custom_interfaces/custom_interfaces/srv
[0.496s] -- Up-to-date: /home/swati/VBM/ros2_ws/install/custom_interfaces/include/custom_interfaces/custom_interfaces/srv/features_loc.hpp
[0.496s] -- Up-to-date: /home/swati/VBM/ros2_ws/install/custom_interfaces/include/custom_interfaces/custom_interfaces/srv/detail
[0.496s] -- Up-to-date: /home/swati/VBM/ros2_ws/install/custom_interfaces/include/custom_interfaces/custom_interfaces/srv/detail/features_loc__traits.hpp
[0.496s] -- Up-to-date: /home/swati/VBM/ros2_ws/install/custom_interfaces/include/custom_interfaces/custom_interfaces/srv/detail/features_loc__builder.hpp
[0.496s] -- Up-to-date: /home/swati/VBM/ros2_ws/install/custom_interfaces/include/custom_interfaces/custom_interfaces/srv/detail/features_loc__struct.hpp
[0.496s] -- Up-to-date: /home/swati/VBM/ros2_ws/install/custom_interfaces/include/custom_interfaces/custom_interfaces/msg
[0.496s] -- Up-to-date: /home/swati/VBM/ros2_ws/install/custom_interfaces/include/custom_interfaces/custom_interfaces/msg/point_array.hpp
[0.496s] -- Up-to-date: /home/swati/VBM/ros2_ws/install/custom_interfaces/include/custom_interfaces/custom_interfaces/msg/detail
[0.496s] -- Up-to-date: /home/swati/VBM/ros2_ws/install/custom_interfaces/include/custom_interfaces/custom_interfaces/msg/detail/point_array__builder.hpp
[0.496s] -- Up-to-date: /home/swati/VBM/ros2_ws/install/custom_interfaces/include/custom_interfaces/custom_interfaces/msg/detail/point_array__struct.hpp
[0.496s] -- Up-to-date: /home/swati/VBM/ros2_ws/install/custom_interfaces/include/custom_interfaces/custom_interfaces/msg/detail/point_array__traits.hpp
[0.496s] -- Up-to-date: /home/swati/VBM/ros2_ws/install/custom_interfaces/include/custom_interfaces/custom_interfaces
[0.496s] -- Up-to-date: /home/swati/VBM/ros2_ws/install/custom_interfaces/include/custom_interfaces/custom_interfaces/srv
[0.496s] -- Up-to-date: /home/swati/VBM/ros2_ws/install/custom_interfaces/include/custom_interfaces/custom_interfaces/srv/detail
[0.497s] -- Up-to-date: /home/swati/VBM/ros2_ws/install/custom_interfaces/include/custom_interfaces/custom_interfaces/srv/detail/features_loc__rosidl_typesupport_fastrtps_cpp.hpp
[0.497s] -- Up-to-date: /home/swati/VBM/ros2_ws/install/custom_interfaces/include/custom_interfaces/custom_interfaces/srv/detail/dds_fastrtps
[0.497s] -- Up-to-date: /home/swati/VBM/ros2_ws/install/custom_interfaces/include/custom_interfaces/custom_interfaces/msg
[0.497s] -- Up-to-date: /home/swati/VBM/ros2_ws/install/custom_interfaces/include/custom_interfaces/custom_interfaces/msg/rosidl_typesupport_fastrtps_cpp__visibility_control.h
[0.497s] -- Up-to-date: /home/swati/VBM/ros2_ws/install/custom_interfaces/include/custom_interfaces/custom_interfaces/msg/detail
[0.497s] -- Up-to-date: /home/swati/VBM/ros2_ws/install/custom_interfaces/include/custom_interfaces/custom_interfaces/msg/detail/point_array__rosidl_typesupport_fastrtps_cpp.hpp
[0.497s] -- Up-to-date: /home/swati/VBM/ros2_ws/install/custom_interfaces/include/custom_interfaces/custom_interfaces/msg/detail/dds_fastrtps
[0.497s] -- Up-to-date: /home/swati/VBM/ros2_ws/install/custom_interfaces/lib/libcustom_interfaces__rosidl_typesupport_fastrtps_cpp.so
[0.497s] -- Up-to-date: /home/swati/VBM/ros2_ws/install/custom_interfaces/include/custom_interfaces/custom_interfaces
[0.497s] -- Up-to-date: /home/swati/VBM/ros2_ws/install/custom_interfaces/include/custom_interfaces/custom_interfaces/srv
[0.497s] -- Up-to-date: /home/swati/VBM/ros2_ws/install/custom_interfaces/include/custom_interfaces/custom_interfaces/srv/detail
[0.497s] -- Up-to-date: /home/swati/VBM/ros2_ws/install/custom_interfaces/include/custom_interfaces/custom_interfaces/srv/detail/features_loc__type_support.c
[0.497s] -- Up-to-date: /home/swati/VBM/ros2_ws/install/custom_interfaces/include/custom_interfaces/custom_interfaces/srv/detail/features_loc__rosidl_typesupport_introspection_c.h
[0.497s] -- Up-to-date: /home/swati/VBM/ros2_ws/install/custom_interfaces/include/custom_interfaces/custom_interfaces/msg
[0.497s] -- Up-to-date: /home/swati/VBM/ros2_ws/install/custom_interfaces/include/custom_interfaces/custom_interfaces/msg/rosidl_typesupport_introspection_c__visibility_control.h
[0.497s] -- Up-to-date: /home/swati/VBM/ros2_ws/install/custom_interfaces/include/custom_interfaces/custom_interfaces/msg/detail
[0.497s] -- Up-to-date: /home/swati/VBM/ros2_ws/install/custom_interfaces/include/custom_interfaces/custom_interfaces/msg/detail/point_array__type_support.c
[0.497s] -- Up-to-date: /home/swati/VBM/ros2_ws/install/custom_interfaces/include/custom_interfaces/custom_interfaces/msg/detail/point_array__rosidl_typesupport_introspection_c.h
[0.497s] -- Up-to-date: /home/swati/VBM/ros2_ws/install/custom_interfaces/lib/libcustom_interfaces__rosidl_typesupport_introspection_c.so
[0.497s] -- Up-to-date: /home/swati/VBM/ros2_ws/install/custom_interfaces/lib/libcustom_interfaces__rosidl_typesupport_c.so
[0.497s] -- Up-to-date: /home/swati/VBM/ros2_ws/install/custom_interfaces/include/custom_interfaces/custom_interfaces
[0.497s] -- Up-to-date: /home/swati/VBM/ros2_ws/install/custom_interfaces/include/custom_interfaces/custom_interfaces/srv
[0.497s] -- Up-to-date: /home/swati/VBM/ros2_ws/install/custom_interfaces/include/custom_interfaces/custom_interfaces/srv/detail
[0.498s] -- Up-to-date: /home/swati/VBM/ros2_ws/install/custom_interfaces/include/custom_interfaces/custom_interfaces/srv/detail/features_loc__type_support.cpp
[0.498s] -- Up-to-date: /home/swati/VBM/ros2_ws/install/custom_interfaces/include/custom_interfaces/custom_interfaces/srv/detail/features_loc__rosidl_typesupport_introspection_cpp.hpp
[0.498s] -- Up-to-date: /home/swati/VBM/ros2_ws/install/custom_interfaces/include/custom_interfaces/custom_interfaces/msg
[0.498s] -- Up-to-date: /home/swati/VBM/ros2_ws/install/custom_interfaces/include/custom_interfaces/custom_interfaces/msg/detail
[0.498s] -- Up-to-date: /home/swati/VBM/ros2_ws/install/custom_interfaces/include/custom_interfaces/custom_interfaces/msg/detail/point_array__rosidl_typesupport_introspection_cpp.hpp
[0.498s] -- Up-to-date: /home/swati/VBM/ros2_ws/install/custom_interfaces/include/custom_interfaces/custom_interfaces/msg/detail/point_array__type_support.cpp
[0.498s] -- Up-to-date: /home/swati/VBM/ros2_ws/install/custom_interfaces/lib/libcustom_interfaces__rosidl_typesupport_introspection_cpp.so
[0.498s] -- Up-to-date: /home/swati/VBM/ros2_ws/install/custom_interfaces/lib/libcustom_interfaces__rosidl_typesupport_cpp.so
[0.498s] -- Up-to-date: /home/swati/VBM/ros2_ws/install/custom_interfaces/share/custom_interfaces/environment/pythonpath.sh
[0.498s] -- Up-to-date: /home/swati/VBM/ros2_ws/install/custom_interfaces/share/custom_interfaces/environment/pythonpath.dsv
[0.498s] -- Up-to-date: /home/swati/VBM/ros2_ws/install/custom_interfaces/local/lib/python3.10/dist-packages/custom_interfaces-0.0.0-py3.10.egg-info
[0.498s] -- Installing: /home/swati/VBM/ros2_ws/install/custom_interfaces/local/lib/python3.10/dist-packages/custom_interfaces-0.0.0-py3.10.egg-info/top_level.txt
[0.498s] -- Installing: /home/swati/VBM/ros2_ws/install/custom_interfaces/local/lib/python3.10/dist-packages/custom_interfaces-0.0.0-py3.10.egg-info/PKG-INFO
[0.498s] -- Installing: /home/swati/VBM/ros2_ws/install/custom_interfaces/local/lib/python3.10/dist-packages/custom_interfaces-0.0.0-py3.10.egg-info/SOURCES.txt
[0.498s] -- Installing: /home/swati/VBM/ros2_ws/install/custom_interfaces/local/lib/python3.10/dist-packages/custom_interfaces-0.0.0-py3.10.egg-info/dependency_links.txt
[0.498s] -- Up-to-date: /home/swati/VBM/ros2_ws/install/custom_interfaces/local/lib/python3.10/dist-packages/custom_interfaces
[0.498s] -- Up-to-date: /home/swati/VBM/ros2_ws/install/custom_interfaces/local/lib/python3.10/dist-packages/custom_interfaces/_custom_interfaces_s.ep.rosidl_typesupport_c.c
[0.498s] -- Up-to-date: /home/swati/VBM/ros2_ws/install/custom_interfaces/local/lib/python3.10/dist-packages/custom_interfaces/_custom_interfaces_s.ep.rosidl_typesupport_fastrtps_c.c
[0.498s] -- Up-to-date: /home/swati/VBM/ros2_ws/install/custom_interfaces/local/lib/python3.10/dist-packages/custom_interfaces/custom_interfaces_s__rosidl_typesupport_introspection_c.cpython-310-x86_64-linux-gnu.so
[0.498s] -- Up-to-date: /home/swati/VBM/ros2_ws/install/custom_interfaces/local/lib/python3.10/dist-packages/custom_interfaces/srv
[0.498s] -- Up-to-date: /home/swati/VBM/ros2_ws/install/custom_interfaces/local/lib/python3.10/dist-packages/custom_interfaces/srv/_features_loc_s.c
[0.498s] -- Up-to-date: /home/swati/VBM/ros2_ws/install/custom_interfaces/local/lib/python3.10/dist-packages/custom_interfaces/srv/_features_loc.py
[0.498s] -- Up-to-date: /home/swati/VBM/ros2_ws/install/custom_interfaces/local/lib/python3.10/dist-packages/custom_interfaces/srv/__init__.py
[0.498s] -- Up-to-date: /home/swati/VBM/ros2_ws/install/custom_interfaces/local/lib/python3.10/dist-packages/custom_interfaces/__init__.py
[0.498s] -- Up-to-date: /home/swati/VBM/ros2_ws/install/custom_interfaces/local/lib/python3.10/dist-packages/custom_interfaces/custom_interfaces_s__rosidl_typesupport_fastrtps_c.cpython-310-x86_64-linux-gnu.so
[0.499s] -- Up-to-date: /home/swati/VBM/ros2_ws/install/custom_interfaces/local/lib/python3.10/dist-packages/custom_interfaces/msg
[0.499s] -- Up-to-date: /home/swati/VBM/ros2_ws/install/custom_interfaces/local/lib/python3.10/dist-packages/custom_interfaces/msg/_point_array.py
[0.499s] -- Up-to-date: /home/swati/VBM/ros2_ws/install/custom_interfaces/local/lib/python3.10/dist-packages/custom_interfaces/msg/__init__.py
[0.499s] -- Up-to-date: /home/swati/VBM/ros2_ws/install/custom_interfaces/local/lib/python3.10/dist-packages/custom_interfaces/msg/_point_array_s.c
[0.499s] -- Up-to-date: /home/swati/VBM/ros2_ws/install/custom_interfaces/local/lib/python3.10/dist-packages/custom_interfaces/custom_interfaces_s__rosidl_typesupport_c.cpython-310-x86_64-linux-gnu.so
[0.499s] -- Up-to-date: /home/swati/VBM/ros2_ws/install/custom_interfaces/local/lib/python3.10/dist-packages/custom_interfaces/_custom_interfaces_s.ep.rosidl_typesupport_introspection_c.c
[0.499s] -- Up-to-date: /home/swati/VBM/ros2_ws/install/custom_interfaces/local/lib/python3.10/dist-packages/custom_interfaces/libcustom_interfaces__rosidl_generator_py.so
[0.528s] Listing '/home/swati/VBM/ros2_ws/install/custom_interfaces/local/lib/python3.10/dist-packages/custom_interfaces'...
[0.528s] Listing '/home/swati/VBM/ros2_ws/install/custom_interfaces/local/lib/python3.10/dist-packages/custom_interfaces/msg'...
[0.528s] Listing '/home/swati/VBM/ros2_ws/install/custom_interfaces/local/lib/python3.10/dist-packages/custom_interfaces/srv'...
[0.534s] -- Up-to-date: /home/swati/VBM/ros2_ws/install/custom_interfaces/local/lib/python3.10/dist-packages/custom_interfaces/custom_interfaces_s__rosidl_typesupport_fastrtps_c.cpython-310-x86_64-linux-gnu.so
[0.534s] -- Up-to-date: /home/swati/VBM/ros2_ws/install/custom_interfaces/local/lib/python3.10/dist-packages/custom_interfaces/custom_interfaces_s__rosidl_typesupport_introspection_c.cpython-310-x86_64-linux-gnu.so
[0.534s] -- Up-to-date: /home/swati/VBM/ros2_ws/install/custom_interfaces/local/lib/python3.10/dist-packages/custom_interfaces/custom_interfaces_s__rosidl_typesupport_c.cpython-310-x86_64-linux-gnu.so
[0.535s] -- Up-to-date: /home/swati/VBM/ros2_ws/install/custom_interfaces/lib/libcustom_interfaces__rosidl_generator_py.so
[0.535s] -- Up-to-date: /home/swati/VBM/ros2_ws/install/custom_interfaces/share/custom_interfaces/msg/PointArray.idl
[0.536s] -- Up-to-date: /home/swati/VBM/ros2_ws/install/custom_interfaces/share/custom_interfaces/srv/FeaturesLoc.idl
[0.536s] -- Up-to-date: /home/swati/VBM/ros2_ws/install/custom_interfaces/share/custom_interfaces/msg/PointArray.msg
[0.536s] -- Up-to-date: /home/swati/VBM/ros2_ws/install/custom_interfaces/share/custom_interfaces/srv/FeaturesLoc.srv
[0.536s] -- Up-to-date: /home/swati/VBM/ros2_ws/install/custom_interfaces/share/custom_interfaces/srv/FeaturesLoc_Request.msg
[0.536s] -- Up-to-date: /home/swati/VBM/ros2_ws/install/custom_interfaces/share/custom_interfaces/srv/FeaturesLoc_Response.msg
[0.537s] -- Up-to-date: /home/swati/VBM/ros2_ws/install/custom_interfaces/share/ament_index/resource_index/package_run_dependencies/custom_interfaces
[0.537s] -- Up-to-date: /home/swati/VBM/ros2_ws/install/custom_interfaces/share/ament_index/resource_index/parent_prefix_path/custom_interfaces
[0.537s] -- Up-to-date: /home/swati/VBM/ros2_ws/install/custom_interfaces/share/custom_interfaces/environment/ament_prefix_path.sh
[0.537s] -- Up-to-date: /home/swati/VBM/ros2_ws/install/custom_interfaces/share/custom_interfaces/environment/ament_prefix_path.dsv
[0.537s] -- Up-to-date: /home/swati/VBM/ros2_ws/install/custom_interfaces/share/custom_interfaces/environment/path.sh
[0.537s] -- Up-to-date: /home/swati/VBM/ros2_ws/install/custom_interfaces/share/custom_interfaces/environment/path.dsv
[0.537s] -- Up-to-date: /home/swati/VBM/ros2_ws/install/custom_interfaces/share/custom_interfaces/local_setup.bash
[0.537s] -- Up-to-date: /home/swati/VBM/ros2_ws/install/custom_interfaces/share/custom_interfaces/local_setup.sh
[0.537s] -- Up-to-date: /home/swati/VBM/ros2_ws/install/custom_interfaces/share/custom_interfaces/local_setup.zsh
[0.538s] -- Up-to-date: /home/swati/VBM/ros2_ws/install/custom_interfaces/share/custom_interfaces/local_setup.dsv
[0.538s] -- Installing: /home/swati/VBM/ros2_ws/install/custom_interfaces/share/custom_interfaces/package.dsv
[0.538s] -- Up-to-date: /home/swati/VBM/ros2_ws/install/custom_interfaces/share/ament_index/resource_index/packages/custom_interfaces
[0.538s] -- Up-to-date: /home/swati/VBM/ros2_ws/install/custom_interfaces/share/custom_interfaces/cmake/export_custom_interfaces__rosidl_generator_cExport.cmake
[0.538s] -- Up-to-date: /home/swati/VBM/ros2_ws/install/custom_interfaces/share/custom_interfaces/cmake/export_custom_interfaces__rosidl_generator_cExport-noconfig.cmake
[0.538s] -- Up-to-date: /home/swati/VBM/ros2_ws/install/custom_interfaces/share/custom_interfaces/cmake/export_custom_interfaces__rosidl_typesupport_fastrtps_cExport.cmake
[0.538s] -- Up-to-date: /home/swati/VBM/ros2_ws/install/custom_interfaces/share/custom_interfaces/cmake/export_custom_interfaces__rosidl_typesupport_fastrtps_cExport-noconfig.cmake
[0.538s] -- Up-to-date: /home/swati/VBM/ros2_ws/install/custom_interfaces/share/custom_interfaces/cmake/export_custom_interfaces__rosidl_generator_cppExport.cmake
[0.538s] -- Up-to-date: /home/swati/VBM/ros2_ws/install/custom_interfaces/share/custom_interfaces/cmake/export_custom_interfaces__rosidl_typesupport_fastrtps_cppExport.cmake
[0.539s] -- Up-to-date: /home/swati/VBM/ros2_ws/install/custom_interfaces/share/custom_interfaces/cmake/export_custom_interfaces__rosidl_typesupport_fastrtps_cppExport-noconfig.cmake
[0.539s] -- Up-to-date: /home/swati/VBM/ros2_ws/install/custom_interfaces/share/custom_interfaces/cmake/custom_interfaces__rosidl_typesupport_introspection_cExport.cmake
[0.539s] -- Up-to-date: /home/swati/VBM/ros2_ws/install/custom_interfaces/share/custom_interfaces/cmake/custom_interfaces__rosidl_typesupport_introspection_cExport-noconfig.cmake
[0.539s] -- Up-to-date: /home/swati/VBM/ros2_ws/install/custom_interfaces/share/custom_interfaces/cmake/custom_interfaces__rosidl_typesupport_cExport.cmake
[0.539s] -- Up-to-date: /home/swati/VBM/ros2_ws/install/custom_interfaces/share/custom_interfaces/cmake/custom_interfaces__rosidl_typesupport_cExport-noconfig.cmake
[0.540s] -- Up-to-date: /home/swati/VBM/ros2_ws/install/custom_interfaces/share/custom_interfaces/cmake/custom_interfaces__rosidl_typesupport_introspection_cppExport.cmake
[0.540s] -- Up-to-date: /home/swati/VBM/ros2_ws/install/custom_interfaces/share/custom_interfaces/cmake/custom_interfaces__rosidl_typesupport_introspection_cppExport-noconfig.cmake
[0.541s] -- Up-to-date: /home/swati/VBM/ros2_ws/install/custom_interfaces/share/custom_interfaces/cmake/custom_interfaces__rosidl_typesupport_cppExport.cmake
[0.542s] -- Up-to-date: /home/swati/VBM/ros2_ws/install/custom_interfaces/share/custom_interfaces/cmake/custom_interfaces__rosidl_typesupport_cppExport-noconfig.cmake
[0.542s] -- Up-to-date: /home/swati/VBM/ros2_ws/install/custom_interfaces/share/custom_interfaces/cmake/export_custom_interfaces__rosidl_generator_pyExport.cmake
[0.542s] -- Up-to-date: /home/swati/VBM/ros2_ws/install/custom_interfaces/share/custom_interfaces/cmake/export_custom_interfaces__rosidl_generator_pyExport-noconfig.cmake
[0.542s] -- Up-to-date: /home/swati/VBM/ros2_ws/install/custom_interfaces/share/custom_interfaces/cmake/rosidl_cmake-extras.cmake
[0.542s] -- Up-to-date: /home/swati/VBM/ros2_ws/install/custom_interfaces/share/custom_interfaces/cmake/ament_cmake_export_dependencies-extras.cmake
[0.542s] -- Up-to-date: /home/swati/VBM/ros2_ws/install/custom_interfaces/share/custom_interfaces/cmake/ament_cmake_export_include_directories-extras.cmake
[0.542s] -- Up-to-date: /home/swati/VBM/ros2_ws/install/custom_interfaces/share/custom_interfaces/cmake/ament_cmake_export_libraries-extras.cmake
[0.543s] -- Up-to-date: /home/swati/VBM/ros2_ws/install/custom_interfaces/share/custom_interfaces/cmake/ament_cmake_export_targets-extras.cmake
[0.543s] -- Up-to-date: /home/swati/VBM/ros2_ws/install/custom_interfaces/share/custom_interfaces/cmake/rosidl_cmake_export_typesupport_targets-extras.cmake
[0.543s] -- Up-to-date: /home/swati/VBM/ros2_ws/install/custom_interfaces/share/custom_interfaces/cmake/rosidl_cmake_export_typesupport_libraries-extras.cmake
[0.543s] -- Up-to-date: /home/swati/VBM/ros2_ws/install/custom_interfaces/share/custom_interfaces/cmake/custom_interfacesConfig.cmake
[0.543s] -- Up-to-date: /home/swati/VBM/ros2_ws/install/custom_interfaces/share/custom_interfaces/cmake/custom_interfacesConfig-version.cmake
[0.543s] -- Up-to-date: /home/swati/VBM/ros2_ws/install/custom_interfaces/share/custom_interfaces/package.xml
[0.544s] Invoked command in '/home/swati/VBM/ros2_ws/build/custom_interfaces' returned '0': CMAKE_PREFIX_PATH=${CMAKE_PREFIX_PATH}:/home/swati/VBM/ros2_ws/install/visual_servo:/home/swati/VBM/ros2_ws/install/opencv_test_py:/opt/ros/humble /usr/bin/cmake --install /home/swati/VBM/ros2_ws/build/custom_interfaces
