[0.015s] Invoking command in '/home/swati/VBM/ros2_ws/build/custom_interfaces': CMAKE_PREFIX_PATH=${CMAKE_PREFIX_PATH}:/home/swati/VBM/ros2_ws/install/opencv_test_py:/opt/ros/humble /usr/bin/cmake --build /home/swati/VBM/ros2_ws/build/custom_interfaces -- -j20 -l20
[0.179s] -- Found ament_cmake: 1.3.10 (/opt/ros/humble/share/ament_cmake/cmake)
[0.179s] -- Found geometry_msgs: 4.2.4 (/opt/ros/humble/share/geometry_msgs/cmake)
[0.179s] -- Found rosidl_generator_c: 3.1.5 (/opt/ros/humble/share/rosidl_generator_c/cmake)
[0.179s] -- Found rosidl_adapter: 3.1.5 (/opt/ros/humble/share/rosidl_adapter/cmake)
[0.179s] -- Found rosidl_generator_cpp: 3.1.5 (/opt/ros/humble/share/rosidl_generator_cpp/cmake)
[0.179s] -- Using all available rosidl_typesupport_c: rosidl_typesupport_fastrtps_c;rosidl_typesupport_introspection_c
[0.179s] -- Using all available rosidl_typesupport_cpp: rosidl_typesupport_fastrtps_cpp;rosidl_typesupport_introspection_cpp
[0.182s] -- Found rosidl_default_generators: 1.2.0 (/opt/ros/humble/share/rosidl_default_generators/cmake)
[0.390s] -- Found ament_cmake_ros: 0.10.0 (/opt/ros/humble/share/ament_cmake_ros/cmake)
[0.690s] -- Using all available rosidl_typesupport_c: rosidl_typesupport_fastrtps_c;rosidl_typesupport_introspection_c
[0.805s] -- Using all available rosidl_typesupport_cpp: rosidl_typesupport_fastrtps_cpp;rosidl_typesupport_introspection_cpp
[0.825s] -- Found PythonInterp: /usr/bin/python3 (found suitable version "3.10.12", minimum required is "3.6") 
[0.826s] -- Found python_cmake_module: 0.10.0 (/opt/ros/humble/share/python_cmake_module/cmake)
[0.848s] -- Found PythonLibs: /usr/lib/x86_64-linux-gnu/libpython3.10.so (found suitable version "3.10.12", minimum required is "3.5") 
[0.848s] -- Using PYTHON_EXECUTABLE: /usr/bin/python3
[0.848s] -- Using PYTHON_INCLUDE_DIRS: /usr/include/python3.10
[0.848s] -- Using PYTHON_LIBRARIES: /usr/lib/x86_64-linux-gnu/libpython3.10.so
[0.864s] -- Found PythonExtra: .so  
[0.907s] -- Found ament_lint_auto: 0.12.11 (/opt/ros/humble/share/ament_lint_auto/cmake)
[0.914s] -- Added test 'lint_cmake' to check CMake code style
[0.914s] -- Added test 'xmllint' to check XML markup files
[0.916s] -- Configuring done
[0.936s] -- Generating done
[0.938s] -- Build files have been written to: /home/swati/VBM/ros2_ws/build/custom_interfaces
[0.959s] [  2%] [34m[1mGenerating C code for ROS interfaces[0m
[0.970s] [  5%] [34m[1mGenerating C++ code for ROS interfaces[0m
[0.974s] [  5%] Built target ament_cmake_python_copy_custom_interfaces
[1.124s] running egg_info
[1.125s] creating custom_interfaces.egg-info
[1.125s] writing custom_interfaces.egg-info/PKG-INFO
[1.125s] writing dependency_links to custom_interfaces.egg-info/dependency_links.txt
[1.125s] writing top-level names to custom_interfaces.egg-info/top_level.txt
[1.126s] writing manifest file 'custom_interfaces.egg-info/SOURCES.txt'
[1.126s] reading manifest file 'custom_interfaces.egg-info/SOURCES.txt'
[1.127s] writing manifest file 'custom_interfaces.egg-info/SOURCES.txt'
[1.148s] [  5%] Built target ament_cmake_python_build_custom_interfaces_egg
[1.170s] [  7%] [32mBuilding C object CMakeFiles/custom_interfaces__rosidl_generator_c.dir/rosidl_generator_c/custom_interfaces/srv/detail/features_loc__functions.c.o[0m
[1.170s] [ 10%] [32mBuilding C object CMakeFiles/custom_interfaces__rosidl_generator_c.dir/rosidl_generator_c/custom_interfaces/msg/detail/point_array__functions.c.o[0m
[1.181s] [ 10%] Built target custom_interfaces__cpp
[1.190s] [ 12%] [34m[1mGenerating C++ type support for eProsima Fast-RTPS[0m
[1.191s] [ 15%] [34m[1mGenerating C++ type support dispatch for ROS interfaces[0m
[1.191s] [ 17%] [34m[1mGenerating C++ introspection for ROS interfaces[0m
[1.226s] [ 20%] [32m[1mLinking C shared library libcustom_interfaces__rosidl_generator_c.so[0m
[1.262s] [ 20%] Built target custom_interfaces__rosidl_generator_c
[1.271s] [ 23%] [34m[1mGenerating C type support dispatch for ROS interfaces[0m
[1.271s] [ 25%] [34m[1mGenerating C type support for eProsima Fast-RTPS[0m
[1.271s] [ 28%] [34m[1mGenerating C introspection for ROS interfaces[0m
[1.354s] [ 30%] [32mBuilding CXX object CMakeFiles/custom_interfaces__rosidl_typesupport_cpp.dir/rosidl_typesupport_cpp/custom_interfaces/srv/features_loc__type_support.cpp.o[0m
[1.355s] [ 33%] [32mBuilding CXX object CMakeFiles/custom_interfaces__rosidl_typesupport_cpp.dir/rosidl_typesupport_cpp/custom_interfaces/msg/point_array__type_support.cpp.o[0m
[1.373s] [ 35%] [32mBuilding CXX object CMakeFiles/custom_interfaces__rosidl_typesupport_introspection_cpp.dir/rosidl_typesupport_introspection_cpp/custom_interfaces/msg/detail/point_array__type_support.cpp.o[0m
[1.373s] [ 38%] [32mBuilding CXX object CMakeFiles/custom_interfaces__rosidl_typesupport_introspection_cpp.dir/rosidl_typesupport_introspection_cpp/custom_interfaces/srv/detail/features_loc__type_support.cpp.o[0m
[1.377s] [ 41%] [32mBuilding CXX object CMakeFiles/custom_interfaces__rosidl_typesupport_fastrtps_cpp.dir/rosidl_typesupport_fastrtps_cpp/custom_interfaces/msg/detail/dds_fastrtps/point_array__type_support.cpp.o[0m
[1.379s] [ 43%] [32mBuilding CXX object CMakeFiles/custom_interfaces__rosidl_typesupport_fastrtps_cpp.dir/rosidl_typesupport_fastrtps_cpp/custom_interfaces/srv/detail/dds_fastrtps/features_loc__type_support.cpp.o[0m
[1.439s] [ 46%] [32mBuilding CXX object CMakeFiles/custom_interfaces__rosidl_typesupport_c.dir/rosidl_typesupport_c/custom_interfaces/srv/features_loc__type_support.cpp.o[0m
[1.440s] [ 48%] [32mBuilding CXX object CMakeFiles/custom_interfaces__rosidl_typesupport_c.dir/rosidl_typesupport_c/custom_interfaces/msg/point_array__type_support.cpp.o[0m
[1.460s] [ 51%] [32mBuilding C object CMakeFiles/custom_interfaces__rosidl_typesupport_introspection_c.dir/rosidl_typesupport_introspection_c/custom_interfaces/msg/detail/point_array__type_support.c.o[0m
[1.461s] [ 53%] [32mBuilding C object CMakeFiles/custom_interfaces__rosidl_typesupport_introspection_c.dir/rosidl_typesupport_introspection_c/custom_interfaces/srv/detail/features_loc__type_support.c.o[0m
[1.466s] [ 56%] [32m[1mLinking CXX shared library libcustom_interfaces__rosidl_typesupport_c.so[0m
[1.467s] [ 58%] [32mBuilding CXX object CMakeFiles/custom_interfaces__rosidl_typesupport_fastrtps_c.dir/rosidl_typesupport_fastrtps_c/custom_interfaces/srv/detail/features_loc__type_support_c.cpp.o[0m
[1.470s] [ 61%] [32mBuilding CXX object CMakeFiles/custom_interfaces__rosidl_typesupport_fastrtps_c.dir/rosidl_typesupport_fastrtps_c/custom_interfaces/msg/detail/point_array__type_support_c.cpp.o[0m
[1.489s] [ 64%] [32m[1mLinking C shared library libcustom_interfaces__rosidl_typesupport_introspection_c.so[0m
[1.502s] [ 64%] Built target custom_interfaces__rosidl_typesupport_c
[1.517s] [ 64%] Built target custom_interfaces__rosidl_typesupport_introspection_c
[1.633s] [ 66%] [32m[1mLinking CXX shared library libcustom_interfaces__rosidl_typesupport_cpp.so[0m
[1.654s] [ 69%] [32m[1mLinking CXX shared library libcustom_interfaces__rosidl_typesupport_fastrtps_cpp.so[0m
[1.669s] [ 69%] Built target custom_interfaces__rosidl_typesupport_cpp
[1.677s] [ 71%] [32m[1mLinking CXX shared library libcustom_interfaces__rosidl_typesupport_fastrtps_c.so[0m
[1.711s] [ 71%] Built target custom_interfaces__rosidl_typesupport_fastrtps_cpp
[1.735s] [ 71%] Built target custom_interfaces__rosidl_typesupport_fastrtps_c
[1.743s] [ 74%] [32m[1mLinking CXX shared library libcustom_interfaces__rosidl_typesupport_introspection_cpp.so[0m
[1.792s] [ 74%] Built target custom_interfaces__rosidl_typesupport_introspection_cpp
[1.814s] [ 74%] Built target custom_interfaces
[1.839s] [ 76%] [34m[1mGenerating Python code for ROS interfaces[0m
[2.104s] [ 76%] Built target custom_interfaces__py
[2.126s] [ 82%] [32mBuilding C object CMakeFiles/custom_interfaces__rosidl_generator_py.dir/rosidl_generator_py/custom_interfaces/srv/_features_loc_s.c.o[0m
[2.126s] [ 82%] [32mBuilding C object CMakeFiles/custom_interfaces__rosidl_generator_py.dir/rosidl_generator_py/custom_interfaces/msg/_point_array_s.c.o[0m
[2.210s] [ 84%] [32m[1mLinking C shared library rosidl_generator_py/custom_interfaces/libcustom_interfaces__rosidl_generator_py.so[0m
[2.256s] [ 84%] Built target custom_interfaces__rosidl_generator_py
[2.280s] [ 87%] [32mBuilding C object CMakeFiles/custom_interfaces__rosidl_typesupport_c__pyext.dir/rosidl_generator_py/custom_interfaces/_custom_interfaces_s.ep.rosidl_typesupport_c.c.o[0m
[2.282s] [ 89%] [32mBuilding C object CMakeFiles/custom_interfaces__rosidl_typesupport_fastrtps_c__pyext.dir/rosidl_generator_py/custom_interfaces/_custom_interfaces_s.ep.rosidl_typesupport_fastrtps_c.c.o[0m
[2.282s] [ 92%] [32mBuilding C object CMakeFiles/custom_interfaces__rosidl_typesupport_introspection_c__pyext.dir/rosidl_generator_py/custom_interfaces/_custom_interfaces_s.ep.rosidl_typesupport_introspection_c.c.o[0m
[2.354s] [ 97%] [32m[1mLinking C shared library rosidl_generator_py/custom_interfaces/custom_interfaces_s__rosidl_typesupport_introspection_c.cpython-310-x86_64-linux-gnu.so[0m
[2.354s] [ 97%] [32m[1mLinking C shared library rosidl_generator_py/custom_interfaces/custom_interfaces_s__rosidl_typesupport_fastrtps_c.cpython-310-x86_64-linux-gnu.so[0m
[2.354s] [100%] [32m[1mLinking C shared library rosidl_generator_py/custom_interfaces/custom_interfaces_s__rosidl_typesupport_c.cpython-310-x86_64-linux-gnu.so[0m
[2.386s] [100%] Built target custom_interfaces__rosidl_typesupport_c__pyext
[2.389s] [100%] Built target custom_interfaces__rosidl_typesupport_introspection_c__pyext
[2.389s] [100%] Built target custom_interfaces__rosidl_typesupport_fastrtps_c__pyext
[2.398s] Invoked command in '/home/swati/VBM/ros2_ws/build/custom_interfaces' returned '0': CMAKE_PREFIX_PATH=${CMAKE_PREFIX_PATH}:/home/swati/VBM/ros2_ws/install/opencv_test_py:/opt/ros/humble /usr/bin/cmake --build /home/swati/VBM/ros2_ws/build/custom_interfaces -- -j20 -l20
[2.490s] Invoking command in '/home/swati/VBM/ros2_ws/build/custom_interfaces': CMAKE_PREFIX_PATH=${CMAKE_PREFIX_PATH}:/home/swati/VBM/ros2_ws/install/opencv_test_py:/opt/ros/humble /usr/bin/cmake --install /home/swati/VBM/ros2_ws/build/custom_interfaces
[2.500s] -- Install configuration: ""
[2.500s] -- Installing: /home/swati/VBM/ros2_ws/install/custom_interfaces/share/ament_index/resource_index/rosidl_interfaces/custom_interfaces
[2.500s] -- Installing: /home/swati/VBM/ros2_ws/install/custom_interfaces/include/custom_interfaces/custom_interfaces
[2.500s] -- Installing: /home/swati/VBM/ros2_ws/install/custom_interfaces/include/custom_interfaces/custom_interfaces/srv
[2.500s] -- Installing: /home/swati/VBM/ros2_ws/install/custom_interfaces/include/custom_interfaces/custom_interfaces/srv/detail
[2.500s] -- Installing: /home/swati/VBM/ros2_ws/install/custom_interfaces/include/custom_interfaces/custom_interfaces/srv/detail/features_loc__type_support.h
[2.500s] -- Installing: /home/swati/VBM/ros2_ws/install/custom_interfaces/include/custom_interfaces/custom_interfaces/srv/detail/features_loc__struct.h
[2.500s] -- Installing: /home/swati/VBM/ros2_ws/install/custom_interfaces/include/custom_interfaces/custom_interfaces/srv/detail/features_loc__functions.h
[2.501s] -- Installing: /home/swati/VBM/ros2_ws/install/custom_interfaces/include/custom_interfaces/custom_interfaces/srv/detail/features_loc__functions.c
[2.501s] -- Installing: /home/swati/VBM/ros2_ws/install/custom_interfaces/include/custom_interfaces/custom_interfaces/srv/features_loc.h
[2.501s] -- Installing: /home/swati/VBM/ros2_ws/install/custom_interfaces/include/custom_interfaces/custom_interfaces/msg
[2.501s] -- Installing: /home/swati/VBM/ros2_ws/install/custom_interfaces/include/custom_interfaces/custom_interfaces/msg/detail
[2.501s] -- Installing: /home/swati/VBM/ros2_ws/install/custom_interfaces/include/custom_interfaces/custom_interfaces/msg/detail/point_array__functions.h
[2.501s] -- Installing: /home/swati/VBM/ros2_ws/install/custom_interfaces/include/custom_interfaces/custom_interfaces/msg/detail/point_array__struct.h
[2.501s] -- Installing: /home/swati/VBM/ros2_ws/install/custom_interfaces/include/custom_interfaces/custom_interfaces/msg/detail/point_array__functions.c
[2.501s] -- Installing: /home/swati/VBM/ros2_ws/install/custom_interfaces/include/custom_interfaces/custom_interfaces/msg/detail/point_array__type_support.h
[2.501s] -- Installing: /home/swati/VBM/ros2_ws/install/custom_interfaces/include/custom_interfaces/custom_interfaces/msg/point_array.h
[2.501s] -- Installing: /home/swati/VBM/ros2_ws/install/custom_interfaces/include/custom_interfaces/custom_interfaces/msg/rosidl_generator_c__visibility_control.h
[2.501s] -- Installing: /home/swati/VBM/ros2_ws/install/custom_interfaces/share/custom_interfaces/environment/library_path.sh
[2.501s] -- Installing: /home/swati/VBM/ros2_ws/install/custom_interfaces/share/custom_interfaces/environment/library_path.dsv
[2.501s] -- Installing: /home/swati/VBM/ros2_ws/install/custom_interfaces/lib/libcustom_interfaces__rosidl_generator_c.so
[2.501s] -- Set runtime path of "/home/swati/VBM/ros2_ws/install/custom_interfaces/lib/libcustom_interfaces__rosidl_generator_c.so" to ""
[2.502s] -- Up-to-date: /home/swati/VBM/ros2_ws/install/custom_interfaces/include/custom_interfaces/custom_interfaces
[2.502s] -- Up-to-date: /home/swati/VBM/ros2_ws/install/custom_interfaces/include/custom_interfaces/custom_interfaces/srv
[2.502s] -- Up-to-date: /home/swati/VBM/ros2_ws/install/custom_interfaces/include/custom_interfaces/custom_interfaces/srv/detail
[2.502s] -- Installing: /home/swati/VBM/ros2_ws/install/custom_interfaces/include/custom_interfaces/custom_interfaces/srv/detail/features_loc__rosidl_typesupport_fastrtps_c.h
[2.502s] -- Up-to-date: /home/swati/VBM/ros2_ws/install/custom_interfaces/include/custom_interfaces/custom_interfaces/msg
[2.502s] -- Installing: /home/swati/VBM/ros2_ws/install/custom_interfaces/include/custom_interfaces/custom_interfaces/msg/rosidl_typesupport_fastrtps_c__visibility_control.h
[2.502s] -- Up-to-date: /home/swati/VBM/ros2_ws/install/custom_interfaces/include/custom_interfaces/custom_interfaces/msg/detail
[2.502s] -- Installing: /home/swati/VBM/ros2_ws/install/custom_interfaces/include/custom_interfaces/custom_interfaces/msg/detail/point_array__rosidl_typesupport_fastrtps_c.h
[2.502s] -- Installing: /home/swati/VBM/ros2_ws/install/custom_interfaces/lib/libcustom_interfaces__rosidl_typesupport_fastrtps_c.so
[2.502s] -- Set runtime path of "/home/swati/VBM/ros2_ws/install/custom_interfaces/lib/libcustom_interfaces__rosidl_typesupport_fastrtps_c.so" to ""
[2.502s] -- Up-to-date: /home/swati/VBM/ros2_ws/install/custom_interfaces/include/custom_interfaces/custom_interfaces
[2.502s] -- Up-to-date: /home/swati/VBM/ros2_ws/install/custom_interfaces/include/custom_interfaces/custom_interfaces/srv
[2.502s] -- Installing: /home/swati/VBM/ros2_ws/install/custom_interfaces/include/custom_interfaces/custom_interfaces/srv/features_loc.hpp
[2.503s] -- Up-to-date: /home/swati/VBM/ros2_ws/install/custom_interfaces/include/custom_interfaces/custom_interfaces/srv/detail
[2.503s] -- Installing: /home/swati/VBM/ros2_ws/install/custom_interfaces/include/custom_interfaces/custom_interfaces/srv/detail/features_loc__traits.hpp
[2.503s] -- Installing: /home/swati/VBM/ros2_ws/install/custom_interfaces/include/custom_interfaces/custom_interfaces/srv/detail/features_loc__builder.hpp
[2.503s] -- Installing: /home/swati/VBM/ros2_ws/install/custom_interfaces/include/custom_interfaces/custom_interfaces/srv/detail/features_loc__struct.hpp
[2.503s] -- Up-to-date: /home/swati/VBM/ros2_ws/install/custom_interfaces/include/custom_interfaces/custom_interfaces/msg
[2.503s] -- Installing: /home/swati/VBM/ros2_ws/install/custom_interfaces/include/custom_interfaces/custom_interfaces/msg/point_array.hpp
[2.503s] -- Up-to-date: /home/swati/VBM/ros2_ws/install/custom_interfaces/include/custom_interfaces/custom_interfaces/msg/detail
[2.503s] -- Installing: /home/swati/VBM/ros2_ws/install/custom_interfaces/include/custom_interfaces/custom_interfaces/msg/detail/point_array__builder.hpp
[2.503s] -- Installing: /home/swati/VBM/ros2_ws/install/custom_interfaces/include/custom_interfaces/custom_interfaces/msg/detail/point_array__struct.hpp
[2.503s] -- Installing: /home/swati/VBM/ros2_ws/install/custom_interfaces/include/custom_interfaces/custom_interfaces/msg/detail/point_array__traits.hpp
[2.503s] -- Up-to-date: /home/swati/VBM/ros2_ws/install/custom_interfaces/include/custom_interfaces/custom_interfaces
[2.503s] -- Up-to-date: /home/swati/VBM/ros2_ws/install/custom_interfaces/include/custom_interfaces/custom_interfaces/srv
[2.504s] -- Up-to-date: /home/swati/VBM/ros2_ws/install/custom_interfaces/include/custom_interfaces/custom_interfaces/srv/detail
[2.504s] -- Installing: /home/swati/VBM/ros2_ws/install/custom_interfaces/include/custom_interfaces/custom_interfaces/srv/detail/features_loc__rosidl_typesupport_fastrtps_cpp.hpp
[2.504s] -- Installing: /home/swati/VBM/ros2_ws/install/custom_interfaces/include/custom_interfaces/custom_interfaces/srv/detail/dds_fastrtps
[2.504s] -- Up-to-date: /home/swati/VBM/ros2_ws/install/custom_interfaces/include/custom_interfaces/custom_interfaces/msg
[2.504s] -- Installing: /home/swati/VBM/ros2_ws/install/custom_interfaces/include/custom_interfaces/custom_interfaces/msg/rosidl_typesupport_fastrtps_cpp__visibility_control.h
[2.504s] -- Up-to-date: /home/swati/VBM/ros2_ws/install/custom_interfaces/include/custom_interfaces/custom_interfaces/msg/detail
[2.504s] -- Installing: /home/swati/VBM/ros2_ws/install/custom_interfaces/include/custom_interfaces/custom_interfaces/msg/detail/point_array__rosidl_typesupport_fastrtps_cpp.hpp
[2.504s] -- Installing: /home/swati/VBM/ros2_ws/install/custom_interfaces/include/custom_interfaces/custom_interfaces/msg/detail/dds_fastrtps
[2.504s] -- Installing: /home/swati/VBM/ros2_ws/install/custom_interfaces/lib/libcustom_interfaces__rosidl_typesupport_fastrtps_cpp.so
[2.504s] -- Set runtime path of "/home/swati/VBM/ros2_ws/install/custom_interfaces/lib/libcustom_interfaces__rosidl_typesupport_fastrtps_cpp.so" to ""
[2.504s] -- Up-to-date: /home/swati/VBM/ros2_ws/install/custom_interfaces/include/custom_interfaces/custom_interfaces
[2.504s] -- Up-to-date: /home/swati/VBM/ros2_ws/install/custom_interfaces/include/custom_interfaces/custom_interfaces/srv
[2.504s] -- Up-to-date: /home/swati/VBM/ros2_ws/install/custom_interfaces/include/custom_interfaces/custom_interfaces/srv/detail
[2.504s] -- Installing: /home/swati/VBM/ros2_ws/install/custom_interfaces/include/custom_interfaces/custom_interfaces/srv/detail/features_loc__type_support.c
[2.504s] -- Installing: /home/swati/VBM/ros2_ws/install/custom_interfaces/include/custom_interfaces/custom_interfaces/srv/detail/features_loc__rosidl_typesupport_introspection_c.h
[2.504s] -- Up-to-date: /home/swati/VBM/ros2_ws/install/custom_interfaces/include/custom_interfaces/custom_interfaces/msg
[2.505s] -- Installing: /home/swati/VBM/ros2_ws/install/custom_interfaces/include/custom_interfaces/custom_interfaces/msg/rosidl_typesupport_introspection_c__visibility_control.h
[2.505s] -- Up-to-date: /home/swati/VBM/ros2_ws/install/custom_interfaces/include/custom_interfaces/custom_interfaces/msg/detail
[2.505s] -- Installing: /home/swati/VBM/ros2_ws/install/custom_interfaces/include/custom_interfaces/custom_interfaces/msg/detail/point_array__type_support.c
[2.505s] -- Installing: /home/swati/VBM/ros2_ws/install/custom_interfaces/include/custom_interfaces/custom_interfaces/msg/detail/point_array__rosidl_typesupport_introspection_c.h
[2.505s] -- Installing: /home/swati/VBM/ros2_ws/install/custom_interfaces/lib/libcustom_interfaces__rosidl_typesupport_introspection_c.so
[2.505s] -- Set runtime path of "/home/swati/VBM/ros2_ws/install/custom_interfaces/lib/libcustom_interfaces__rosidl_typesupport_introspection_c.so" to ""
[2.505s] -- Installing: /home/swati/VBM/ros2_ws/install/custom_interfaces/lib/libcustom_interfaces__rosidl_typesupport_c.so
[2.505s] -- Set runtime path of "/home/swati/VBM/ros2_ws/install/custom_interfaces/lib/libcustom_interfaces__rosidl_typesupport_c.so" to ""
[2.505s] -- Up-to-date: /home/swati/VBM/ros2_ws/install/custom_interfaces/include/custom_interfaces/custom_interfaces
[2.505s] -- Up-to-date: /home/swati/VBM/ros2_ws/install/custom_interfaces/include/custom_interfaces/custom_interfaces/srv
[2.505s] -- Up-to-date: /home/swati/VBM/ros2_ws/install/custom_interfaces/include/custom_interfaces/custom_interfaces/srv/detail
[2.505s] -- Installing: /home/swati/VBM/ros2_ws/install/custom_interfaces/include/custom_interfaces/custom_interfaces/srv/detail/features_loc__type_support.cpp
[2.505s] -- Installing: /home/swati/VBM/ros2_ws/install/custom_interfaces/include/custom_interfaces/custom_interfaces/srv/detail/features_loc__rosidl_typesupport_introspection_cpp.hpp
[2.505s] -- Up-to-date: /home/swati/VBM/ros2_ws/install/custom_interfaces/include/custom_interfaces/custom_interfaces/msg
[2.505s] -- Up-to-date: /home/swati/VBM/ros2_ws/install/custom_interfaces/include/custom_interfaces/custom_interfaces/msg/detail
[2.506s] -- Installing: /home/swati/VBM/ros2_ws/install/custom_interfaces/include/custom_interfaces/custom_interfaces/msg/detail/point_array__rosidl_typesupport_introspection_cpp.hpp
[2.506s] -- Installing: /home/swati/VBM/ros2_ws/install/custom_interfaces/include/custom_interfaces/custom_interfaces/msg/detail/point_array__type_support.cpp
[2.506s] -- Installing: /home/swati/VBM/ros2_ws/install/custom_interfaces/lib/libcustom_interfaces__rosidl_typesupport_introspection_cpp.so
[2.506s] -- Set runtime path of "/home/swati/VBM/ros2_ws/install/custom_interfaces/lib/libcustom_interfaces__rosidl_typesupport_introspection_cpp.so" to ""
[2.506s] -- Installing: /home/swati/VBM/ros2_ws/install/custom_interfaces/lib/libcustom_interfaces__rosidl_typesupport_cpp.so
[2.506s] -- Set runtime path of "/home/swati/VBM/ros2_ws/install/custom_interfaces/lib/libcustom_interfaces__rosidl_typesupport_cpp.so" to ""
[2.506s] -- Installing: /home/swati/VBM/ros2_ws/install/custom_interfaces/share/custom_interfaces/environment/pythonpath.sh
[2.506s] -- Installing: /home/swati/VBM/ros2_ws/install/custom_interfaces/share/custom_interfaces/environment/pythonpath.dsv
[2.506s] -- Installing: /home/swati/VBM/ros2_ws/install/custom_interfaces/local/lib/python3.10/dist-packages/custom_interfaces-0.0.0-py3.10.egg-info
[2.506s] -- Installing: /home/swati/VBM/ros2_ws/install/custom_interfaces/local/lib/python3.10/dist-packages/custom_interfaces-0.0.0-py3.10.egg-info/top_level.txt
[2.506s] -- Installing: /home/swati/VBM/ros2_ws/install/custom_interfaces/local/lib/python3.10/dist-packages/custom_interfaces-0.0.0-py3.10.egg-info/PKG-INFO
[2.506s] -- Installing: /home/swati/VBM/ros2_ws/install/custom_interfaces/local/lib/python3.10/dist-packages/custom_interfaces-0.0.0-py3.10.egg-info/SOURCES.txt
[2.506s] -- Installing: /home/swati/VBM/ros2_ws/install/custom_interfaces/local/lib/python3.10/dist-packages/custom_interfaces-0.0.0-py3.10.egg-info/dependency_links.txt
[2.506s] -- Installing: /home/swati/VBM/ros2_ws/install/custom_interfaces/local/lib/python3.10/dist-packages/custom_interfaces
[2.507s] -- Installing: /home/swati/VBM/ros2_ws/install/custom_interfaces/local/lib/python3.10/dist-packages/custom_interfaces/_custom_interfaces_s.ep.rosidl_typesupport_c.c
[2.507s] -- Installing: /home/swati/VBM/ros2_ws/install/custom_interfaces/local/lib/python3.10/dist-packages/custom_interfaces/_custom_interfaces_s.ep.rosidl_typesupport_fastrtps_c.c
[2.507s] -- Installing: /home/swati/VBM/ros2_ws/install/custom_interfaces/local/lib/python3.10/dist-packages/custom_interfaces/custom_interfaces_s__rosidl_typesupport_introspection_c.cpython-310-x86_64-linux-gnu.so
[2.507s] -- Installing: /home/swati/VBM/ros2_ws/install/custom_interfaces/local/lib/python3.10/dist-packages/custom_interfaces/srv
[2.507s] -- Installing: /home/swati/VBM/ros2_ws/install/custom_interfaces/local/lib/python3.10/dist-packages/custom_interfaces/srv/_features_loc_s.c
[2.507s] -- Installing: /home/swati/VBM/ros2_ws/install/custom_interfaces/local/lib/python3.10/dist-packages/custom_interfaces/srv/_features_loc.py
[2.507s] -- Installing: /home/swati/VBM/ros2_ws/install/custom_interfaces/local/lib/python3.10/dist-packages/custom_interfaces/srv/__init__.py
[2.507s] -- Installing: /home/swati/VBM/ros2_ws/install/custom_interfaces/local/lib/python3.10/dist-packages/custom_interfaces/__init__.py
[2.507s] -- Installing: /home/swati/VBM/ros2_ws/install/custom_interfaces/local/lib/python3.10/dist-packages/custom_interfaces/custom_interfaces_s__rosidl_typesupport_fastrtps_c.cpython-310-x86_64-linux-gnu.so
[2.507s] -- Installing: /home/swati/VBM/ros2_ws/install/custom_interfaces/local/lib/python3.10/dist-packages/custom_interfaces/msg
[2.507s] -- Installing: /home/swati/VBM/ros2_ws/install/custom_interfaces/local/lib/python3.10/dist-packages/custom_interfaces/msg/_point_array.py
[2.507s] -- Installing: /home/swati/VBM/ros2_ws/install/custom_interfaces/local/lib/python3.10/dist-packages/custom_interfaces/msg/__init__.py
[2.508s] -- Installing: /home/swati/VBM/ros2_ws/install/custom_interfaces/local/lib/python3.10/dist-packages/custom_interfaces/msg/_point_array_s.c
[2.508s] -- Installing: /home/swati/VBM/ros2_ws/install/custom_interfaces/local/lib/python3.10/dist-packages/custom_interfaces/custom_interfaces_s__rosidl_typesupport_c.cpython-310-x86_64-linux-gnu.so
[2.508s] -- Installing: /home/swati/VBM/ros2_ws/install/custom_interfaces/local/lib/python3.10/dist-packages/custom_interfaces/_custom_interfaces_s.ep.rosidl_typesupport_introspection_c.c
[2.508s] -- Installing: /home/swati/VBM/ros2_ws/install/custom_interfaces/local/lib/python3.10/dist-packages/custom_interfaces/libcustom_interfaces__rosidl_generator_py.so
[2.544s] Listing '/home/swati/VBM/ros2_ws/install/custom_interfaces/local/lib/python3.10/dist-packages/custom_interfaces'...
[2.544s] Compiling '/home/swati/VBM/ros2_ws/install/custom_interfaces/local/lib/python3.10/dist-packages/custom_interfaces/__init__.py'...
[2.544s] Listing '/home/swati/VBM/ros2_ws/install/custom_interfaces/local/lib/python3.10/dist-packages/custom_interfaces/msg'...
[2.544s] Compiling '/home/swati/VBM/ros2_ws/install/custom_interfaces/local/lib/python3.10/dist-packages/custom_interfaces/msg/__init__.py'...
[2.544s] Compiling '/home/swati/VBM/ros2_ws/install/custom_interfaces/local/lib/python3.10/dist-packages/custom_interfaces/msg/_point_array.py'...
[2.544s] Listing '/home/swati/VBM/ros2_ws/install/custom_interfaces/local/lib/python3.10/dist-packages/custom_interfaces/srv'...
[2.544s] Compiling '/home/swati/VBM/ros2_ws/install/custom_interfaces/local/lib/python3.10/dist-packages/custom_interfaces/srv/__init__.py'...
[2.544s] Compiling '/home/swati/VBM/ros2_ws/install/custom_interfaces/local/lib/python3.10/dist-packages/custom_interfaces/srv/_features_loc.py'...
[2.547s] -- Installing: /home/swati/VBM/ros2_ws/install/custom_interfaces/local/lib/python3.10/dist-packages/custom_interfaces/custom_interfaces_s__rosidl_typesupport_fastrtps_c.cpython-310-x86_64-linux-gnu.so
[2.547s] -- Set runtime path of "/home/swati/VBM/ros2_ws/install/custom_interfaces/local/lib/python3.10/dist-packages/custom_interfaces/custom_interfaces_s__rosidl_typesupport_fastrtps_c.cpython-310-x86_64-linux-gnu.so" to ""
[2.547s] -- Installing: /home/swati/VBM/ros2_ws/install/custom_interfaces/local/lib/python3.10/dist-packages/custom_interfaces/custom_interfaces_s__rosidl_typesupport_introspection_c.cpython-310-x86_64-linux-gnu.so
[2.547s] -- Set runtime path of "/home/swati/VBM/ros2_ws/install/custom_interfaces/local/lib/python3.10/dist-packages/custom_interfaces/custom_interfaces_s__rosidl_typesupport_introspection_c.cpython-310-x86_64-linux-gnu.so" to ""
[2.547s] -- Installing: /home/swati/VBM/ros2_ws/install/custom_interfaces/local/lib/python3.10/dist-packages/custom_interfaces/custom_interfaces_s__rosidl_typesupport_c.cpython-310-x86_64-linux-gnu.so
[2.548s] -- Set runtime path of "/home/swati/VBM/ros2_ws/install/custom_interfaces/local/lib/python3.10/dist-packages/custom_interfaces/custom_interfaces_s__rosidl_typesupport_c.cpython-310-x86_64-linux-gnu.so" to ""
[2.548s] -- Installing: /home/swati/VBM/ros2_ws/install/custom_interfaces/lib/libcustom_interfaces__rosidl_generator_py.so
[2.548s] -- Set runtime path of "/home/swati/VBM/ros2_ws/install/custom_interfaces/lib/libcustom_interfaces__rosidl_generator_py.so" to ""
[2.548s] -- Installing: /home/swati/VBM/ros2_ws/install/custom_interfaces/share/custom_interfaces/msg/PointArray.idl
[2.548s] -- Installing: /home/swati/VBM/ros2_ws/install/custom_interfaces/share/custom_interfaces/srv/FeaturesLoc.idl
[2.548s] -- Installing: /home/swati/VBM/ros2_ws/install/custom_interfaces/share/custom_interfaces/msg/PointArray.msg
[2.548s] -- Installing: /home/swati/VBM/ros2_ws/install/custom_interfaces/share/custom_interfaces/srv/FeaturesLoc.srv
[2.548s] -- Installing: /home/swati/VBM/ros2_ws/install/custom_interfaces/share/custom_interfaces/srv/FeaturesLoc_Request.msg
[2.548s] -- Installing: /home/swati/VBM/ros2_ws/install/custom_interfaces/share/custom_interfaces/srv/FeaturesLoc_Response.msg
[2.548s] -- Up-to-date: /home/swati/VBM/ros2_ws/install/custom_interfaces/share/ament_index/resource_index/package_run_dependencies/custom_interfaces
[2.548s] -- Installing: /home/swati/VBM/ros2_ws/install/custom_interfaces/share/ament_index/resource_index/parent_prefix_path/custom_interfaces
[2.548s] -- Up-to-date: /home/swati/VBM/ros2_ws/install/custom_interfaces/share/custom_interfaces/environment/ament_prefix_path.sh
[2.548s] -- Installing: /home/swati/VBM/ros2_ws/install/custom_interfaces/share/custom_interfaces/environment/ament_prefix_path.dsv
[2.548s] -- Up-to-date: /home/swati/VBM/ros2_ws/install/custom_interfaces/share/custom_interfaces/environment/path.sh
[2.548s] -- Installing: /home/swati/VBM/ros2_ws/install/custom_interfaces/share/custom_interfaces/environment/path.dsv
[2.548s] -- Up-to-date: /home/swati/VBM/ros2_ws/install/custom_interfaces/share/custom_interfaces/local_setup.bash
[2.548s] -- Installing: /home/swati/VBM/ros2_ws/install/custom_interfaces/share/custom_interfaces/local_setup.sh
[2.549s] -- Up-to-date: /home/swati/VBM/ros2_ws/install/custom_interfaces/share/custom_interfaces/local_setup.zsh
[2.549s] -- Installing: /home/swati/VBM/ros2_ws/install/custom_interfaces/share/custom_interfaces/local_setup.dsv
[2.549s] -- Installing: /home/swati/VBM/ros2_ws/install/custom_interfaces/share/custom_interfaces/package.dsv
[2.549s] -- Up-to-date: /home/swati/VBM/ros2_ws/install/custom_interfaces/share/ament_index/resource_index/packages/custom_interfaces
[2.549s] -- Installing: /home/swati/VBM/ros2_ws/install/custom_interfaces/share/custom_interfaces/cmake/export_custom_interfaces__rosidl_generator_cExport.cmake
[2.549s] -- Installing: /home/swati/VBM/ros2_ws/install/custom_interfaces/share/custom_interfaces/cmake/export_custom_interfaces__rosidl_generator_cExport-noconfig.cmake
[2.549s] -- Installing: /home/swati/VBM/ros2_ws/install/custom_interfaces/share/custom_interfaces/cmake/export_custom_interfaces__rosidl_typesupport_fastrtps_cExport.cmake
[2.549s] -- Installing: /home/swati/VBM/ros2_ws/install/custom_interfaces/share/custom_interfaces/cmake/export_custom_interfaces__rosidl_typesupport_fastrtps_cExport-noconfig.cmake
[2.549s] -- Installing: /home/swati/VBM/ros2_ws/install/custom_interfaces/share/custom_interfaces/cmake/export_custom_interfaces__rosidl_generator_cppExport.cmake
[2.549s] -- Installing: /home/swati/VBM/ros2_ws/install/custom_interfaces/share/custom_interfaces/cmake/export_custom_interfaces__rosidl_typesupport_fastrtps_cppExport.cmake
[2.549s] -- Installing: /home/swati/VBM/ros2_ws/install/custom_interfaces/share/custom_interfaces/cmake/export_custom_interfaces__rosidl_typesupport_fastrtps_cppExport-noconfig.cmake
[2.549s] -- Installing: /home/swati/VBM/ros2_ws/install/custom_interfaces/share/custom_interfaces/cmake/custom_interfaces__rosidl_typesupport_introspection_cExport.cmake
[2.549s] -- Installing: /home/swati/VBM/ros2_ws/install/custom_interfaces/share/custom_interfaces/cmake/custom_interfaces__rosidl_typesupport_introspection_cExport-noconfig.cmake
[2.549s] -- Installing: /home/swati/VBM/ros2_ws/install/custom_interfaces/share/custom_interfaces/cmake/custom_interfaces__rosidl_typesupport_cExport.cmake
[2.549s] -- Installing: /home/swati/VBM/ros2_ws/install/custom_interfaces/share/custom_interfaces/cmake/custom_interfaces__rosidl_typesupport_cExport-noconfig.cmake
[2.549s] -- Installing: /home/swati/VBM/ros2_ws/install/custom_interfaces/share/custom_interfaces/cmake/custom_interfaces__rosidl_typesupport_introspection_cppExport.cmake
[2.549s] -- Installing: /home/swati/VBM/ros2_ws/install/custom_interfaces/share/custom_interfaces/cmake/custom_interfaces__rosidl_typesupport_introspection_cppExport-noconfig.cmake
[2.549s] -- Installing: /home/swati/VBM/ros2_ws/install/custom_interfaces/share/custom_interfaces/cmake/custom_interfaces__rosidl_typesupport_cppExport.cmake
[2.549s] -- Installing: /home/swati/VBM/ros2_ws/install/custom_interfaces/share/custom_interfaces/cmake/custom_interfaces__rosidl_typesupport_cppExport-noconfig.cmake
[2.549s] -- Installing: /home/swati/VBM/ros2_ws/install/custom_interfaces/share/custom_interfaces/cmake/export_custom_interfaces__rosidl_generator_pyExport.cmake
[2.550s] -- Installing: /home/swati/VBM/ros2_ws/install/custom_interfaces/share/custom_interfaces/cmake/export_custom_interfaces__rosidl_generator_pyExport-noconfig.cmake
[2.550s] -- Installing: /home/swati/VBM/ros2_ws/install/custom_interfaces/share/custom_interfaces/cmake/rosidl_cmake-extras.cmake
[2.550s] -- Installing: /home/swati/VBM/ros2_ws/install/custom_interfaces/share/custom_interfaces/cmake/ament_cmake_export_dependencies-extras.cmake
[2.550s] -- Installing: /home/swati/VBM/ros2_ws/install/custom_interfaces/share/custom_interfaces/cmake/ament_cmake_export_include_directories-extras.cmake
[2.550s] -- Installing: /home/swati/VBM/ros2_ws/install/custom_interfaces/share/custom_interfaces/cmake/ament_cmake_export_libraries-extras.cmake
[2.550s] -- Installing: /home/swati/VBM/ros2_ws/install/custom_interfaces/share/custom_interfaces/cmake/ament_cmake_export_targets-extras.cmake
[2.550s] -- Installing: /home/swati/VBM/ros2_ws/install/custom_interfaces/share/custom_interfaces/cmake/rosidl_cmake_export_typesupport_targets-extras.cmake
[2.550s] -- Installing: /home/swati/VBM/ros2_ws/install/custom_interfaces/share/custom_interfaces/cmake/rosidl_cmake_export_typesupport_libraries-extras.cmake
[2.550s] -- Installing: /home/swati/VBM/ros2_ws/install/custom_interfaces/share/custom_interfaces/cmake/custom_interfacesConfig.cmake
[2.550s] -- Up-to-date: /home/swati/VBM/ros2_ws/install/custom_interfaces/share/custom_interfaces/cmake/custom_interfacesConfig-version.cmake
[2.550s] -- Installing: /home/swati/VBM/ros2_ws/install/custom_interfaces/share/custom_interfaces/package.xml
[2.552s] Invoked command in '/home/swati/VBM/ros2_ws/build/custom_interfaces' returned '0': CMAKE_PREFIX_PATH=${CMAKE_PREFIX_PATH}:/home/swati/VBM/ros2_ws/install/opencv_test_py:/opt/ros/humble /usr/bin/cmake --install /home/swati/VBM/ros2_ws/build/custom_interfaces
