[0.068s] DEBUG:colcon:Command line arguments: ['/usr/bin/colcon', 'build']
[0.068s] DEBUG:colcon:Parsed command line arguments: Namespace(log_base=None, log_level=None, verb_name='build', build_base='build', install_base='install', merge_install=False, symlink_install=False, test_result_base=None, continue_on_error=False, executor='parallel', parallel_workers=20, event_handlers=None, ignore_user_meta=False, metas=['./colcon.meta'], base_paths=['.'], packages_ignore=None, packages_ignore_regex=None, paths=None, packages_up_to=None, packages_up_to_regex=None, packages_above=None, packages_above_and_dependencies=None, packages_above_depth=None, packages_select_by_dep=None, packages_skip_by_dep=None, packages_skip_up_to=None, packages_select_build_failed=False, packages_skip_build_finished=False, packages_select_test_failures=False, packages_skip_test_passed=False, packages_select=None, packages_skip=None, packages_select_regex=None, packages_skip_regex=None, packages_start=None, packages_end=None, allow_overriding=[], cmake_args=None, cmake_target=None, cmake_target_skip_unavailable=False, cmake_clean_cache=False, cmake_clean_first=False, cmake_force_configure=False, ament_cmake_args=None, catkin_cmake_args=None, catkin_skip_building_tests=False, mixin_files=None, mixin=None, verb_parser=<colcon_mixin.mixin.mixin_argument.MixinArgumentDecorator object at 0x71098c93fa00>, verb_extension=<colcon_core.verb.build.BuildVerb object at 0x71098c93f3d0>, main=<bound method BuildVerb.main of <colcon_core.verb.build.BuildVerb object at 0x71098c93f3d0>>, mixin_verb=('build',))
[0.168s] Level 1:colcon.colcon_core.package_discovery:discover_packages(colcon_meta) check parameters
[0.168s] Level 1:colcon.colcon_core.package_discovery:discover_packages(recursive) check parameters
[0.168s] Level 1:colcon.colcon_core.package_discovery:discover_packages(ignore) check parameters
[0.168s] Level 1:colcon.colcon_core.package_discovery:discover_packages(path) check parameters
[0.168s] Level 1:colcon.colcon_core.package_discovery:discover_packages(colcon_meta) discover
[0.168s] Level 1:colcon.colcon_core.package_discovery:discover_packages(recursive) discover
[0.168s] INFO:colcon.colcon_core.package_discovery:Crawling recursively for packages in '/home/swati/VBM/ros2_ws'
[0.168s] Level 1:colcon.colcon_core.package_identification:_identify(.) by extensions ['ignore', 'ignore_ament_install']
[0.168s] Level 1:colcon.colcon_core.package_identification:_identify(.) by extension 'ignore'
[0.169s] Level 1:colcon.colcon_core.package_identification:_identify(.) by extension 'ignore_ament_install'
[0.169s] Level 1:colcon.colcon_core.package_identification:_identify(.) by extensions ['colcon_pkg']
[0.169s] Level 1:colcon.colcon_core.package_identification:_identify(.) by extension 'colcon_pkg'
[0.169s] Level 1:colcon.colcon_core.package_identification:_identify(.) by extensions ['colcon_meta']
[0.169s] Level 1:colcon.colcon_core.package_identification:_identify(.) by extension 'colcon_meta'
[0.169s] Level 1:colcon.colcon_core.package_identification:_identify(.) by extensions ['ros']
[0.169s] Level 1:colcon.colcon_core.package_identification:_identify(.) by extension 'ros'
[0.176s] Level 1:colcon.colcon_core.package_identification:_identify(.) by extensions ['cmake', 'python']
[0.176s] Level 1:colcon.colcon_core.package_identification:_identify(.) by extension 'cmake'
[0.176s] Level 1:colcon.colcon_core.package_identification:_identify(.) by extension 'python'
[0.176s] Level 1:colcon.colcon_core.package_identification:_identify(.) by extensions ['python_setup_py']
[0.176s] Level 1:colcon.colcon_core.package_identification:_identify(.) by extension 'python_setup_py'
[0.176s] Level 1:colcon.colcon_core.package_identification:_identify(build) by extensions ['ignore', 'ignore_ament_install']
[0.176s] Level 1:colcon.colcon_core.package_identification:_identify(build) by extension 'ignore'
[0.176s] Level 1:colcon.colcon_core.package_identification:_identify(build) ignored
[0.176s] Level 1:colcon.colcon_core.package_identification:_identify(install) by extensions ['ignore', 'ignore_ament_install']
[0.176s] Level 1:colcon.colcon_core.package_identification:_identify(install) by extension 'ignore'
[0.176s] Level 1:colcon.colcon_core.package_identification:_identify(install) ignored
[0.176s] Level 1:colcon.colcon_core.package_identification:_identify(log) by extensions ['ignore', 'ignore_ament_install']
[0.176s] Level 1:colcon.colcon_core.package_identification:_identify(log) by extension 'ignore'
[0.176s] Level 1:colcon.colcon_core.package_identification:_identify(log) ignored
[0.176s] Level 1:colcon.colcon_core.package_identification:_identify(src) by extensions ['ignore', 'ignore_ament_install']
[0.176s] Level 1:colcon.colcon_core.package_identification:_identify(src) by extension 'ignore'
[0.176s] Level 1:colcon.colcon_core.package_identification:_identify(src) by extension 'ignore_ament_install'
[0.176s] Level 1:colcon.colcon_core.package_identification:_identify(src) by extensions ['colcon_pkg']
[0.176s] Level 1:colcon.colcon_core.package_identification:_identify(src) by extension 'colcon_pkg'
[0.176s] Level 1:colcon.colcon_core.package_identification:_identify(src) by extensions ['colcon_meta']
[0.176s] Level 1:colcon.colcon_core.package_identification:_identify(src) by extension 'colcon_meta'
[0.176s] Level 1:colcon.colcon_core.package_identification:_identify(src) by extensions ['ros']
[0.176s] Level 1:colcon.colcon_core.package_identification:_identify(src) by extension 'ros'
[0.177s] Level 1:colcon.colcon_core.package_identification:_identify(src) by extensions ['cmake', 'python']
[0.177s] Level 1:colcon.colcon_core.package_identification:_identify(src) by extension 'cmake'
[0.177s] Level 1:colcon.colcon_core.package_identification:_identify(src) by extension 'python'
[0.177s] Level 1:colcon.colcon_core.package_identification:_identify(src) by extensions ['python_setup_py']
[0.177s] Level 1:colcon.colcon_core.package_identification:_identify(src) by extension 'python_setup_py'
[0.177s] Level 1:colcon.colcon_core.package_identification:_identify(src/opencv_test_py) by extensions ['ignore', 'ignore_ament_install']
[0.177s] Level 1:colcon.colcon_core.package_identification:_identify(src/opencv_test_py) by extension 'ignore'
[0.177s] Level 1:colcon.colcon_core.package_identification:_identify(src/opencv_test_py) by extension 'ignore_ament_install'
[0.177s] Level 1:colcon.colcon_core.package_identification:_identify(src/opencv_test_py) by extensions ['colcon_pkg']
[0.177s] Level 1:colcon.colcon_core.package_identification:_identify(src/opencv_test_py) by extension 'colcon_pkg'
[0.177s] Level 1:colcon.colcon_core.package_identification:_identify(src/opencv_test_py) by extensions ['colcon_meta']
[0.177s] Level 1:colcon.colcon_core.package_identification:_identify(src/opencv_test_py) by extension 'colcon_meta'
[0.177s] Level 1:colcon.colcon_core.package_identification:_identify(src/opencv_test_py) by extensions ['ros']
[0.177s] Level 1:colcon.colcon_core.package_identification:_identify(src/opencv_test_py) by extension 'ros'
[0.179s] DEBUG:colcon.colcon_core.package_identification:Package 'src/opencv_test_py' with type 'ros.ament_python' and name 'opencv_test_py'
[0.179s] Level 1:colcon.colcon_core.package_identification:_identify(src/rrbot_description) by extensions ['ignore', 'ignore_ament_install']
[0.179s] Level 1:colcon.colcon_core.package_identification:_identify(src/rrbot_description) by extension 'ignore'
[0.179s] Level 1:colcon.colcon_core.package_identification:_identify(src/rrbot_description) by extension 'ignore_ament_install'
[0.179s] Level 1:colcon.colcon_core.package_identification:_identify(src/rrbot_description) by extensions ['colcon_pkg']
[0.179s] Level 1:colcon.colcon_core.package_identification:_identify(src/rrbot_description) by extension 'colcon_pkg'
[0.179s] Level 1:colcon.colcon_core.package_identification:_identify(src/rrbot_description) by extensions ['colcon_meta']
[0.179s] Level 1:colcon.colcon_core.package_identification:_identify(src/rrbot_description) by extension 'colcon_meta'
[0.179s] Level 1:colcon.colcon_core.package_identification:_identify(src/rrbot_description) by extensions ['ros']
[0.179s] Level 1:colcon.colcon_core.package_identification:_identify(src/rrbot_description) by extension 'ros'
[0.179s] DEBUG:colcon.colcon_core.package_identification:Package 'src/rrbot_description' with type 'ros.ament_cmake' and name 'rrbot_description'
[0.179s] Level 1:colcon.colcon_core.package_identification:_identify(src/rrbot_gazebo) by extensions ['ignore', 'ignore_ament_install']
[0.179s] Level 1:colcon.colcon_core.package_identification:_identify(src/rrbot_gazebo) by extension 'ignore'
[0.179s] Level 1:colcon.colcon_core.package_identification:_identify(src/rrbot_gazebo) by extension 'ignore_ament_install'
[0.179s] Level 1:colcon.colcon_core.package_identification:_identify(src/rrbot_gazebo) by extensions ['colcon_pkg']
[0.179s] Level 1:colcon.colcon_core.package_identification:_identify(src/rrbot_gazebo) by extension 'colcon_pkg'
[0.179s] Level 1:colcon.colcon_core.package_identification:_identify(src/rrbot_gazebo) by extensions ['colcon_meta']
[0.179s] Level 1:colcon.colcon_core.package_identification:_identify(src/rrbot_gazebo) by extension 'colcon_meta'
[0.180s] Level 1:colcon.colcon_core.package_identification:_identify(src/rrbot_gazebo) by extensions ['ros']
[0.180s] Level 1:colcon.colcon_core.package_identification:_identify(src/rrbot_gazebo) by extension 'ros'
[0.180s] DEBUG:colcon.colcon_core.package_identification:Package 'src/rrbot_gazebo' with type 'ros.ament_cmake' and name 'rrbot_gazebo'
[0.180s] Level 1:colcon.colcon_core.package_discovery:discover_packages(recursive) using defaults
[0.180s] Level 1:colcon.colcon_core.package_discovery:discover_packages(ignore) discover
[0.180s] Level 1:colcon.colcon_core.package_discovery:discover_packages(ignore) using defaults
[0.180s] Level 1:colcon.colcon_core.package_discovery:discover_packages(path) discover
[0.180s] Level 1:colcon.colcon_core.package_discovery:discover_packages(path) using defaults
[0.200s] Level 1:colcon.colcon_core.package_discovery:discover_packages(prefix_path) check parameters
[0.200s] Level 1:colcon.colcon_core.package_discovery:discover_packages(prefix_path) discover
[0.201s] DEBUG:colcon.colcon_installed_package_information.package_discovery:Found 3 installed packages in /home/swati/VBM/ros2_ws/install
[0.202s] DEBUG:colcon.colcon_installed_package_information.package_discovery:Found 336 installed packages in /opt/ros/humble
[0.203s] Level 1:colcon.colcon_core.package_discovery:discover_packages(prefix_path) using defaults
[0.228s] Level 5:colcon.colcon_core.verb:set package 'opencv_test_py' build argument 'cmake_args' from command line to 'None'
[0.228s] Level 5:colcon.colcon_core.verb:set package 'opencv_test_py' build argument 'cmake_target' from command line to 'None'
[0.228s] Level 5:colcon.colcon_core.verb:set package 'opencv_test_py' build argument 'cmake_target_skip_unavailable' from command line to 'False'
[0.228s] Level 5:colcon.colcon_core.verb:set package 'opencv_test_py' build argument 'cmake_clean_cache' from command line to 'False'
[0.228s] Level 5:colcon.colcon_core.verb:set package 'opencv_test_py' build argument 'cmake_clean_first' from command line to 'False'
[0.228s] Level 5:colcon.colcon_core.verb:set package 'opencv_test_py' build argument 'cmake_force_configure' from command line to 'False'
[0.228s] Level 5:colcon.colcon_core.verb:set package 'opencv_test_py' build argument 'ament_cmake_args' from command line to 'None'
[0.228s] Level 5:colcon.colcon_core.verb:set package 'opencv_test_py' build argument 'catkin_cmake_args' from command line to 'None'
[0.228s] Level 5:colcon.colcon_core.verb:set package 'opencv_test_py' build argument 'catkin_skip_building_tests' from command line to 'False'
[0.228s] DEBUG:colcon.colcon_core.verb:Building package 'opencv_test_py' with the following arguments: {'ament_cmake_args': None, 'build_base': '/home/swati/VBM/ros2_ws/build/opencv_test_py', 'catkin_cmake_args': None, 'catkin_skip_building_tests': False, 'cmake_args': None, 'cmake_clean_cache': False, 'cmake_clean_first': False, 'cmake_force_configure': False, 'cmake_target': None, 'cmake_target_skip_unavailable': False, 'install_base': '/home/swati/VBM/ros2_ws/install/opencv_test_py', 'merge_install': False, 'path': '/home/swati/VBM/ros2_ws/src/opencv_test_py', 'symlink_install': False, 'test_result_base': None}
[0.229s] Level 5:colcon.colcon_core.verb:set package 'rrbot_description' build argument 'cmake_args' from command line to 'None'
[0.229s] Level 5:colcon.colcon_core.verb:set package 'rrbot_description' build argument 'cmake_target' from command line to 'None'
[0.229s] Level 5:colcon.colcon_core.verb:set package 'rrbot_description' build argument 'cmake_target_skip_unavailable' from command line to 'False'
[0.229s] Level 5:colcon.colcon_core.verb:set package 'rrbot_description' build argument 'cmake_clean_cache' from command line to 'False'
[0.229s] Level 5:colcon.colcon_core.verb:set package 'rrbot_description' build argument 'cmake_clean_first' from command line to 'False'
[0.229s] Level 5:colcon.colcon_core.verb:set package 'rrbot_description' build argument 'cmake_force_configure' from command line to 'False'
[0.229s] Level 5:colcon.colcon_core.verb:set package 'rrbot_description' build argument 'ament_cmake_args' from command line to 'None'
[0.229s] Level 5:colcon.colcon_core.verb:set package 'rrbot_description' build argument 'catkin_cmake_args' from command line to 'None'
[0.229s] Level 5:colcon.colcon_core.verb:set package 'rrbot_description' build argument 'catkin_skip_building_tests' from command line to 'False'
[0.229s] DEBUG:colcon.colcon_core.verb:Building package 'rrbot_description' with the following arguments: {'ament_cmake_args': None, 'build_base': '/home/swati/VBM/ros2_ws/build/rrbot_description', 'catkin_cmake_args': None, 'catkin_skip_building_tests': False, 'cmake_args': None, 'cmake_clean_cache': False, 'cmake_clean_first': False, 'cmake_force_configure': False, 'cmake_target': None, 'cmake_target_skip_unavailable': False, 'install_base': '/home/swati/VBM/ros2_ws/install/rrbot_description', 'merge_install': False, 'path': '/home/swati/VBM/ros2_ws/src/rrbot_description', 'symlink_install': False, 'test_result_base': None}
[0.229s] Level 5:colcon.colcon_core.verb:set package 'rrbot_gazebo' build argument 'cmake_args' from command line to 'None'
[0.229s] Level 5:colcon.colcon_core.verb:set package 'rrbot_gazebo' build argument 'cmake_target' from command line to 'None'
[0.229s] Level 5:colcon.colcon_core.verb:set package 'rrbot_gazebo' build argument 'cmake_target_skip_unavailable' from command line to 'False'
[0.229s] Level 5:colcon.colcon_core.verb:set package 'rrbot_gazebo' build argument 'cmake_clean_cache' from command line to 'False'
[0.229s] Level 5:colcon.colcon_core.verb:set package 'rrbot_gazebo' build argument 'cmake_clean_first' from command line to 'False'
[0.229s] Level 5:colcon.colcon_core.verb:set package 'rrbot_gazebo' build argument 'cmake_force_configure' from command line to 'False'
[0.229s] Level 5:colcon.colcon_core.verb:set package 'rrbot_gazebo' build argument 'ament_cmake_args' from command line to 'None'
[0.229s] Level 5:colcon.colcon_core.verb:set package 'rrbot_gazebo' build argument 'catkin_cmake_args' from command line to 'None'
[0.229s] Level 5:colcon.colcon_core.verb:set package 'rrbot_gazebo' build argument 'catkin_skip_building_tests' from command line to 'False'
[0.229s] DEBUG:colcon.colcon_core.verb:Building package 'rrbot_gazebo' with the following arguments: {'ament_cmake_args': None, 'build_base': '/home/swati/VBM/ros2_ws/build/rrbot_gazebo', 'catkin_cmake_args': None, 'catkin_skip_building_tests': False, 'cmake_args': None, 'cmake_clean_cache': False, 'cmake_clean_first': False, 'cmake_force_configure': False, 'cmake_target': None, 'cmake_target_skip_unavailable': False, 'install_base': '/home/swati/VBM/ros2_ws/install/rrbot_gazebo', 'merge_install': False, 'path': '/home/swati/VBM/ros2_ws/src/rrbot_gazebo', 'symlink_install': False, 'test_result_base': None}
[0.229s] INFO:colcon.colcon_core.executor:Executing jobs using 'parallel' executor
[0.230s] DEBUG:colcon.colcon_parallel_executor.executor.parallel:run_until_complete
[0.230s] INFO:colcon.colcon_ros.task.ament_cmake.build:Building ROS package in '/home/swati/VBM/ros2_ws/src/rrbot_description' with build type 'ament_cmake'
[0.230s] INFO:colcon.colcon_cmake.task.cmake.build:Building CMake package in '/home/swati/VBM/ros2_ws/src/rrbot_description'
[0.231s] INFO:colcon.colcon_core.plugin_system:Skipping extension 'colcon_core.shell.bat': Not used on non-Windows systems
[0.231s] INFO:colcon.colcon_core.shell:Skip shell extension 'powershell' for command environment: Not usable outside of PowerShell
[0.232s] DEBUG:colcon.colcon_core.shell:Skip shell extension 'dsv' for command environment
[0.234s] INFO:colcon.colcon_ros.task.ament_python.build:Building ROS package in '/home/swati/VBM/ros2_ws/src/opencv_test_py' with build type 'ament_python'
[0.234s] Level 1:colcon.colcon_core.shell:create_environment_hook('opencv_test_py', 'ament_prefix_path')
[0.234s] INFO:colcon.colcon_core.shell:Creating environment hook '/home/swati/VBM/ros2_ws/install/opencv_test_py/share/opencv_test_py/hook/ament_prefix_path.ps1'
[0.234s] INFO:colcon.colcon_core.shell:Creating environment descriptor '/home/swati/VBM/ros2_ws/install/opencv_test_py/share/opencv_test_py/hook/ament_prefix_path.dsv'
[0.235s] INFO:colcon.colcon_core.shell:Creating environment hook '/home/swati/VBM/ros2_ws/install/opencv_test_py/share/opencv_test_py/hook/ament_prefix_path.sh'
[0.235s] INFO:colcon.colcon_core.shell:Skip shell extension 'powershell' for command environment: Not usable outside of PowerShell
[0.235s] DEBUG:colcon.colcon_core.shell:Skip shell extension 'dsv' for command environment
[0.240s] DEBUG:colcon.colcon_core.event_handler.log_command:Invoking command in '/home/swati/VBM/ros2_ws/build/rrbot_description': CMAKE_PREFIX_PATH=${CMAKE_PREFIX_PATH}:/home/swati/VBM/ros2_ws/install/opencv_test_py:/opt/ros/humble /usr/bin/cmake --build /home/swati/VBM/ros2_ws/build/rrbot_description -- -j20 -l20
[0.398s] INFO:colcon.colcon_core.task.python.build:Building Python package in '/home/swati/VBM/ros2_ws/src/opencv_test_py'
[0.398s] INFO:colcon.colcon_core.shell:Skip shell extension 'powershell' for command environment: Not usable outside of PowerShell
[0.398s] DEBUG:colcon.colcon_core.shell:Skip shell extension 'dsv' for command environment
[0.401s] DEBUG:colcon.colcon_core.event_handler.log_command:Invoked command in '/home/swati/VBM/ros2_ws/build/rrbot_description' returned '0': CMAKE_PREFIX_PATH=${CMAKE_PREFIX_PATH}:/home/swati/VBM/ros2_ws/install/opencv_test_py:/opt/ros/humble /usr/bin/cmake --build /home/swati/VBM/ros2_ws/build/rrbot_description -- -j20 -l20
[0.426s] DEBUG:colcon.colcon_core.event_handler.log_command:Invoking command in '/home/swati/VBM/ros2_ws/build/rrbot_description': CMAKE_PREFIX_PATH=${CMAKE_PREFIX_PATH}:/home/swati/VBM/ros2_ws/install/opencv_test_py:/opt/ros/humble /usr/bin/cmake --install /home/swati/VBM/ros2_ws/build/rrbot_description
[0.433s] Level 1:colcon.colcon_core.environment:create_environment_scripts_only(rrbot_description)
[0.433s] DEBUG:colcon.colcon_core.event_handler.log_command:Invoked command in '/home/swati/VBM/ros2_ws/build/rrbot_description' returned '0': CMAKE_PREFIX_PATH=${CMAKE_PREFIX_PATH}:/home/swati/VBM/ros2_ws/install/opencv_test_py:/opt/ros/humble /usr/bin/cmake --install /home/swati/VBM/ros2_ws/build/rrbot_description
[0.435s] Level 1:colcon.colcon_core.environment:checking '/home/swati/VBM/ros2_ws/install/rrbot_description' for CMake module files
[0.435s] Level 1:colcon.colcon_core.environment:checking '/home/swati/VBM/ros2_ws/install/rrbot_description' for CMake config files
[0.435s] Level 1:colcon.colcon_core.shell:create_environment_hook('rrbot_description', 'cmake_prefix_path')
[0.435s] INFO:colcon.colcon_core.shell:Creating environment hook '/home/swati/VBM/ros2_ws/install/rrbot_description/share/rrbot_description/hook/cmake_prefix_path.ps1'
[0.436s] INFO:colcon.colcon_core.shell:Creating environment descriptor '/home/swati/VBM/ros2_ws/install/rrbot_description/share/rrbot_description/hook/cmake_prefix_path.dsv'
[0.436s] INFO:colcon.colcon_core.shell:Creating environment hook '/home/swati/VBM/ros2_ws/install/rrbot_description/share/rrbot_description/hook/cmake_prefix_path.sh'
[0.436s] Level 1:colcon.colcon_core.environment:checking '/home/swati/VBM/ros2_ws/install/rrbot_description/bin'
[0.436s] Level 1:colcon.colcon_core.environment:checking '/home/swati/VBM/ros2_ws/install/rrbot_description/lib/pkgconfig/rrbot_description.pc'
[0.437s] Level 1:colcon.colcon_core.environment:checking '/home/swati/VBM/ros2_ws/install/rrbot_description/lib/python3.10/site-packages'
[0.437s] Level 1:colcon.colcon_core.environment:checking '/home/swati/VBM/ros2_ws/install/rrbot_description/bin'
[0.437s] INFO:colcon.colcon_core.shell:Creating package script '/home/swati/VBM/ros2_ws/install/rrbot_description/share/rrbot_description/package.ps1'
[0.437s] INFO:colcon.colcon_core.shell:Creating package descriptor '/home/swati/VBM/ros2_ws/install/rrbot_description/share/rrbot_description/package.dsv'
[0.438s] INFO:colcon.colcon_core.shell:Creating package script '/home/swati/VBM/ros2_ws/install/rrbot_description/share/rrbot_description/package.sh'
[0.438s] INFO:colcon.colcon_core.shell:Creating package script '/home/swati/VBM/ros2_ws/install/rrbot_description/share/rrbot_description/package.bash'
[0.439s] INFO:colcon.colcon_core.shell:Creating package script '/home/swati/VBM/ros2_ws/install/rrbot_description/share/rrbot_description/package.zsh'
[0.439s] Level 1:colcon.colcon_core.environment:create_file_with_runtime_dependencies(/home/swati/VBM/ros2_ws/install/rrbot_description/share/colcon-core/packages/rrbot_description)
[0.457s] Level 1:colcon.colcon_core.environment:create_environment_scripts_only(rrbot_description)
[0.458s] Level 1:colcon.colcon_core.environment:checking '/home/swati/VBM/ros2_ws/install/rrbot_description' for CMake module files
[0.458s] Level 1:colcon.colcon_core.environment:checking '/home/swati/VBM/ros2_ws/install/rrbot_description' for CMake config files
[0.458s] Level 1:colcon.colcon_core.shell:create_environment_hook('rrbot_description', 'cmake_prefix_path')
[0.458s] INFO:colcon.colcon_core.shell:Creating environment hook '/home/swati/VBM/ros2_ws/install/rrbot_description/share/rrbot_description/hook/cmake_prefix_path.ps1'
[0.459s] INFO:colcon.colcon_core.shell:Creating environment descriptor '/home/swati/VBM/ros2_ws/install/rrbot_description/share/rrbot_description/hook/cmake_prefix_path.dsv'
[0.459s] INFO:colcon.colcon_core.shell:Creating environment hook '/home/swati/VBM/ros2_ws/install/rrbot_description/share/rrbot_description/hook/cmake_prefix_path.sh'
[0.459s] Level 1:colcon.colcon_core.environment:checking '/home/swati/VBM/ros2_ws/install/rrbot_description/bin'
[0.459s] Level 1:colcon.colcon_core.environment:checking '/home/swati/VBM/ros2_ws/install/rrbot_description/lib/pkgconfig/rrbot_description.pc'
[0.459s] Level 1:colcon.colcon_core.environment:checking '/home/swati/VBM/ros2_ws/install/rrbot_description/lib/python3.10/site-packages'
[0.459s] Level 1:colcon.colcon_core.environment:checking '/home/swati/VBM/ros2_ws/install/rrbot_description/bin'
[0.460s] INFO:colcon.colcon_core.shell:Creating package script '/home/swati/VBM/ros2_ws/install/rrbot_description/share/rrbot_description/package.ps1'
[0.460s] INFO:colcon.colcon_core.shell:Creating package descriptor '/home/swati/VBM/ros2_ws/install/rrbot_description/share/rrbot_description/package.dsv'
[0.460s] INFO:colcon.colcon_core.shell:Creating package script '/home/swati/VBM/ros2_ws/install/rrbot_description/share/rrbot_description/package.sh'
[0.460s] INFO:colcon.colcon_core.shell:Creating package script '/home/swati/VBM/ros2_ws/install/rrbot_description/share/rrbot_description/package.bash'
[0.461s] INFO:colcon.colcon_core.shell:Creating package script '/home/swati/VBM/ros2_ws/install/rrbot_description/share/rrbot_description/package.zsh'
[0.461s] Level 1:colcon.colcon_core.environment:create_file_with_runtime_dependencies(/home/swati/VBM/ros2_ws/install/rrbot_description/share/colcon-core/packages/rrbot_description)
[0.461s] INFO:colcon.colcon_ros.task.ament_cmake.build:Building ROS package in '/home/swati/VBM/ros2_ws/src/rrbot_gazebo' with build type 'ament_cmake'
[0.461s] INFO:colcon.colcon_cmake.task.cmake.build:Building CMake package in '/home/swati/VBM/ros2_ws/src/rrbot_gazebo'
[0.461s] INFO:colcon.colcon_core.shell:Skip shell extension 'powershell' for command environment: Not usable outside of PowerShell
[0.461s] DEBUG:colcon.colcon_core.shell:Skip shell extension 'dsv' for command environment
[0.467s] DEBUG:colcon.colcon_core.event_handler.log_command:Invoking command in '/home/swati/VBM/ros2_ws/build/rrbot_gazebo': CMAKE_PREFIX_PATH=/home/swati/VBM/ros2_ws/install/rrbot_description:/home/swati/VBM/ros2_ws/install/rrbot_gazebo:/home/swati/VBM/ros2_ws/install/opencv_test_py:/opt/ros/humble /usr/bin/cmake --build /home/swati/VBM/ros2_ws/build/rrbot_gazebo -- -j20 -l20
[0.519s] DEBUG:colcon.colcon_core.event_handler.log_command:Invoked command in '/home/swati/VBM/ros2_ws/build/rrbot_gazebo' returned '0': CMAKE_PREFIX_PATH=/home/swati/VBM/ros2_ws/install/rrbot_description:/home/swati/VBM/ros2_ws/install/rrbot_gazebo:/home/swati/VBM/ros2_ws/install/opencv_test_py:/opt/ros/humble /usr/bin/cmake --build /home/swati/VBM/ros2_ws/build/rrbot_gazebo -- -j20 -l20
[0.545s] DEBUG:colcon.colcon_core.event_handler.log_command:Invoking command in '/home/swati/VBM/ros2_ws/build/rrbot_gazebo': CMAKE_PREFIX_PATH=/home/swati/VBM/ros2_ws/install/rrbot_description:/home/swati/VBM/ros2_ws/install/rrbot_gazebo:/home/swati/VBM/ros2_ws/install/opencv_test_py:/opt/ros/humble /usr/bin/cmake --install /home/swati/VBM/ros2_ws/build/rrbot_gazebo
[0.553s] Level 1:colcon.colcon_core.environment:create_environment_scripts_only(rrbot_gazebo)
[0.553s] DEBUG:colcon.colcon_core.event_handler.log_command:Invoked command in '/home/swati/VBM/ros2_ws/build/rrbot_gazebo' returned '0': CMAKE_PREFIX_PATH=/home/swati/VBM/ros2_ws/install/rrbot_description:/home/swati/VBM/ros2_ws/install/rrbot_gazebo:/home/swati/VBM/ros2_ws/install/opencv_test_py:/opt/ros/humble /usr/bin/cmake --install /home/swati/VBM/ros2_ws/build/rrbot_gazebo
[0.554s] Level 1:colcon.colcon_core.environment:checking '/home/swati/VBM/ros2_ws/install/rrbot_gazebo' for CMake module files
[0.554s] Level 1:colcon.colcon_core.environment:checking '/home/swati/VBM/ros2_ws/install/rrbot_gazebo' for CMake config files
[0.555s] Level 1:colcon.colcon_core.shell:create_environment_hook('rrbot_gazebo', 'cmake_prefix_path')
[0.555s] INFO:colcon.colcon_core.shell:Creating environment hook '/home/swati/VBM/ros2_ws/install/rrbot_gazebo/share/rrbot_gazebo/hook/cmake_prefix_path.ps1'
[0.555s] INFO:colcon.colcon_core.shell:Creating environment descriptor '/home/swati/VBM/ros2_ws/install/rrbot_gazebo/share/rrbot_gazebo/hook/cmake_prefix_path.dsv'
[0.555s] INFO:colcon.colcon_core.shell:Creating environment hook '/home/swati/VBM/ros2_ws/install/rrbot_gazebo/share/rrbot_gazebo/hook/cmake_prefix_path.sh'
[0.556s] Level 1:colcon.colcon_core.environment:checking '/home/swati/VBM/ros2_ws/install/rrbot_gazebo/lib'
[0.556s] Level 1:colcon.colcon_core.environment:checking '/home/swati/VBM/ros2_ws/install/rrbot_gazebo/bin'
[0.556s] Level 1:colcon.colcon_core.environment:checking '/home/swati/VBM/ros2_ws/install/rrbot_gazebo/lib/pkgconfig/rrbot_gazebo.pc'
[0.556s] Level 1:colcon.colcon_core.environment:checking '/home/swati/VBM/ros2_ws/install/rrbot_gazebo/lib/python3.10/site-packages'
[0.556s] Level 1:colcon.colcon_core.environment:checking '/home/swati/VBM/ros2_ws/install/rrbot_gazebo/bin'
[0.556s] INFO:colcon.colcon_core.shell:Creating package script '/home/swati/VBM/ros2_ws/install/rrbot_gazebo/share/rrbot_gazebo/package.ps1'
[0.557s] INFO:colcon.colcon_core.shell:Creating package descriptor '/home/swati/VBM/ros2_ws/install/rrbot_gazebo/share/rrbot_gazebo/package.dsv'
[0.557s] INFO:colcon.colcon_core.shell:Creating package script '/home/swati/VBM/ros2_ws/install/rrbot_gazebo/share/rrbot_gazebo/package.sh'
[0.557s] INFO:colcon.colcon_core.shell:Creating package script '/home/swati/VBM/ros2_ws/install/rrbot_gazebo/share/rrbot_gazebo/package.bash'
[0.557s] INFO:colcon.colcon_core.shell:Creating package script '/home/swati/VBM/ros2_ws/install/rrbot_gazebo/share/rrbot_gazebo/package.zsh'
[0.557s] Level 1:colcon.colcon_core.environment:create_file_with_runtime_dependencies(/home/swati/VBM/ros2_ws/install/rrbot_gazebo/share/colcon-core/packages/rrbot_gazebo)
[0.581s] Level 1:colcon.colcon_core.environment:create_environment_scripts_only(rrbot_gazebo)
[0.582s] Level 1:colcon.colcon_core.environment:checking '/home/swati/VBM/ros2_ws/install/rrbot_gazebo' for CMake module files
[0.582s] Level 1:colcon.colcon_core.environment:checking '/home/swati/VBM/ros2_ws/install/rrbot_gazebo' for CMake config files
[0.582s] Level 1:colcon.colcon_core.shell:create_environment_hook('rrbot_gazebo', 'cmake_prefix_path')
[0.582s] INFO:colcon.colcon_core.shell:Creating environment hook '/home/swati/VBM/ros2_ws/install/rrbot_gazebo/share/rrbot_gazebo/hook/cmake_prefix_path.ps1'
[0.582s] INFO:colcon.colcon_core.shell:Creating environment descriptor '/home/swati/VBM/ros2_ws/install/rrbot_gazebo/share/rrbot_gazebo/hook/cmake_prefix_path.dsv'
[0.583s] INFO:colcon.colcon_core.shell:Creating environment hook '/home/swati/VBM/ros2_ws/install/rrbot_gazebo/share/rrbot_gazebo/hook/cmake_prefix_path.sh'
[0.583s] Level 1:colcon.colcon_core.environment:checking '/home/swati/VBM/ros2_ws/install/rrbot_gazebo/lib'
[0.583s] Level 1:colcon.colcon_core.environment:checking '/home/swati/VBM/ros2_ws/install/rrbot_gazebo/bin'
[0.583s] Level 1:colcon.colcon_core.environment:checking '/home/swati/VBM/ros2_ws/install/rrbot_gazebo/lib/pkgconfig/rrbot_gazebo.pc'
[0.583s] Level 1:colcon.colcon_core.environment:checking '/home/swati/VBM/ros2_ws/install/rrbot_gazebo/lib/python3.10/site-packages'
[0.583s] Level 1:colcon.colcon_core.environment:checking '/home/swati/VBM/ros2_ws/install/rrbot_gazebo/bin'
[0.584s] INFO:colcon.colcon_core.shell:Creating package script '/home/swati/VBM/ros2_ws/install/rrbot_gazebo/share/rrbot_gazebo/package.ps1'
[0.584s] INFO:colcon.colcon_core.shell:Creating package descriptor '/home/swati/VBM/ros2_ws/install/rrbot_gazebo/share/rrbot_gazebo/package.dsv'
[0.584s] INFO:colcon.colcon_core.shell:Creating package script '/home/swati/VBM/ros2_ws/install/rrbot_gazebo/share/rrbot_gazebo/package.sh'
[0.584s] INFO:colcon.colcon_core.shell:Creating package script '/home/swati/VBM/ros2_ws/install/rrbot_gazebo/share/rrbot_gazebo/package.bash'
[0.584s] INFO:colcon.colcon_core.shell:Creating package script '/home/swati/VBM/ros2_ws/install/rrbot_gazebo/share/rrbot_gazebo/package.zsh'
[0.585s] Level 1:colcon.colcon_core.environment:create_file_with_runtime_dependencies(/home/swati/VBM/ros2_ws/install/rrbot_gazebo/share/colcon-core/packages/rrbot_gazebo)
[0.644s] DEBUG:colcon.colcon_core.event_handler.log_command:Invoking command in '/home/swati/VBM/ros2_ws/src/opencv_test_py': PYTHONPATH=/home/swati/VBM/ros2_ws/build/opencv_test_py/prefix_override:/usr/lib/python3/dist-packages/colcon_core/task/python/colcon_distutils_commands:/home/swati/VBM/ros2_ws/install/opencv_test_py/lib/python3.10/site-packages:${PYTHONPATH} /usr/bin/python3 -W ignore:setup.py install is deprecated setup.py egg_info --egg-base ../../build/opencv_test_py build --build-base /home/swati/VBM/ros2_ws/build/opencv_test_py/build install --record /home/swati/VBM/ros2_ws/build/opencv_test_py/install.log --single-version-externally-managed install_data
[0.825s] Level 1:colcon.colcon_core.environment:checking '/home/swati/VBM/ros2_ws/install/opencv_test_py' for CMake module files
[0.826s] DEBUG:colcon.colcon_core.event_handler.log_command:Invoked command in '/home/swati/VBM/ros2_ws/src/opencv_test_py' returned '0': PYTHONPATH=/home/swati/VBM/ros2_ws/build/opencv_test_py/prefix_override:/usr/lib/python3/dist-packages/colcon_core/task/python/colcon_distutils_commands:/home/swati/VBM/ros2_ws/install/opencv_test_py/lib/python3.10/site-packages:${PYTHONPATH} /usr/bin/python3 -W ignore:setup.py install is deprecated setup.py egg_info --egg-base ../../build/opencv_test_py build --build-base /home/swati/VBM/ros2_ws/build/opencv_test_py/build install --record /home/swati/VBM/ros2_ws/build/opencv_test_py/install.log --single-version-externally-managed install_data
[0.826s] Level 1:colcon.colcon_core.environment:checking '/home/swati/VBM/ros2_ws/install/opencv_test_py' for CMake config files
[0.826s] Level 1:colcon.colcon_core.environment:checking '/home/swati/VBM/ros2_ws/install/opencv_test_py/lib'
[0.826s] Level 1:colcon.colcon_core.environment:checking '/home/swati/VBM/ros2_ws/install/opencv_test_py/bin'
[0.826s] Level 1:colcon.colcon_core.environment:checking '/home/swati/VBM/ros2_ws/install/opencv_test_py/lib/pkgconfig/opencv_test_py.pc'
[0.826s] Level 1:colcon.colcon_core.environment:checking '/home/swati/VBM/ros2_ws/install/opencv_test_py/lib/python3.10/site-packages'
[0.826s] Level 1:colcon.colcon_core.shell:create_environment_hook('opencv_test_py', 'pythonpath')
[0.827s] INFO:colcon.colcon_core.shell:Creating environment hook '/home/swati/VBM/ros2_ws/install/opencv_test_py/share/opencv_test_py/hook/pythonpath.ps1'
[0.827s] INFO:colcon.colcon_core.shell:Creating environment descriptor '/home/swati/VBM/ros2_ws/install/opencv_test_py/share/opencv_test_py/hook/pythonpath.dsv'
[0.827s] INFO:colcon.colcon_core.shell:Creating environment hook '/home/swati/VBM/ros2_ws/install/opencv_test_py/share/opencv_test_py/hook/pythonpath.sh'
[0.827s] Level 1:colcon.colcon_core.environment:checking '/home/swati/VBM/ros2_ws/install/opencv_test_py/bin'
[0.828s] Level 1:colcon.colcon_core.environment:create_environment_scripts_only(opencv_test_py)
[0.828s] INFO:colcon.colcon_core.shell:Creating package script '/home/swati/VBM/ros2_ws/install/opencv_test_py/share/opencv_test_py/package.ps1'
[0.828s] INFO:colcon.colcon_core.shell:Creating package descriptor '/home/swati/VBM/ros2_ws/install/opencv_test_py/share/opencv_test_py/package.dsv'
[0.828s] INFO:colcon.colcon_core.shell:Creating package script '/home/swati/VBM/ros2_ws/install/opencv_test_py/share/opencv_test_py/package.sh'
[0.829s] INFO:colcon.colcon_core.shell:Creating package script '/home/swati/VBM/ros2_ws/install/opencv_test_py/share/opencv_test_py/package.bash'
[0.829s] INFO:colcon.colcon_core.shell:Creating package script '/home/swati/VBM/ros2_ws/install/opencv_test_py/share/opencv_test_py/package.zsh'
[0.829s] Level 1:colcon.colcon_core.environment:create_file_with_runtime_dependencies(/home/swati/VBM/ros2_ws/install/opencv_test_py/share/colcon-core/packages/opencv_test_py)
[0.829s] DEBUG:colcon.colcon_parallel_executor.executor.parallel:closing loop
[0.829s] DEBUG:colcon.colcon_parallel_executor.executor.parallel:loop closed
[0.829s] DEBUG:colcon.colcon_parallel_executor.executor.parallel:run_until_complete finished with '0'
[0.829s] DEBUG:colcon.colcon_core.event_reactor:joining thread
[0.833s] INFO:colcon.colcon_core.plugin_system:Skipping extension 'colcon_notification.desktop_notification.terminal_notifier': Not used on non-Darwin systems
[0.833s] INFO:colcon.colcon_core.plugin_system:Skipping extension 'colcon_notification.desktop_notification.win32': Not used on non-Windows systems
[0.833s] INFO:colcon.colcon_notification.desktop_notification:Sending desktop notification using 'notify2'
[0.844s] DEBUG:colcon.colcon_core.event_reactor:joined thread
[0.845s] INFO:colcon.colcon_core.shell:Creating prefix script '/home/swati/VBM/ros2_ws/install/local_setup.ps1'
[0.845s] INFO:colcon.colcon_core.shell:Creating prefix util module '/home/swati/VBM/ros2_ws/install/_local_setup_util_ps1.py'
[0.846s] INFO:colcon.colcon_core.shell:Creating prefix chain script '/home/swati/VBM/ros2_ws/install/setup.ps1'
[0.847s] INFO:colcon.colcon_core.shell:Creating prefix script '/home/swati/VBM/ros2_ws/install/local_setup.sh'
[0.847s] INFO:colcon.colcon_core.shell:Creating prefix util module '/home/swati/VBM/ros2_ws/install/_local_setup_util_sh.py'
[0.848s] INFO:colcon.colcon_core.shell:Creating prefix chain script '/home/swati/VBM/ros2_ws/install/setup.sh'
[0.848s] INFO:colcon.colcon_core.shell:Creating prefix script '/home/swati/VBM/ros2_ws/install/local_setup.bash'
[0.849s] INFO:colcon.colcon_core.shell:Creating prefix chain script '/home/swati/VBM/ros2_ws/install/setup.bash'
[0.849s] INFO:colcon.colcon_core.shell:Creating prefix script '/home/swati/VBM/ros2_ws/install/local_setup.zsh'
[0.850s] INFO:colcon.colcon_core.shell:Creating prefix chain script '/home/swati/VBM/ros2_ws/install/setup.zsh'
