[0.015s] Invoking command in '/home/swati/VBM/ros2_ws/build/rrbot_description': CMAKE_PREFIX_PATH=${CMAKE_PREFIX_PATH}:/home/swati/VBM/ros2_ws/install/visual_servo:/home/swati/VBM/ros2_ws/install/opencv_test_py:/opt/ros/humble /usr/bin/cmake --build /home/swati/VBM/ros2_ws/build/rrbot_description -- -j20 -l20
[0.183s] Invoked command in '/home/swati/VBM/ros2_ws/build/rrbot_description' returned '0': CMAKE_PREFIX_PATH=${CMAKE_PREFIX_PATH}:/home/swati/VBM/ros2_ws/install/visual_servo:/home/swati/VBM/ros2_ws/install/opencv_test_py:/opt/ros/humble /usr/bin/cmake --build /home/swati/VBM/ros2_ws/build/rrbot_description -- -j20 -l20
[0.355s] Invoking command in '/home/swati/VBM/ros2_ws/build/rrbot_description': CMAKE_PREFIX_PATH=${CMAKE_PREFIX_PATH}:/home/swati/VBM/ros2_ws/install/visual_servo:/home/swati/VBM/ros2_ws/install/opencv_test_py:/opt/ros/humble /usr/bin/cmake --install /home/swati/VBM/ros2_ws/build/rrbot_description
[0.361s] -- Install configuration: ""
[0.361s] -- Up-to-date: /home/swati/VBM/ros2_ws/install/rrbot_description/share/rrbot_description/config
[0.362s] -- Up-to-date: /home/swati/VBM/ros2_ws/install/rrbot_description/share/rrbot_description/config/rrbot.rviz
[0.362s] -- Up-to-date: /home/swati/VBM/ros2_ws/install/rrbot_description/share/rrbot_description/gazebo
[0.362s] -- Up-to-date: /home/swati/VBM/ros2_ws/install/rrbot_description/share/rrbot_description/gazebo/rrbot.gazebo.xacro
[0.362s] -- Up-to-date: /home/swati/VBM/ros2_ws/install/rrbot_description/share/rrbot_description/gazebo/rrbot.materials.xacro
[0.362s] -- Up-to-date: /home/swati/VBM/ros2_ws/install/rrbot_description/share/rrbot_description/meshes
[0.362s] -- Up-to-date: /home/swati/VBM/ros2_ws/install/rrbot_description/share/rrbot_description/meshes/hokuyo.dae
[0.362s] -- Up-to-date: /home/swati/VBM/ros2_ws/install/rrbot_description/share/rrbot_description/launch
[0.362s] -- Up-to-date: /home/swati/VBM/ros2_ws/install/rrbot_description/share/rrbot_description/launch/view_robot.launch.py
[0.362s] -- Up-to-date: /home/swati/VBM/ros2_ws/install/rrbot_description/share/rrbot_description/ros2_control
[0.362s] -- Up-to-date: /home/swati/VBM/ros2_ws/install/rrbot_description/share/rrbot_description/ros2_control/rrbot.ros2_control.xacro
[0.362s] -- Up-to-date: /home/swati/VBM/ros2_ws/install/rrbot_description/share/rrbot_description/urdf
[0.362s] -- Up-to-date: /home/swati/VBM/ros2_ws/install/rrbot_description/share/rrbot_description/urdf/rrbot_description.urdf.xacro
[0.362s] -- Up-to-date: /home/swati/VBM/ros2_ws/install/rrbot_description/share/rrbot_description/urdf/rrbot.urdf.xacro
[0.362s] -- Up-to-date: /home/swati/VBM/ros2_ws/install/rrbot_description/share/rrbot_description/urdf/object.urdf
[0.362s] -- Up-to-date: /home/swati/VBM/ros2_ws/install/rrbot_description/share/rrbot_description/environment/rrbot_description.dsv
[0.362s] -- Up-to-date: /home/swati/VBM/ros2_ws/install/rrbot_description/share/ament_index/resource_index/package_run_dependencies/rrbot_description
[0.362s] -- Up-to-date: /home/swati/VBM/ros2_ws/install/rrbot_description/share/ament_index/resource_index/parent_prefix_path/rrbot_description
[0.362s] -- Up-to-date: /home/swati/VBM/ros2_ws/install/rrbot_description/share/rrbot_description/environment/ament_prefix_path.sh
[0.362s] -- Up-to-date: /home/swati/VBM/ros2_ws/install/rrbot_description/share/rrbot_description/environment/ament_prefix_path.dsv
[0.362s] -- Up-to-date: /home/swati/VBM/ros2_ws/install/rrbot_description/share/rrbot_description/environment/path.sh
[0.362s] -- Up-to-date: /home/swati/VBM/ros2_ws/install/rrbot_description/share/rrbot_description/environment/path.dsv
[0.363s] -- Up-to-date: /home/swati/VBM/ros2_ws/install/rrbot_description/share/rrbot_description/local_setup.bash
[0.363s] -- Up-to-date: /home/swati/VBM/ros2_ws/install/rrbot_description/share/rrbot_description/local_setup.sh
[0.363s] -- Up-to-date: /home/swati/VBM/ros2_ws/install/rrbot_description/share/rrbot_description/local_setup.zsh
[0.363s] -- Up-to-date: /home/swati/VBM/ros2_ws/install/rrbot_description/share/rrbot_description/local_setup.dsv
[0.363s] -- Installing: /home/swati/VBM/ros2_ws/install/rrbot_description/share/rrbot_description/package.dsv
[0.363s] -- Up-to-date: /home/swati/VBM/ros2_ws/install/rrbot_description/share/ament_index/resource_index/packages/rrbot_description
[0.363s] -- Up-to-date: /home/swati/VBM/ros2_ws/install/rrbot_description/share/rrbot_description/cmake/rrbot_descriptionConfig.cmake
[0.363s] -- Up-to-date: /home/swati/VBM/ros2_ws/install/rrbot_description/share/rrbot_description/cmake/rrbot_descriptionConfig-version.cmake
[0.363s] -- Up-to-date: /home/swati/VBM/ros2_ws/install/rrbot_description/share/rrbot_description/package.xml
[0.364s] Invoked command in '/home/swati/VBM/ros2_ws/build/rrbot_description' returned '0': CMAKE_PREFIX_PATH=${CMAKE_PREFIX_PATH}:/home/swati/VBM/ros2_ws/install/visual_servo:/home/swati/VBM/ros2_ws/install/opencv_test_py:/opt/ros/humble /usr/bin/cmake --install /home/swati/VBM/ros2_ws/build/rrbot_description
