[0.135s] DEBUG:colcon:Command line arguments: ['/usr/bin/colcon', 'build']
[0.135s] DEBUG:colcon:Parsed command line arguments: Namespace(log_base=None, log_level=None, verb_name='build', build_base='build', install_base='install', merge_install=False, symlink_install=False, test_result_base=None, continue_on_error=False, executor='parallel', parallel_workers=20, event_handlers=None, ignore_user_meta=False, metas=['./colcon.meta'], base_paths=['.'], packages_ignore=None, packages_ignore_regex=None, paths=None, packages_up_to=None, packages_up_to_regex=None, packages_above=None, packages_above_and_dependencies=None, packages_above_depth=None, packages_select_by_dep=None, packages_skip_by_dep=None, packages_skip_up_to=None, packages_select_build_failed=False, packages_skip_build_finished=False, packages_select_test_failures=False, packages_skip_test_passed=False, packages_select=None, packages_skip=None, packages_select_regex=None, packages_skip_regex=None, packages_start=None, packages_end=None, allow_overriding=[], cmake_args=None, cmake_target=None, cmake_target_skip_unavailable=False, cmake_clean_cache=False, cmake_clean_first=False, cmake_force_configure=False, ament_cmake_args=None, catkin_cmake_args=None, catkin_skip_building_tests=False, mixin_files=None, mixin=None, verb_parser=<colcon_mixin.mixin.mixin_argument.MixinArgumentDecorator object at 0x721f1fa435e0>, verb_extension=<colcon_core.verb.build.BuildVerb object at 0x721f1fa42fb0>, main=<bound method BuildVerb.main of <colcon_core.verb.build.BuildVerb object at 0x721f1fa42fb0>>, mixin_verb=('build',))
[0.276s] Level 1:colcon.colcon_core.package_discovery:discover_packages(colcon_meta) check parameters
[0.276s] Level 1:colcon.colcon_core.package_discovery:discover_packages(recursive) check parameters
[0.276s] Level 1:colcon.colcon_core.package_discovery:discover_packages(ignore) check parameters
[0.276s] Level 1:colcon.colcon_core.package_discovery:discover_packages(path) check parameters
[0.276s] Level 1:colcon.colcon_core.package_discovery:discover_packages(colcon_meta) discover
[0.276s] Level 1:colcon.colcon_core.package_discovery:discover_packages(recursive) discover
[0.276s] INFO:colcon.colcon_core.package_discovery:Crawling recursively for packages in '/home/swati/VBM/ros2_ws'
[0.276s] Level 1:colcon.colcon_core.package_identification:_identify(.) by extensions ['ignore', 'ignore_ament_install']
[0.277s] Level 1:colcon.colcon_core.package_identification:_identify(.) by extension 'ignore'
[0.277s] Level 1:colcon.colcon_core.package_identification:_identify(.) by extension 'ignore_ament_install'
[0.277s] Level 1:colcon.colcon_core.package_identification:_identify(.) by extensions ['colcon_pkg']
[0.277s] Level 1:colcon.colcon_core.package_identification:_identify(.) by extension 'colcon_pkg'
[0.277s] Level 1:colcon.colcon_core.package_identification:_identify(.) by extensions ['colcon_meta']
[0.277s] Level 1:colcon.colcon_core.package_identification:_identify(.) by extension 'colcon_meta'
[0.277s] Level 1:colcon.colcon_core.package_identification:_identify(.) by extensions ['ros']
[0.277s] Level 1:colcon.colcon_core.package_identification:_identify(.) by extension 'ros'
[0.284s] Level 1:colcon.colcon_core.package_identification:_identify(.) by extensions ['cmake', 'python']
[0.284s] Level 1:colcon.colcon_core.package_identification:_identify(.) by extension 'cmake'
[0.284s] Level 1:colcon.colcon_core.package_identification:_identify(.) by extension 'python'
[0.284s] Level 1:colcon.colcon_core.package_identification:_identify(.) by extensions ['python_setup_py']
[0.284s] Level 1:colcon.colcon_core.package_identification:_identify(.) by extension 'python_setup_py'
[0.284s] Level 1:colcon.colcon_core.package_identification:_identify(build) by extensions ['ignore', 'ignore_ament_install']
[0.284s] Level 1:colcon.colcon_core.package_identification:_identify(build) by extension 'ignore'
[0.284s] Level 1:colcon.colcon_core.package_identification:_identify(build) ignored
[0.284s] Level 1:colcon.colcon_core.package_identification:_identify(install) by extensions ['ignore', 'ignore_ament_install']
[0.284s] Level 1:colcon.colcon_core.package_identification:_identify(install) by extension 'ignore'
[0.284s] Level 1:colcon.colcon_core.package_identification:_identify(install) ignored
[0.284s] Level 1:colcon.colcon_core.package_identification:_identify(log) by extensions ['ignore', 'ignore_ament_install']
[0.285s] Level 1:colcon.colcon_core.package_identification:_identify(log) by extension 'ignore'
[0.285s] Level 1:colcon.colcon_core.package_identification:_identify(log) ignored
[0.285s] Level 1:colcon.colcon_core.package_identification:_identify(src) by extensions ['ignore', 'ignore_ament_install']
[0.285s] Level 1:colcon.colcon_core.package_identification:_identify(src) by extension 'ignore'
[0.285s] Level 1:colcon.colcon_core.package_identification:_identify(src) by extension 'ignore_ament_install'
[0.285s] Level 1:colcon.colcon_core.package_identification:_identify(src) by extensions ['colcon_pkg']
[0.285s] Level 1:colcon.colcon_core.package_identification:_identify(src) by extension 'colcon_pkg'
[0.285s] Level 1:colcon.colcon_core.package_identification:_identify(src) by extensions ['colcon_meta']
[0.285s] Level 1:colcon.colcon_core.package_identification:_identify(src) by extension 'colcon_meta'
[0.285s] Level 1:colcon.colcon_core.package_identification:_identify(src) by extensions ['ros']
[0.285s] Level 1:colcon.colcon_core.package_identification:_identify(src) by extension 'ros'
[0.285s] Level 1:colcon.colcon_core.package_identification:_identify(src) by extensions ['cmake', 'python']
[0.285s] Level 1:colcon.colcon_core.package_identification:_identify(src) by extension 'cmake'
[0.285s] Level 1:colcon.colcon_core.package_identification:_identify(src) by extension 'python'
[0.285s] Level 1:colcon.colcon_core.package_identification:_identify(src) by extensions ['python_setup_py']
[0.285s] Level 1:colcon.colcon_core.package_identification:_identify(src) by extension 'python_setup_py'
[0.285s] Level 1:colcon.colcon_core.package_identification:_identify(src/custom_interfaces) by extensions ['ignore', 'ignore_ament_install']
[0.285s] Level 1:colcon.colcon_core.package_identification:_identify(src/custom_interfaces) by extension 'ignore'
[0.285s] Level 1:colcon.colcon_core.package_identification:_identify(src/custom_interfaces) by extension 'ignore_ament_install'
[0.285s] Level 1:colcon.colcon_core.package_identification:_identify(src/custom_interfaces) by extensions ['colcon_pkg']
[0.285s] Level 1:colcon.colcon_core.package_identification:_identify(src/custom_interfaces) by extension 'colcon_pkg'
[0.285s] Level 1:colcon.colcon_core.package_identification:_identify(src/custom_interfaces) by extensions ['colcon_meta']
[0.285s] Level 1:colcon.colcon_core.package_identification:_identify(src/custom_interfaces) by extension 'colcon_meta'
[0.285s] Level 1:colcon.colcon_core.package_identification:_identify(src/custom_interfaces) by extensions ['ros']
[0.285s] Level 1:colcon.colcon_core.package_identification:_identify(src/custom_interfaces) by extension 'ros'
[0.287s] DEBUG:colcon.colcon_core.package_identification:Package 'src/custom_interfaces' with type 'ros.ament_cmake' and name 'custom_interfaces'
[0.287s] Level 1:colcon.colcon_core.package_identification:_identify(src/opencv_test_py) by extensions ['ignore', 'ignore_ament_install']
[0.287s] Level 1:colcon.colcon_core.package_identification:_identify(src/opencv_test_py) by extension 'ignore'
[0.287s] Level 1:colcon.colcon_core.package_identification:_identify(src/opencv_test_py) by extension 'ignore_ament_install'
[0.287s] Level 1:colcon.colcon_core.package_identification:_identify(src/opencv_test_py) by extensions ['colcon_pkg']
[0.287s] Level 1:colcon.colcon_core.package_identification:_identify(src/opencv_test_py) by extension 'colcon_pkg'
[0.287s] Level 1:colcon.colcon_core.package_identification:_identify(src/opencv_test_py) by extensions ['colcon_meta']
[0.287s] Level 1:colcon.colcon_core.package_identification:_identify(src/opencv_test_py) by extension 'colcon_meta'
[0.287s] Level 1:colcon.colcon_core.package_identification:_identify(src/opencv_test_py) by extensions ['ros']
[0.287s] Level 1:colcon.colcon_core.package_identification:_identify(src/opencv_test_py) by extension 'ros'
[0.288s] DEBUG:colcon.colcon_core.package_identification:Package 'src/opencv_test_py' with type 'ros.ament_python' and name 'opencv_test_py'
[0.288s] Level 1:colcon.colcon_core.package_identification:_identify(src/rrbot_description) by extensions ['ignore', 'ignore_ament_install']
[0.288s] Level 1:colcon.colcon_core.package_identification:_identify(src/rrbot_description) by extension 'ignore'
[0.288s] Level 1:colcon.colcon_core.package_identification:_identify(src/rrbot_description) by extension 'ignore_ament_install'
[0.288s] Level 1:colcon.colcon_core.package_identification:_identify(src/rrbot_description) by extensions ['colcon_pkg']
[0.288s] Level 1:colcon.colcon_core.package_identification:_identify(src/rrbot_description) by extension 'colcon_pkg'
[0.288s] Level 1:colcon.colcon_core.package_identification:_identify(src/rrbot_description) by extensions ['colcon_meta']
[0.288s] Level 1:colcon.colcon_core.package_identification:_identify(src/rrbot_description) by extension 'colcon_meta'
[0.288s] Level 1:colcon.colcon_core.package_identification:_identify(src/rrbot_description) by extensions ['ros']
[0.288s] Level 1:colcon.colcon_core.package_identification:_identify(src/rrbot_description) by extension 'ros'
[0.289s] DEBUG:colcon.colcon_core.package_identification:Package 'src/rrbot_description' with type 'ros.ament_cmake' and name 'rrbot_description'
[0.289s] Level 1:colcon.colcon_core.package_identification:_identify(src/rrbot_gazebo) by extensions ['ignore', 'ignore_ament_install']
[0.289s] Level 1:colcon.colcon_core.package_identification:_identify(src/rrbot_gazebo) by extension 'ignore'
[0.289s] Level 1:colcon.colcon_core.package_identification:_identify(src/rrbot_gazebo) by extension 'ignore_ament_install'
[0.289s] Level 1:colcon.colcon_core.package_identification:_identify(src/rrbot_gazebo) by extensions ['colcon_pkg']
[0.289s] Level 1:colcon.colcon_core.package_identification:_identify(src/rrbot_gazebo) by extension 'colcon_pkg'
[0.289s] Level 1:colcon.colcon_core.package_identification:_identify(src/rrbot_gazebo) by extensions ['colcon_meta']
[0.289s] Level 1:colcon.colcon_core.package_identification:_identify(src/rrbot_gazebo) by extension 'colcon_meta'
[0.289s] Level 1:colcon.colcon_core.package_identification:_identify(src/rrbot_gazebo) by extensions ['ros']
[0.289s] Level 1:colcon.colcon_core.package_identification:_identify(src/rrbot_gazebo) by extension 'ros'
[0.289s] DEBUG:colcon.colcon_core.package_identification:Package 'src/rrbot_gazebo' with type 'ros.ament_cmake' and name 'rrbot_gazebo'
[0.290s] Level 1:colcon.colcon_core.package_identification:_identify(src/visual_servo) by extensions ['ignore', 'ignore_ament_install']
[0.290s] Level 1:colcon.colcon_core.package_identification:_identify(src/visual_servo) by extension 'ignore'
[0.290s] Level 1:colcon.colcon_core.package_identification:_identify(src/visual_servo) by extension 'ignore_ament_install'
[0.290s] Level 1:colcon.colcon_core.package_identification:_identify(src/visual_servo) by extensions ['colcon_pkg']
[0.290s] Level 1:colcon.colcon_core.package_identification:_identify(src/visual_servo) by extension 'colcon_pkg'
[0.290s] Level 1:colcon.colcon_core.package_identification:_identify(src/visual_servo) by extensions ['colcon_meta']
[0.290s] Level 1:colcon.colcon_core.package_identification:_identify(src/visual_servo) by extension 'colcon_meta'
[0.290s] Level 1:colcon.colcon_core.package_identification:_identify(src/visual_servo) by extensions ['ros']
[0.290s] Level 1:colcon.colcon_core.package_identification:_identify(src/visual_servo) by extension 'ros'
[0.290s] DEBUG:colcon.colcon_core.package_identification:Package 'src/visual_servo' with type 'ros.ament_python' and name 'visual_servo'
[0.290s] Level 1:colcon.colcon_core.package_discovery:discover_packages(recursive) using defaults
[0.290s] Level 1:colcon.colcon_core.package_discovery:discover_packages(ignore) discover
[0.290s] Level 1:colcon.colcon_core.package_discovery:discover_packages(ignore) using defaults
[0.290s] Level 1:colcon.colcon_core.package_discovery:discover_packages(path) discover
[0.290s] Level 1:colcon.colcon_core.package_discovery:discover_packages(path) using defaults
[0.313s] Level 1:colcon.colcon_core.package_discovery:discover_packages(prefix_path) check parameters
[0.313s] Level 1:colcon.colcon_core.package_discovery:discover_packages(prefix_path) discover
[0.315s] DEBUG:colcon.colcon_installed_package_information.package_discovery:Found 5 installed packages in /home/swati/VBM/ros2_ws/install
[0.316s] DEBUG:colcon.colcon_installed_package_information.package_discovery:Found 337 installed packages in /opt/ros/humble
[0.317s] Level 1:colcon.colcon_core.package_discovery:discover_packages(prefix_path) using defaults
[0.343s] Level 5:colcon.colcon_core.verb:set package 'custom_interfaces' build argument 'cmake_args' from command line to 'None'
[0.343s] Level 5:colcon.colcon_core.verb:set package 'custom_interfaces' build argument 'cmake_target' from command line to 'None'
[0.343s] Level 5:colcon.colcon_core.verb:set package 'custom_interfaces' build argument 'cmake_target_skip_unavailable' from command line to 'False'
[0.343s] Level 5:colcon.colcon_core.verb:set package 'custom_interfaces' build argument 'cmake_clean_cache' from command line to 'False'
[0.343s] Level 5:colcon.colcon_core.verb:set package 'custom_interfaces' build argument 'cmake_clean_first' from command line to 'False'
[0.343s] Level 5:colcon.colcon_core.verb:set package 'custom_interfaces' build argument 'cmake_force_configure' from command line to 'False'
[0.343s] Level 5:colcon.colcon_core.verb:set package 'custom_interfaces' build argument 'ament_cmake_args' from command line to 'None'
[0.343s] Level 5:colcon.colcon_core.verb:set package 'custom_interfaces' build argument 'catkin_cmake_args' from command line to 'None'
[0.343s] Level 5:colcon.colcon_core.verb:set package 'custom_interfaces' build argument 'catkin_skip_building_tests' from command line to 'False'
[0.343s] DEBUG:colcon.colcon_core.verb:Building package 'custom_interfaces' with the following arguments: {'ament_cmake_args': None, 'build_base': '/home/swati/VBM/ros2_ws/build/custom_interfaces', 'catkin_cmake_args': None, 'catkin_skip_building_tests': False, 'cmake_args': None, 'cmake_clean_cache': False, 'cmake_clean_first': False, 'cmake_force_configure': False, 'cmake_target': None, 'cmake_target_skip_unavailable': False, 'install_base': '/home/swati/VBM/ros2_ws/install/custom_interfaces', 'merge_install': False, 'path': '/home/swati/VBM/ros2_ws/src/custom_interfaces', 'symlink_install': False, 'test_result_base': None}
[0.343s] Level 5:colcon.colcon_core.verb:set package 'opencv_test_py' build argument 'cmake_args' from command line to 'None'
[0.343s] Level 5:colcon.colcon_core.verb:set package 'opencv_test_py' build argument 'cmake_target' from command line to 'None'
[0.343s] Level 5:colcon.colcon_core.verb:set package 'opencv_test_py' build argument 'cmake_target_skip_unavailable' from command line to 'False'
[0.343s] Level 5:colcon.colcon_core.verb:set package 'opencv_test_py' build argument 'cmake_clean_cache' from command line to 'False'
[0.343s] Level 5:colcon.colcon_core.verb:set package 'opencv_test_py' build argument 'cmake_clean_first' from command line to 'False'
[0.343s] Level 5:colcon.colcon_core.verb:set package 'opencv_test_py' build argument 'cmake_force_configure' from command line to 'False'
[0.343s] Level 5:colcon.colcon_core.verb:set package 'opencv_test_py' build argument 'ament_cmake_args' from command line to 'None'
[0.343s] Level 5:colcon.colcon_core.verb:set package 'opencv_test_py' build argument 'catkin_cmake_args' from command line to 'None'
[0.343s] Level 5:colcon.colcon_core.verb:set package 'opencv_test_py' build argument 'catkin_skip_building_tests' from command line to 'False'
[0.343s] DEBUG:colcon.colcon_core.verb:Building package 'opencv_test_py' with the following arguments: {'ament_cmake_args': None, 'build_base': '/home/swati/VBM/ros2_ws/build/opencv_test_py', 'catkin_cmake_args': None, 'catkin_skip_building_tests': False, 'cmake_args': None, 'cmake_clean_cache': False, 'cmake_clean_first': False, 'cmake_force_configure': False, 'cmake_target': None, 'cmake_target_skip_unavailable': False, 'install_base': '/home/swati/VBM/ros2_ws/install/opencv_test_py', 'merge_install': False, 'path': '/home/swati/VBM/ros2_ws/src/opencv_test_py', 'symlink_install': False, 'test_result_base': None}
[0.344s] Level 5:colcon.colcon_core.verb:set package 'rrbot_description' build argument 'cmake_args' from command line to 'None'
[0.344s] Level 5:colcon.colcon_core.verb:set package 'rrbot_description' build argument 'cmake_target' from command line to 'None'
[0.344s] Level 5:colcon.colcon_core.verb:set package 'rrbot_description' build argument 'cmake_target_skip_unavailable' from command line to 'False'
[0.344s] Level 5:colcon.colcon_core.verb:set package 'rrbot_description' build argument 'cmake_clean_cache' from command line to 'False'
[0.344s] Level 5:colcon.colcon_core.verb:set package 'rrbot_description' build argument 'cmake_clean_first' from command line to 'False'
[0.344s] Level 5:colcon.colcon_core.verb:set package 'rrbot_description' build argument 'cmake_force_configure' from command line to 'False'
[0.344s] Level 5:colcon.colcon_core.verb:set package 'rrbot_description' build argument 'ament_cmake_args' from command line to 'None'
[0.344s] Level 5:colcon.colcon_core.verb:set package 'rrbot_description' build argument 'catkin_cmake_args' from command line to 'None'
[0.344s] Level 5:colcon.colcon_core.verb:set package 'rrbot_description' build argument 'catkin_skip_building_tests' from command line to 'False'
[0.344s] DEBUG:colcon.colcon_core.verb:Building package 'rrbot_description' with the following arguments: {'ament_cmake_args': None, 'build_base': '/home/swati/VBM/ros2_ws/build/rrbot_description', 'catkin_cmake_args': None, 'catkin_skip_building_tests': False, 'cmake_args': None, 'cmake_clean_cache': False, 'cmake_clean_first': False, 'cmake_force_configure': False, 'cmake_target': None, 'cmake_target_skip_unavailable': False, 'install_base': '/home/swati/VBM/ros2_ws/install/rrbot_description', 'merge_install': False, 'path': '/home/swati/VBM/ros2_ws/src/rrbot_description', 'symlink_install': False, 'test_result_base': None}
[0.344s] Level 5:colcon.colcon_core.verb:set package 'visual_servo' build argument 'cmake_args' from command line to 'None'
[0.344s] Level 5:colcon.colcon_core.verb:set package 'visual_servo' build argument 'cmake_target' from command line to 'None'
[0.344s] Level 5:colcon.colcon_core.verb:set package 'visual_servo' build argument 'cmake_target_skip_unavailable' from command line to 'False'
[0.344s] Level 5:colcon.colcon_core.verb:set package 'visual_servo' build argument 'cmake_clean_cache' from command line to 'False'
[0.344s] Level 5:colcon.colcon_core.verb:set package 'visual_servo' build argument 'cmake_clean_first' from command line to 'False'
[0.344s] Level 5:colcon.colcon_core.verb:set package 'visual_servo' build argument 'cmake_force_configure' from command line to 'False'
[0.344s] Level 5:colcon.colcon_core.verb:set package 'visual_servo' build argument 'ament_cmake_args' from command line to 'None'
[0.344s] Level 5:colcon.colcon_core.verb:set package 'visual_servo' build argument 'catkin_cmake_args' from command line to 'None'
[0.344s] Level 5:colcon.colcon_core.verb:set package 'visual_servo' build argument 'catkin_skip_building_tests' from command line to 'False'
[0.344s] DEBUG:colcon.colcon_core.verb:Building package 'visual_servo' with the following arguments: {'ament_cmake_args': None, 'build_base': '/home/swati/VBM/ros2_ws/build/visual_servo', 'catkin_cmake_args': None, 'catkin_skip_building_tests': False, 'cmake_args': None, 'cmake_clean_cache': False, 'cmake_clean_first': False, 'cmake_force_configure': False, 'cmake_target': None, 'cmake_target_skip_unavailable': False, 'install_base': '/home/swati/VBM/ros2_ws/install/visual_servo', 'merge_install': False, 'path': '/home/swati/VBM/ros2_ws/src/visual_servo', 'symlink_install': False, 'test_result_base': None}
[0.344s] Level 5:colcon.colcon_core.verb:set package 'rrbot_gazebo' build argument 'cmake_args' from command line to 'None'
[0.344s] Level 5:colcon.colcon_core.verb:set package 'rrbot_gazebo' build argument 'cmake_target' from command line to 'None'
[0.344s] Level 5:colcon.colcon_core.verb:set package 'rrbot_gazebo' build argument 'cmake_target_skip_unavailable' from command line to 'False'
[0.344s] Level 5:colcon.colcon_core.verb:set package 'rrbot_gazebo' build argument 'cmake_clean_cache' from command line to 'False'
[0.344s] Level 5:colcon.colcon_core.verb:set package 'rrbot_gazebo' build argument 'cmake_clean_first' from command line to 'False'
[0.344s] Level 5:colcon.colcon_core.verb:set package 'rrbot_gazebo' build argument 'cmake_force_configure' from command line to 'False'
[0.344s] Level 5:colcon.colcon_core.verb:set package 'rrbot_gazebo' build argument 'ament_cmake_args' from command line to 'None'
[0.344s] Level 5:colcon.colcon_core.verb:set package 'rrbot_gazebo' build argument 'catkin_cmake_args' from command line to 'None'
[0.344s] Level 5:colcon.colcon_core.verb:set package 'rrbot_gazebo' build argument 'catkin_skip_building_tests' from command line to 'False'
[0.344s] DEBUG:colcon.colcon_core.verb:Building package 'rrbot_gazebo' with the following arguments: {'ament_cmake_args': None, 'build_base': '/home/swati/VBM/ros2_ws/build/rrbot_gazebo', 'catkin_cmake_args': None, 'catkin_skip_building_tests': False, 'cmake_args': None, 'cmake_clean_cache': False, 'cmake_clean_first': False, 'cmake_force_configure': False, 'cmake_target': None, 'cmake_target_skip_unavailable': False, 'install_base': '/home/swati/VBM/ros2_ws/install/rrbot_gazebo', 'merge_install': False, 'path': '/home/swati/VBM/ros2_ws/src/rrbot_gazebo', 'symlink_install': False, 'test_result_base': None}
[0.344s] INFO:colcon.colcon_core.executor:Executing jobs using 'parallel' executor
[0.345s] DEBUG:colcon.colcon_parallel_executor.executor.parallel:run_until_complete
[0.346s] INFO:colcon.colcon_ros.task.ament_cmake.build:Building ROS package in '/home/swati/VBM/ros2_ws/src/rrbot_description' with build type 'ament_cmake'
[0.346s] INFO:colcon.colcon_cmake.task.cmake.build:Building CMake package in '/home/swati/VBM/ros2_ws/src/rrbot_description'
[0.348s] INFO:colcon.colcon_core.plugin_system:Skipping extension 'colcon_core.shell.bat': Not used on non-Windows systems
[0.348s] INFO:colcon.colcon_core.shell:Skip shell extension 'powershell' for command environment: Not usable outside of PowerShell
[0.348s] DEBUG:colcon.colcon_core.shell:Skip shell extension 'dsv' for command environment
[0.350s] INFO:colcon.colcon_ros.task.ament_cmake.build:Building ROS package in '/home/swati/VBM/ros2_ws/src/custom_interfaces' with build type 'ament_cmake'
[0.350s] INFO:colcon.colcon_cmake.task.cmake.build:Building CMake package in '/home/swati/VBM/ros2_ws/src/custom_interfaces'
[0.351s] INFO:colcon.colcon_core.shell:Skip shell extension 'powershell' for command environment: Not usable outside of PowerShell
[0.351s] DEBUG:colcon.colcon_core.shell:Skip shell extension 'dsv' for command environment
[0.353s] INFO:colcon.colcon_ros.task.ament_python.build:Building ROS package in '/home/swati/VBM/ros2_ws/src/opencv_test_py' with build type 'ament_python'
[0.353s] Level 1:colcon.colcon_core.shell:create_environment_hook('opencv_test_py', 'ament_prefix_path')
[0.353s] INFO:colcon.colcon_core.shell:Creating environment hook '/home/swati/VBM/ros2_ws/install/opencv_test_py/share/opencv_test_py/hook/ament_prefix_path.ps1'
[0.353s] INFO:colcon.colcon_core.shell:Creating environment descriptor '/home/swati/VBM/ros2_ws/install/opencv_test_py/share/opencv_test_py/hook/ament_prefix_path.dsv'
[0.353s] INFO:colcon.colcon_core.shell:Creating environment hook '/home/swati/VBM/ros2_ws/install/opencv_test_py/share/opencv_test_py/hook/ament_prefix_path.sh'
[0.354s] INFO:colcon.colcon_core.shell:Skip shell extension 'powershell' for command environment: Not usable outside of PowerShell
[0.354s] DEBUG:colcon.colcon_core.shell:Skip shell extension 'dsv' for command environment
[0.356s] INFO:colcon.colcon_ros.task.ament_python.build:Building ROS package in '/home/swati/VBM/ros2_ws/src/visual_servo' with build type 'ament_python'
[0.356s] Level 1:colcon.colcon_core.shell:create_environment_hook('visual_servo', 'ament_prefix_path')
[0.356s] INFO:colcon.colcon_core.shell:Creating environment hook '/home/swati/VBM/ros2_ws/install/visual_servo/share/visual_servo/hook/ament_prefix_path.ps1'
[0.357s] INFO:colcon.colcon_core.shell:Creating environment descriptor '/home/swati/VBM/ros2_ws/install/visual_servo/share/visual_servo/hook/ament_prefix_path.dsv'
[0.357s] INFO:colcon.colcon_core.shell:Creating environment hook '/home/swati/VBM/ros2_ws/install/visual_servo/share/visual_servo/hook/ament_prefix_path.sh'
[0.357s] INFO:colcon.colcon_core.shell:Skip shell extension 'powershell' for command environment: Not usable outside of PowerShell
[0.358s] DEBUG:colcon.colcon_core.shell:Skip shell extension 'dsv' for command environment
[0.365s] DEBUG:colcon.colcon_core.event_handler.log_command:Invoking command in '/home/swati/VBM/ros2_ws/build/rrbot_description': CMAKE_PREFIX_PATH=${CMAKE_PREFIX_PATH}:/home/swati/VBM/ros2_ws/install/visual_servo:/home/swati/VBM/ros2_ws/install/opencv_test_py:/opt/ros/humble /usr/bin/cmake --build /home/swati/VBM/ros2_ws/build/rrbot_description -- -j20 -l20
[0.368s] DEBUG:colcon.colcon_core.event_handler.log_command:Invoking command in '/home/swati/VBM/ros2_ws/build/custom_interfaces': CMAKE_PREFIX_PATH=${CMAKE_PREFIX_PATH}:/home/swati/VBM/ros2_ws/install/visual_servo:/home/swati/VBM/ros2_ws/install/opencv_test_py:/opt/ros/humble /usr/bin/cmake --build /home/swati/VBM/ros2_ws/build/custom_interfaces -- -j20 -l20
[0.540s] INFO:colcon.colcon_core.task.python.build:Building Python package in '/home/swati/VBM/ros2_ws/src/opencv_test_py'
[0.540s] INFO:colcon.colcon_core.shell:Skip shell extension 'powershell' for command environment: Not usable outside of PowerShell
[0.540s] DEBUG:colcon.colcon_core.shell:Skip shell extension 'dsv' for command environment
[0.702s] INFO:colcon.colcon_core.task.python.build:Building Python package in '/home/swati/VBM/ros2_ws/src/visual_servo'
[0.702s] INFO:colcon.colcon_core.shell:Skip shell extension 'powershell' for command environment: Not usable outside of PowerShell
[0.702s] DEBUG:colcon.colcon_core.shell:Skip shell extension 'dsv' for command environment
[0.708s] DEBUG:colcon.colcon_core.event_handler.log_command:Invoked command in '/home/swati/VBM/ros2_ws/build/rrbot_description' returned '0': CMAKE_PREFIX_PATH=${CMAKE_PREFIX_PATH}:/home/swati/VBM/ros2_ws/install/visual_servo:/home/swati/VBM/ros2_ws/install/opencv_test_py:/opt/ros/humble /usr/bin/cmake --build /home/swati/VBM/ros2_ws/build/rrbot_description -- -j20 -l20
[0.712s] DEBUG:colcon.colcon_core.event_handler.log_command:Invoked command in '/home/swati/VBM/ros2_ws/build/custom_interfaces' returned '0': CMAKE_PREFIX_PATH=${CMAKE_PREFIX_PATH}:/home/swati/VBM/ros2_ws/install/visual_servo:/home/swati/VBM/ros2_ws/install/opencv_test_py:/opt/ros/humble /usr/bin/cmake --build /home/swati/VBM/ros2_ws/build/custom_interfaces -- -j20 -l20
[0.736s] DEBUG:colcon.colcon_core.event_handler.log_command:Invoking command in '/home/swati/VBM/ros2_ws/build/rrbot_description': CMAKE_PREFIX_PATH=${CMAKE_PREFIX_PATH}:/home/swati/VBM/ros2_ws/install/visual_servo:/home/swati/VBM/ros2_ws/install/opencv_test_py:/opt/ros/humble /usr/bin/cmake --install /home/swati/VBM/ros2_ws/build/rrbot_description
[0.743s] Level 1:colcon.colcon_core.environment:create_environment_scripts_only(rrbot_description)
[0.743s] DEBUG:colcon.colcon_core.event_handler.log_command:Invoked command in '/home/swati/VBM/ros2_ws/build/rrbot_description' returned '0': CMAKE_PREFIX_PATH=${CMAKE_PREFIX_PATH}:/home/swati/VBM/ros2_ws/install/visual_servo:/home/swati/VBM/ros2_ws/install/opencv_test_py:/opt/ros/humble /usr/bin/cmake --install /home/swati/VBM/ros2_ws/build/rrbot_description
[0.746s] Level 1:colcon.colcon_core.environment:checking '/home/swati/VBM/ros2_ws/install/rrbot_description' for CMake module files
[0.746s] Level 1:colcon.colcon_core.environment:checking '/home/swati/VBM/ros2_ws/install/rrbot_description' for CMake config files
[0.747s] Level 1:colcon.colcon_core.shell:create_environment_hook('rrbot_description', 'cmake_prefix_path')
[0.747s] INFO:colcon.colcon_core.shell:Creating environment hook '/home/swati/VBM/ros2_ws/install/rrbot_description/share/rrbot_description/hook/cmake_prefix_path.ps1'
[0.747s] INFO:colcon.colcon_core.shell:Creating environment descriptor '/home/swati/VBM/ros2_ws/install/rrbot_description/share/rrbot_description/hook/cmake_prefix_path.dsv'
[0.747s] INFO:colcon.colcon_core.shell:Creating environment hook '/home/swati/VBM/ros2_ws/install/rrbot_description/share/rrbot_description/hook/cmake_prefix_path.sh'
[0.748s] Level 1:colcon.colcon_core.environment:checking '/home/swati/VBM/ros2_ws/install/rrbot_description/bin'
[0.748s] Level 1:colcon.colcon_core.environment:checking '/home/swati/VBM/ros2_ws/install/rrbot_description/lib/pkgconfig/rrbot_description.pc'
[0.748s] Level 1:colcon.colcon_core.environment:checking '/home/swati/VBM/ros2_ws/install/rrbot_description/lib/python3.10/site-packages'
[0.748s] Level 1:colcon.colcon_core.environment:checking '/home/swati/VBM/ros2_ws/install/rrbot_description/bin'
[0.748s] INFO:colcon.colcon_core.shell:Creating package script '/home/swati/VBM/ros2_ws/install/rrbot_description/share/rrbot_description/package.ps1'
[0.749s] INFO:colcon.colcon_core.shell:Creating package descriptor '/home/swati/VBM/ros2_ws/install/rrbot_description/share/rrbot_description/package.dsv'
[0.749s] INFO:colcon.colcon_core.shell:Creating package script '/home/swati/VBM/ros2_ws/install/rrbot_description/share/rrbot_description/package.sh'
[0.750s] INFO:colcon.colcon_core.shell:Creating package script '/home/swati/VBM/ros2_ws/install/rrbot_description/share/rrbot_description/package.bash'
[0.750s] INFO:colcon.colcon_core.shell:Creating package script '/home/swati/VBM/ros2_ws/install/rrbot_description/share/rrbot_description/package.zsh'
[0.751s] Level 1:colcon.colcon_core.environment:create_file_with_runtime_dependencies(/home/swati/VBM/ros2_ws/install/rrbot_description/share/colcon-core/packages/rrbot_description)
[0.769s] Level 1:colcon.colcon_core.environment:create_environment_scripts_only(rrbot_description)
[0.769s] Level 1:colcon.colcon_core.environment:checking '/home/swati/VBM/ros2_ws/install/rrbot_description' for CMake module files
[0.770s] Level 1:colcon.colcon_core.environment:checking '/home/swati/VBM/ros2_ws/install/rrbot_description' for CMake config files
[0.770s] Level 1:colcon.colcon_core.shell:create_environment_hook('rrbot_description', 'cmake_prefix_path')
[0.770s] INFO:colcon.colcon_core.shell:Creating environment hook '/home/swati/VBM/ros2_ws/install/rrbot_description/share/rrbot_description/hook/cmake_prefix_path.ps1'
[0.770s] INFO:colcon.colcon_core.shell:Creating environment descriptor '/home/swati/VBM/ros2_ws/install/rrbot_description/share/rrbot_description/hook/cmake_prefix_path.dsv'
[0.770s] INFO:colcon.colcon_core.shell:Creating environment hook '/home/swati/VBM/ros2_ws/install/rrbot_description/share/rrbot_description/hook/cmake_prefix_path.sh'
[0.771s] Level 1:colcon.colcon_core.environment:checking '/home/swati/VBM/ros2_ws/install/rrbot_description/bin'
[0.771s] Level 1:colcon.colcon_core.environment:checking '/home/swati/VBM/ros2_ws/install/rrbot_description/lib/pkgconfig/rrbot_description.pc'
[0.771s] Level 1:colcon.colcon_core.environment:checking '/home/swati/VBM/ros2_ws/install/rrbot_description/lib/python3.10/site-packages'
[0.771s] Level 1:colcon.colcon_core.environment:checking '/home/swati/VBM/ros2_ws/install/rrbot_description/bin'
[0.771s] INFO:colcon.colcon_core.shell:Creating package script '/home/swati/VBM/ros2_ws/install/rrbot_description/share/rrbot_description/package.ps1'
[0.772s] INFO:colcon.colcon_core.shell:Creating package descriptor '/home/swati/VBM/ros2_ws/install/rrbot_description/share/rrbot_description/package.dsv'
[0.772s] INFO:colcon.colcon_core.shell:Creating package script '/home/swati/VBM/ros2_ws/install/rrbot_description/share/rrbot_description/package.sh'
[0.772s] INFO:colcon.colcon_core.shell:Creating package script '/home/swati/VBM/ros2_ws/install/rrbot_description/share/rrbot_description/package.bash'
[0.772s] INFO:colcon.colcon_core.shell:Creating package script '/home/swati/VBM/ros2_ws/install/rrbot_description/share/rrbot_description/package.zsh'
[0.772s] Level 1:colcon.colcon_core.environment:create_file_with_runtime_dependencies(/home/swati/VBM/ros2_ws/install/rrbot_description/share/colcon-core/packages/rrbot_description)
[0.773s] INFO:colcon.colcon_ros.task.ament_cmake.build:Building ROS package in '/home/swati/VBM/ros2_ws/src/rrbot_gazebo' with build type 'ament_cmake'
[0.773s] INFO:colcon.colcon_cmake.task.cmake.build:Building CMake package in '/home/swati/VBM/ros2_ws/src/rrbot_gazebo'
[0.773s] INFO:colcon.colcon_core.shell:Skip shell extension 'powershell' for command environment: Not usable outside of PowerShell
[0.773s] DEBUG:colcon.colcon_core.shell:Skip shell extension 'dsv' for command environment
[0.780s] DEBUG:colcon.colcon_core.event_handler.log_command:Invoking command in '/home/swati/VBM/ros2_ws/build/rrbot_gazebo': CMAKE_PREFIX_PATH=/home/swati/VBM/ros2_ws/install/rrbot_description:/home/swati/VBM/ros2_ws/install/rrbot_gazebo:/home/swati/VBM/ros2_ws/install/custom_interfaces:/home/swati/VBM/ros2_ws/install/visual_servo:/home/swati/VBM/ros2_ws/install/opencv_test_py:/opt/ros/humble /usr/bin/cmake --build /home/swati/VBM/ros2_ws/build/rrbot_gazebo -- -j20 -l20
[0.783s] DEBUG:colcon.colcon_core.event_handler.log_command:Invoking command in '/home/swati/VBM/ros2_ws/build/custom_interfaces': CMAKE_PREFIX_PATH=${CMAKE_PREFIX_PATH}:/home/swati/VBM/ros2_ws/install/visual_servo:/home/swati/VBM/ros2_ws/install/opencv_test_py:/opt/ros/humble /usr/bin/cmake --install /home/swati/VBM/ros2_ws/build/custom_interfaces
[0.827s] Level 1:colcon.colcon_core.environment:create_environment_scripts_only(custom_interfaces)
[0.827s] Level 1:colcon.colcon_core.environment:checking '/home/swati/VBM/ros2_ws/install/custom_interfaces' for CMake module files
[0.827s] DEBUG:colcon.colcon_core.event_handler.log_command:Invoked command in '/home/swati/VBM/ros2_ws/build/custom_interfaces' returned '0': CMAKE_PREFIX_PATH=${CMAKE_PREFIX_PATH}:/home/swati/VBM/ros2_ws/install/visual_servo:/home/swati/VBM/ros2_ws/install/opencv_test_py:/opt/ros/humble /usr/bin/cmake --install /home/swati/VBM/ros2_ws/build/custom_interfaces
[0.828s] Level 1:colcon.colcon_core.environment:checking '/home/swati/VBM/ros2_ws/install/custom_interfaces' for CMake config files
[0.828s] Level 1:colcon.colcon_core.shell:create_environment_hook('custom_interfaces', 'cmake_prefix_path')
[0.828s] INFO:colcon.colcon_core.shell:Creating environment hook '/home/swati/VBM/ros2_ws/install/custom_interfaces/share/custom_interfaces/hook/cmake_prefix_path.ps1'
[0.828s] INFO:colcon.colcon_core.shell:Creating environment descriptor '/home/swati/VBM/ros2_ws/install/custom_interfaces/share/custom_interfaces/hook/cmake_prefix_path.dsv'
[0.829s] INFO:colcon.colcon_core.shell:Creating environment hook '/home/swati/VBM/ros2_ws/install/custom_interfaces/share/custom_interfaces/hook/cmake_prefix_path.sh'
[0.829s] Level 1:colcon.colcon_core.environment:checking '/home/swati/VBM/ros2_ws/install/custom_interfaces/lib'
[0.829s] Level 1:colcon.colcon_core.shell:create_environment_hook('custom_interfaces', 'ld_library_path_lib')
[0.829s] INFO:colcon.colcon_core.shell:Creating environment hook '/home/swati/VBM/ros2_ws/install/custom_interfaces/share/custom_interfaces/hook/ld_library_path_lib.ps1'
[0.829s] INFO:colcon.colcon_core.shell:Creating environment descriptor '/home/swati/VBM/ros2_ws/install/custom_interfaces/share/custom_interfaces/hook/ld_library_path_lib.dsv'
[0.830s] INFO:colcon.colcon_core.shell:Creating environment hook '/home/swati/VBM/ros2_ws/install/custom_interfaces/share/custom_interfaces/hook/ld_library_path_lib.sh'
[0.830s] Level 1:colcon.colcon_core.environment:checking '/home/swati/VBM/ros2_ws/install/custom_interfaces/bin'
[0.830s] Level 1:colcon.colcon_core.environment:checking '/home/swati/VBM/ros2_ws/install/custom_interfaces/lib/pkgconfig/custom_interfaces.pc'
[0.830s] Level 1:colcon.colcon_core.environment:checking '/home/swati/VBM/ros2_ws/install/custom_interfaces/lib/python3.10/site-packages'
[0.830s] Level 1:colcon.colcon_core.environment:checking '/home/swati/VBM/ros2_ws/install/custom_interfaces/bin'
[0.830s] INFO:colcon.colcon_core.shell:Creating package script '/home/swati/VBM/ros2_ws/install/custom_interfaces/share/custom_interfaces/package.ps1'
[0.831s] INFO:colcon.colcon_core.shell:Creating package descriptor '/home/swati/VBM/ros2_ws/install/custom_interfaces/share/custom_interfaces/package.dsv'
[0.831s] INFO:colcon.colcon_core.shell:Creating package script '/home/swati/VBM/ros2_ws/install/custom_interfaces/share/custom_interfaces/package.sh'
[0.831s] INFO:colcon.colcon_core.shell:Creating package script '/home/swati/VBM/ros2_ws/install/custom_interfaces/share/custom_interfaces/package.bash'
[0.831s] INFO:colcon.colcon_core.shell:Creating package script '/home/swati/VBM/ros2_ws/install/custom_interfaces/share/custom_interfaces/package.zsh'
[0.831s] Level 1:colcon.colcon_core.environment:create_file_with_runtime_dependencies(/home/swati/VBM/ros2_ws/install/custom_interfaces/share/colcon-core/packages/custom_interfaces)
[0.844s] DEBUG:colcon.colcon_core.event_handler.log_command:Invoked command in '/home/swati/VBM/ros2_ws/build/rrbot_gazebo' returned '0': CMAKE_PREFIX_PATH=/home/swati/VBM/ros2_ws/install/rrbot_description:/home/swati/VBM/ros2_ws/install/rrbot_gazebo:/home/swati/VBM/ros2_ws/install/custom_interfaces:/home/swati/VBM/ros2_ws/install/visual_servo:/home/swati/VBM/ros2_ws/install/opencv_test_py:/opt/ros/humble /usr/bin/cmake --build /home/swati/VBM/ros2_ws/build/rrbot_gazebo -- -j20 -l20
[0.867s] DEBUG:colcon.colcon_core.event_handler.log_command:Invoking command in '/home/swati/VBM/ros2_ws/build/rrbot_gazebo': CMAKE_PREFIX_PATH=/home/swati/VBM/ros2_ws/install/rrbot_description:/home/swati/VBM/ros2_ws/install/rrbot_gazebo:/home/swati/VBM/ros2_ws/install/custom_interfaces:/home/swati/VBM/ros2_ws/install/visual_servo:/home/swati/VBM/ros2_ws/install/opencv_test_py:/opt/ros/humble /usr/bin/cmake --install /home/swati/VBM/ros2_ws/build/rrbot_gazebo
[0.876s] Level 1:colcon.colcon_core.environment:create_environment_scripts_only(rrbot_gazebo)
[0.876s] Level 1:colcon.colcon_core.environment:checking '/home/swati/VBM/ros2_ws/install/rrbot_gazebo' for CMake module files
[0.877s] DEBUG:colcon.colcon_core.event_handler.log_command:Invoked command in '/home/swati/VBM/ros2_ws/build/rrbot_gazebo' returned '0': CMAKE_PREFIX_PATH=/home/swati/VBM/ros2_ws/install/rrbot_description:/home/swati/VBM/ros2_ws/install/rrbot_gazebo:/home/swati/VBM/ros2_ws/install/custom_interfaces:/home/swati/VBM/ros2_ws/install/visual_servo:/home/swati/VBM/ros2_ws/install/opencv_test_py:/opt/ros/humble /usr/bin/cmake --install /home/swati/VBM/ros2_ws/build/rrbot_gazebo
[0.877s] Level 1:colcon.colcon_core.environment:checking '/home/swati/VBM/ros2_ws/install/rrbot_gazebo' for CMake config files
[0.878s] Level 1:colcon.colcon_core.shell:create_environment_hook('rrbot_gazebo', 'cmake_prefix_path')
[0.878s] INFO:colcon.colcon_core.shell:Creating environment hook '/home/swati/VBM/ros2_ws/install/rrbot_gazebo/share/rrbot_gazebo/hook/cmake_prefix_path.ps1'
[0.878s] INFO:colcon.colcon_core.shell:Creating environment descriptor '/home/swati/VBM/ros2_ws/install/rrbot_gazebo/share/rrbot_gazebo/hook/cmake_prefix_path.dsv'
[0.879s] INFO:colcon.colcon_core.shell:Creating environment hook '/home/swati/VBM/ros2_ws/install/rrbot_gazebo/share/rrbot_gazebo/hook/cmake_prefix_path.sh'
[0.879s] Level 1:colcon.colcon_core.environment:checking '/home/swati/VBM/ros2_ws/install/rrbot_gazebo/lib'
[0.879s] Level 1:colcon.colcon_core.environment:checking '/home/swati/VBM/ros2_ws/install/rrbot_gazebo/bin'
[0.879s] Level 1:colcon.colcon_core.environment:checking '/home/swati/VBM/ros2_ws/install/rrbot_gazebo/lib/pkgconfig/rrbot_gazebo.pc'
[0.880s] Level 1:colcon.colcon_core.environment:checking '/home/swati/VBM/ros2_ws/install/rrbot_gazebo/lib/python3.10/site-packages'
[0.880s] Level 1:colcon.colcon_core.environment:checking '/home/swati/VBM/ros2_ws/install/rrbot_gazebo/bin'
[0.880s] INFO:colcon.colcon_core.shell:Creating package script '/home/swati/VBM/ros2_ws/install/rrbot_gazebo/share/rrbot_gazebo/package.ps1'
[0.881s] INFO:colcon.colcon_core.shell:Creating package descriptor '/home/swati/VBM/ros2_ws/install/rrbot_gazebo/share/rrbot_gazebo/package.dsv'
[0.881s] INFO:colcon.colcon_core.shell:Creating package script '/home/swati/VBM/ros2_ws/install/rrbot_gazebo/share/rrbot_gazebo/package.sh'
[0.881s] INFO:colcon.colcon_core.shell:Creating package script '/home/swati/VBM/ros2_ws/install/rrbot_gazebo/share/rrbot_gazebo/package.bash'
[0.882s] INFO:colcon.colcon_core.shell:Creating package script '/home/swati/VBM/ros2_ws/install/rrbot_gazebo/share/rrbot_gazebo/package.zsh'
[0.882s] Level 1:colcon.colcon_core.environment:create_file_with_runtime_dependencies(/home/swati/VBM/ros2_ws/install/rrbot_gazebo/share/colcon-core/packages/rrbot_gazebo)
[0.896s] Level 1:colcon.colcon_core.environment:create_environment_scripts_only(custom_interfaces)
[0.896s] Level 1:colcon.colcon_core.environment:checking '/home/swati/VBM/ros2_ws/install/custom_interfaces' for CMake module files
[0.897s] Level 1:colcon.colcon_core.environment:checking '/home/swati/VBM/ros2_ws/install/custom_interfaces' for CMake config files
[0.898s] Level 1:colcon.colcon_core.shell:create_environment_hook('custom_interfaces', 'cmake_prefix_path')
[0.898s] INFO:colcon.colcon_core.shell:Creating environment hook '/home/swati/VBM/ros2_ws/install/custom_interfaces/share/custom_interfaces/hook/cmake_prefix_path.ps1'
[0.898s] INFO:colcon.colcon_core.shell:Creating environment descriptor '/home/swati/VBM/ros2_ws/install/custom_interfaces/share/custom_interfaces/hook/cmake_prefix_path.dsv'
[0.899s] INFO:colcon.colcon_core.shell:Creating environment hook '/home/swati/VBM/ros2_ws/install/custom_interfaces/share/custom_interfaces/hook/cmake_prefix_path.sh'
[0.899s] Level 1:colcon.colcon_core.environment:checking '/home/swati/VBM/ros2_ws/install/custom_interfaces/lib'
[0.899s] Level 1:colcon.colcon_core.shell:create_environment_hook('custom_interfaces', 'ld_library_path_lib')
[0.899s] INFO:colcon.colcon_core.shell:Creating environment hook '/home/swati/VBM/ros2_ws/install/custom_interfaces/share/custom_interfaces/hook/ld_library_path_lib.ps1'
[0.900s] INFO:colcon.colcon_core.shell:Creating environment descriptor '/home/swati/VBM/ros2_ws/install/custom_interfaces/share/custom_interfaces/hook/ld_library_path_lib.dsv'
[0.900s] INFO:colcon.colcon_core.shell:Creating environment hook '/home/swati/VBM/ros2_ws/install/custom_interfaces/share/custom_interfaces/hook/ld_library_path_lib.sh'
[0.900s] Level 1:colcon.colcon_core.environment:checking '/home/swati/VBM/ros2_ws/install/custom_interfaces/bin'
[0.900s] Level 1:colcon.colcon_core.environment:checking '/home/swati/VBM/ros2_ws/install/custom_interfaces/lib/pkgconfig/custom_interfaces.pc'
[0.901s] Level 1:colcon.colcon_core.environment:checking '/home/swati/VBM/ros2_ws/install/custom_interfaces/lib/python3.10/site-packages'
[0.901s] Level 1:colcon.colcon_core.environment:checking '/home/swati/VBM/ros2_ws/install/custom_interfaces/bin'
[0.901s] INFO:colcon.colcon_core.shell:Creating package script '/home/swati/VBM/ros2_ws/install/custom_interfaces/share/custom_interfaces/package.ps1'
[0.902s] INFO:colcon.colcon_core.shell:Creating package descriptor '/home/swati/VBM/ros2_ws/install/custom_interfaces/share/custom_interfaces/package.dsv'
[0.902s] INFO:colcon.colcon_core.shell:Creating package script '/home/swati/VBM/ros2_ws/install/custom_interfaces/share/custom_interfaces/package.sh'
[0.903s] INFO:colcon.colcon_core.shell:Creating package script '/home/swati/VBM/ros2_ws/install/custom_interfaces/share/custom_interfaces/package.bash'
[0.903s] INFO:colcon.colcon_core.shell:Creating package script '/home/swati/VBM/ros2_ws/install/custom_interfaces/share/custom_interfaces/package.zsh'
[0.904s] Level 1:colcon.colcon_core.environment:create_file_with_runtime_dependencies(/home/swati/VBM/ros2_ws/install/custom_interfaces/share/colcon-core/packages/custom_interfaces)
[0.907s] Level 1:colcon.colcon_core.environment:create_environment_scripts_only(rrbot_gazebo)
[0.907s] Level 1:colcon.colcon_core.environment:checking '/home/swati/VBM/ros2_ws/install/rrbot_gazebo' for CMake module files
[0.907s] Level 1:colcon.colcon_core.environment:checking '/home/swati/VBM/ros2_ws/install/rrbot_gazebo' for CMake config files
[0.907s] Level 1:colcon.colcon_core.shell:create_environment_hook('rrbot_gazebo', 'cmake_prefix_path')
[0.907s] INFO:colcon.colcon_core.shell:Creating environment hook '/home/swati/VBM/ros2_ws/install/rrbot_gazebo/share/rrbot_gazebo/hook/cmake_prefix_path.ps1'
[0.908s] INFO:colcon.colcon_core.shell:Creating environment descriptor '/home/swati/VBM/ros2_ws/install/rrbot_gazebo/share/rrbot_gazebo/hook/cmake_prefix_path.dsv'
[0.908s] INFO:colcon.colcon_core.shell:Creating environment hook '/home/swati/VBM/ros2_ws/install/rrbot_gazebo/share/rrbot_gazebo/hook/cmake_prefix_path.sh'
[0.908s] Level 1:colcon.colcon_core.environment:checking '/home/swati/VBM/ros2_ws/install/rrbot_gazebo/lib'
[0.908s] Level 1:colcon.colcon_core.environment:checking '/home/swati/VBM/ros2_ws/install/rrbot_gazebo/bin'
[0.908s] Level 1:colcon.colcon_core.environment:checking '/home/swati/VBM/ros2_ws/install/rrbot_gazebo/lib/pkgconfig/rrbot_gazebo.pc'
[0.908s] Level 1:colcon.colcon_core.environment:checking '/home/swati/VBM/ros2_ws/install/rrbot_gazebo/lib/python3.10/site-packages'
[0.908s] Level 1:colcon.colcon_core.environment:checking '/home/swati/VBM/ros2_ws/install/rrbot_gazebo/bin'
[0.909s] INFO:colcon.colcon_core.shell:Creating package script '/home/swati/VBM/ros2_ws/install/rrbot_gazebo/share/rrbot_gazebo/package.ps1'
[0.909s] INFO:colcon.colcon_core.shell:Creating package descriptor '/home/swati/VBM/ros2_ws/install/rrbot_gazebo/share/rrbot_gazebo/package.dsv'
[0.909s] INFO:colcon.colcon_core.shell:Creating package script '/home/swati/VBM/ros2_ws/install/rrbot_gazebo/share/rrbot_gazebo/package.sh'
[0.909s] INFO:colcon.colcon_core.shell:Creating package script '/home/swati/VBM/ros2_ws/install/rrbot_gazebo/share/rrbot_gazebo/package.bash'
[0.910s] INFO:colcon.colcon_core.shell:Creating package script '/home/swati/VBM/ros2_ws/install/rrbot_gazebo/share/rrbot_gazebo/package.zsh'
[0.910s] Level 1:colcon.colcon_core.environment:create_file_with_runtime_dependencies(/home/swati/VBM/ros2_ws/install/rrbot_gazebo/share/colcon-core/packages/rrbot_gazebo)
[1.009s] DEBUG:colcon.colcon_core.event_handler.log_command:Invoking command in '/home/swati/VBM/ros2_ws/src/opencv_test_py': PYTHONPATH=/home/swati/VBM/ros2_ws/build/opencv_test_py/prefix_override:/usr/lib/python3/dist-packages/colcon_core/task/python/colcon_distutils_commands:/home/swati/VBM/ros2_ws/install/opencv_test_py/lib/python3.10/site-packages:${PYTHONPATH} /usr/bin/python3 -W ignore:setup.py install is deprecated setup.py egg_info --egg-base ../../build/opencv_test_py build --build-base /home/swati/VBM/ros2_ws/build/opencv_test_py/build install --record /home/swati/VBM/ros2_ws/build/opencv_test_py/install.log --single-version-externally-managed install_data
[1.010s] DEBUG:colcon.colcon_core.event_handler.log_command:Invoking command in '/home/swati/VBM/ros2_ws/src/visual_servo': PYTHONPATH=/home/swati/VBM/ros2_ws/build/visual_servo/prefix_override:/usr/lib/python3/dist-packages/colcon_core/task/python/colcon_distutils_commands:/home/swati/VBM/ros2_ws/install/visual_servo/lib/python3.10/site-packages:${PYTHONPATH} /usr/bin/python3 -W ignore:setup.py install is deprecated setup.py egg_info --egg-base ../../build/visual_servo build --build-base /home/swati/VBM/ros2_ws/build/visual_servo/build install --record /home/swati/VBM/ros2_ws/build/visual_servo/install.log --single-version-externally-managed install_data
[1.194s] Level 1:colcon.colcon_core.environment:checking '/home/swati/VBM/ros2_ws/install/visual_servo' for CMake module files
[1.195s] DEBUG:colcon.colcon_core.event_handler.log_command:Invoked command in '/home/swati/VBM/ros2_ws/src/visual_servo' returned '0': PYTHONPATH=/home/swati/VBM/ros2_ws/build/visual_servo/prefix_override:/usr/lib/python3/dist-packages/colcon_core/task/python/colcon_distutils_commands:/home/swati/VBM/ros2_ws/install/visual_servo/lib/python3.10/site-packages:${PYTHONPATH} /usr/bin/python3 -W ignore:setup.py install is deprecated setup.py egg_info --egg-base ../../build/visual_servo build --build-base /home/swati/VBM/ros2_ws/build/visual_servo/build install --record /home/swati/VBM/ros2_ws/build/visual_servo/install.log --single-version-externally-managed install_data
[1.195s] Level 1:colcon.colcon_core.environment:checking '/home/swati/VBM/ros2_ws/install/visual_servo' for CMake config files
[1.195s] Level 1:colcon.colcon_core.environment:checking '/home/swati/VBM/ros2_ws/install/visual_servo/lib'
[1.195s] Level 1:colcon.colcon_core.environment:checking '/home/swati/VBM/ros2_ws/install/visual_servo/bin'
[1.195s] Level 1:colcon.colcon_core.environment:checking '/home/swati/VBM/ros2_ws/install/visual_servo/lib/pkgconfig/visual_servo.pc'
[1.195s] Level 1:colcon.colcon_core.environment:checking '/home/swati/VBM/ros2_ws/install/visual_servo/lib/python3.10/site-packages'
[1.195s] Level 1:colcon.colcon_core.shell:create_environment_hook('visual_servo', 'pythonpath')
[1.196s] INFO:colcon.colcon_core.shell:Creating environment hook '/home/swati/VBM/ros2_ws/install/visual_servo/share/visual_servo/hook/pythonpath.ps1'
[1.196s] INFO:colcon.colcon_core.shell:Creating environment descriptor '/home/swati/VBM/ros2_ws/install/visual_servo/share/visual_servo/hook/pythonpath.dsv'
[1.196s] INFO:colcon.colcon_core.shell:Creating environment hook '/home/swati/VBM/ros2_ws/install/visual_servo/share/visual_servo/hook/pythonpath.sh'
[1.196s] Level 1:colcon.colcon_core.environment:checking '/home/swati/VBM/ros2_ws/install/visual_servo/bin'
[1.196s] Level 1:colcon.colcon_core.environment:create_environment_scripts_only(visual_servo)
[1.197s] INFO:colcon.colcon_core.shell:Creating package script '/home/swati/VBM/ros2_ws/install/visual_servo/share/visual_servo/package.ps1'
[1.197s] INFO:colcon.colcon_core.shell:Creating package descriptor '/home/swati/VBM/ros2_ws/install/visual_servo/share/visual_servo/package.dsv'
[1.197s] INFO:colcon.colcon_core.shell:Creating package script '/home/swati/VBM/ros2_ws/install/visual_servo/share/visual_servo/package.sh'
[1.197s] INFO:colcon.colcon_core.shell:Creating package script '/home/swati/VBM/ros2_ws/install/visual_servo/share/visual_servo/package.bash'
[1.197s] INFO:colcon.colcon_core.shell:Creating package script '/home/swati/VBM/ros2_ws/install/visual_servo/share/visual_servo/package.zsh'
[1.197s] Level 1:colcon.colcon_core.environment:create_file_with_runtime_dependencies(/home/swati/VBM/ros2_ws/install/visual_servo/share/colcon-core/packages/visual_servo)
[1.198s] Level 1:colcon.colcon_core.environment:checking '/home/swati/VBM/ros2_ws/install/opencv_test_py' for CMake module files
[1.199s] DEBUG:colcon.colcon_core.event_handler.log_command:Invoked command in '/home/swati/VBM/ros2_ws/src/opencv_test_py' returned '0': PYTHONPATH=/home/swati/VBM/ros2_ws/build/opencv_test_py/prefix_override:/usr/lib/python3/dist-packages/colcon_core/task/python/colcon_distutils_commands:/home/swati/VBM/ros2_ws/install/opencv_test_py/lib/python3.10/site-packages:${PYTHONPATH} /usr/bin/python3 -W ignore:setup.py install is deprecated setup.py egg_info --egg-base ../../build/opencv_test_py build --build-base /home/swati/VBM/ros2_ws/build/opencv_test_py/build install --record /home/swati/VBM/ros2_ws/build/opencv_test_py/install.log --single-version-externally-managed install_data
[1.199s] Level 1:colcon.colcon_core.environment:checking '/home/swati/VBM/ros2_ws/install/opencv_test_py' for CMake config files
[1.199s] Level 1:colcon.colcon_core.environment:checking '/home/swati/VBM/ros2_ws/install/opencv_test_py/lib'
[1.199s] Level 1:colcon.colcon_core.environment:checking '/home/swati/VBM/ros2_ws/install/opencv_test_py/bin'
[1.199s] Level 1:colcon.colcon_core.environment:checking '/home/swati/VBM/ros2_ws/install/opencv_test_py/lib/pkgconfig/opencv_test_py.pc'
[1.199s] Level 1:colcon.colcon_core.environment:checking '/home/swati/VBM/ros2_ws/install/opencv_test_py/lib/python3.10/site-packages'
[1.199s] Level 1:colcon.colcon_core.shell:create_environment_hook('opencv_test_py', 'pythonpath')
[1.200s] INFO:colcon.colcon_core.shell:Creating environment hook '/home/swati/VBM/ros2_ws/install/opencv_test_py/share/opencv_test_py/hook/pythonpath.ps1'
[1.200s] INFO:colcon.colcon_core.shell:Creating environment descriptor '/home/swati/VBM/ros2_ws/install/opencv_test_py/share/opencv_test_py/hook/pythonpath.dsv'
[1.200s] INFO:colcon.colcon_core.shell:Creating environment hook '/home/swati/VBM/ros2_ws/install/opencv_test_py/share/opencv_test_py/hook/pythonpath.sh'
[1.200s] Level 1:colcon.colcon_core.environment:checking '/home/swati/VBM/ros2_ws/install/opencv_test_py/bin'
[1.200s] Level 1:colcon.colcon_core.environment:create_environment_scripts_only(opencv_test_py)
[1.200s] INFO:colcon.colcon_core.shell:Creating package script '/home/swati/VBM/ros2_ws/install/opencv_test_py/share/opencv_test_py/package.ps1'
[1.201s] INFO:colcon.colcon_core.shell:Creating package descriptor '/home/swati/VBM/ros2_ws/install/opencv_test_py/share/opencv_test_py/package.dsv'
[1.201s] INFO:colcon.colcon_core.shell:Creating package script '/home/swati/VBM/ros2_ws/install/opencv_test_py/share/opencv_test_py/package.sh'
[1.201s] INFO:colcon.colcon_core.shell:Creating package script '/home/swati/VBM/ros2_ws/install/opencv_test_py/share/opencv_test_py/package.bash'
[1.201s] INFO:colcon.colcon_core.shell:Creating package script '/home/swati/VBM/ros2_ws/install/opencv_test_py/share/opencv_test_py/package.zsh'
[1.201s] Level 1:colcon.colcon_core.environment:create_file_with_runtime_dependencies(/home/swati/VBM/ros2_ws/install/opencv_test_py/share/colcon-core/packages/opencv_test_py)
[1.202s] DEBUG:colcon.colcon_parallel_executor.executor.parallel:closing loop
[1.202s] DEBUG:colcon.colcon_parallel_executor.executor.parallel:loop closed
[1.202s] DEBUG:colcon.colcon_parallel_executor.executor.parallel:run_until_complete finished with '0'
[1.202s] DEBUG:colcon.colcon_core.event_reactor:joining thread
[1.206s] INFO:colcon.colcon_core.plugin_system:Skipping extension 'colcon_notification.desktop_notification.terminal_notifier': Not used on non-Darwin systems
[1.206s] INFO:colcon.colcon_core.plugin_system:Skipping extension 'colcon_notification.desktop_notification.win32': Not used on non-Windows systems
[1.206s] INFO:colcon.colcon_notification.desktop_notification:Sending desktop notification using 'notify2'
[1.214s] DEBUG:colcon.colcon_core.event_reactor:joined thread
[1.214s] INFO:colcon.colcon_core.shell:Creating prefix script '/home/swati/VBM/ros2_ws/install/local_setup.ps1'
[1.215s] INFO:colcon.colcon_core.shell:Creating prefix util module '/home/swati/VBM/ros2_ws/install/_local_setup_util_ps1.py'
[1.216s] INFO:colcon.colcon_core.shell:Creating prefix chain script '/home/swati/VBM/ros2_ws/install/setup.ps1'
[1.217s] INFO:colcon.colcon_core.shell:Creating prefix script '/home/swati/VBM/ros2_ws/install/local_setup.sh'
[1.217s] INFO:colcon.colcon_core.shell:Creating prefix util module '/home/swati/VBM/ros2_ws/install/_local_setup_util_sh.py'
[1.217s] INFO:colcon.colcon_core.shell:Creating prefix chain script '/home/swati/VBM/ros2_ws/install/setup.sh'
[1.218s] INFO:colcon.colcon_core.shell:Creating prefix script '/home/swati/VBM/ros2_ws/install/local_setup.bash'
[1.218s] INFO:colcon.colcon_core.shell:Creating prefix chain script '/home/swati/VBM/ros2_ws/install/setup.bash'
[1.219s] INFO:colcon.colcon_core.shell:Creating prefix script '/home/swati/VBM/ros2_ws/install/local_setup.zsh'
[1.219s] INFO:colcon.colcon_core.shell:Creating prefix chain script '/home/swati/VBM/ros2_ws/install/setup.zsh'
