[0.570s] Invoking command in '/home/swati/VBM/ros2_ws/src/visual_servo': PYTHONPATH=/home/swati/VBM/ros2_ws/build/visual_servo/prefix_override:/usr/lib/python3/dist-packages/colcon_core/task/python/colcon_distutils_commands:/home/swati/VBM/ros2_ws/install/visual_servo/lib/python3.10/site-packages:${PYTHONPATH} /usr/bin/python3 -W ignore:setup.py install is deprecated setup.py egg_info --egg-base ../../build/visual_servo build --build-base /home/swati/VBM/ros2_ws/build/visual_servo/build install --record /home/swati/VBM/ros2_ws/build/visual_servo/install.log --single-version-externally-managed install_data
[0.716s] running egg_info
[0.716s] writing ../../build/visual_servo/visual_servo.egg-info/PKG-INFO
[0.716s] writing dependency_links to ../../build/visual_servo/visual_servo.egg-info/dependency_links.txt
[0.716s] writing entry points to ../../build/visual_servo/visual_servo.egg-info/entry_points.txt
[0.716s] writing requirements to ../../build/visual_servo/visual_servo.egg-info/requires.txt
[0.716s] writing top-level names to ../../build/visual_servo/visual_servo.egg-info/top_level.txt
[0.718s] reading manifest file '../../build/visual_servo/visual_servo.egg-info/SOURCES.txt'
[0.718s] adding license file 'LICENSE'
[0.718s] writing manifest file '../../build/visual_servo/visual_servo.egg-info/SOURCES.txt'
[0.718s] running build
[0.719s] running build_py
[0.719s] running install
[0.719s] running install_lib
[0.719s] running install_data
[0.720s] running install_egg_info
[0.721s] removing '/home/swati/VBM/ros2_ws/install/visual_servo/lib/python3.10/site-packages/visual_servo-0.0.0-py3.10.egg-info' (and everything under it)
[0.721s] Copying ../../build/visual_servo/visual_servo.egg-info to /home/swati/VBM/ros2_ws/install/visual_servo/lib/python3.10/site-packages/visual_servo-0.0.0-py3.10.egg-info
[0.721s] running install_scripts
[0.735s] writing list of installed files to '/home/swati/VBM/ros2_ws/build/visual_servo/install.log'
[0.752s] Invoked command in '/home/swati/VBM/ros2_ws/src/visual_servo' returned '0': PYTHONPATH=/home/swati/VBM/ros2_ws/build/visual_servo/prefix_override:/usr/lib/python3/dist-packages/colcon_core/task/python/colcon_distutils_commands:/home/swati/VBM/ros2_ws/install/visual_servo/lib/python3.10/site-packages:${PYTHONPATH} /usr/bin/python3 -W ignore:setup.py install is deprecated setup.py egg_info --egg-base ../../build/visual_servo build --build-base /home/swati/VBM/ros2_ws/build/visual_servo/build install --record /home/swati/VBM/ros2_ws/build/visual_servo/install.log --single-version-externally-managed install_data
