[0.012s] Invoking command in '/home/swati/VBM/ros2_ws/build/custom_interfaces': CMAKE_PREFIX_PATH=/opt/ros/humble /usr/bin/cmake /home/swati/VBM/ros2_ws/src/custom_interfaces -DCMAKE_INSTALL_PREFIX=/home/swati/VBM/ros2_ws/install/custom_interfaces
[0.169s] -- The C compiler identification is GNU 11.4.0
[0.170s] -- The CXX compiler identification is GNU 11.4.0
[0.170s] -- Detecting C compiler ABI info
[0.226s] -- Detecting C compiler ABI info - done
[0.231s] -- Check for working C compiler: /usr/bin/cc - skipped
[0.231s] -- Detecting C compile features
[0.232s] -- Detecting C compile features - done
[0.234s] -- Detecting CXX compiler ABI info
[0.297s] -- Detecting CXX compiler ABI info - done
[0.303s] -- Check for working CXX compiler: /usr/bin/c++ - skipped
[0.303s] -- Detecting CXX compile features
[0.304s] -- Detecting CXX compile features - done
[0.306s] -- Found ament_cmake: 1.3.10 (/opt/ros/humble/share/ament_cmake/cmake)
[0.421s] -- Found Python3: /usr/bin/python3 (found version "3.10.12") found components: Interpreter 
[0.489s] -- Found ament_lint_auto: 0.12.11 (/opt/ros/humble/share/ament_lint_auto/cmake)
[0.542s] -- Added test 'lint_cmake' to check CMake code style
[0.543s] -- Added test 'xmllint' to check XML markup files
[0.544s] -- Configuring done
[0.545s] -- Generating done
[0.546s] -- Build files have been written to: /home/swati/VBM/ros2_ws/build/custom_interfaces
[0.549s] Invoked command in '/home/swati/VBM/ros2_ws/build/custom_interfaces' returned '0': CMAKE_PREFIX_PATH=/opt/ros/humble /usr/bin/cmake /home/swati/VBM/ros2_ws/src/custom_interfaces -DCMAKE_INSTALL_PREFIX=/home/swati/VBM/ros2_ws/install/custom_interfaces
[0.550s] Invoking command in '/home/swati/VBM/ros2_ws/build/custom_interfaces': CMAKE_PREFIX_PATH=/opt/ros/humble /usr/bin/cmake --build /home/swati/VBM/ros2_ws/build/custom_interfaces -- -j20 -l20
[0.580s] Invoked command in '/home/swati/VBM/ros2_ws/build/custom_interfaces' returned '0': CMAKE_PREFIX_PATH=/opt/ros/humble /usr/bin/cmake --build /home/swati/VBM/ros2_ws/build/custom_interfaces -- -j20 -l20
[0.599s] Invoking command in '/home/swati/VBM/ros2_ws/build/custom_interfaces': CMAKE_PREFIX_PATH=/opt/ros/humble /usr/bin/cmake --install /home/swati/VBM/ros2_ws/build/custom_interfaces
[0.606s] -- Install configuration: ""
[0.606s] -- Installing: /home/swati/VBM/ros2_ws/install/custom_interfaces/share/ament_index/resource_index/package_run_dependencies/custom_interfaces
[0.606s] -- Installing: /home/swati/VBM/ros2_ws/install/custom_interfaces/share/ament_index/resource_index/parent_prefix_path/custom_interfaces
[0.606s] -- Installing: /home/swati/VBM/ros2_ws/install/custom_interfaces/share/custom_interfaces/environment/ament_prefix_path.sh
[0.606s] -- Installing: /home/swati/VBM/ros2_ws/install/custom_interfaces/share/custom_interfaces/environment/ament_prefix_path.dsv
[0.606s] -- Installing: /home/swati/VBM/ros2_ws/install/custom_interfaces/share/custom_interfaces/environment/path.sh
[0.606s] -- Installing: /home/swati/VBM/ros2_ws/install/custom_interfaces/share/custom_interfaces/environment/path.dsv
[0.607s] -- Installing: /home/swati/VBM/ros2_ws/install/custom_interfaces/share/custom_interfaces/local_setup.bash
[0.607s] -- Installing: /home/swati/VBM/ros2_ws/install/custom_interfaces/share/custom_interfaces/local_setup.sh
[0.607s] -- Installing: /home/swati/VBM/ros2_ws/install/custom_interfaces/share/custom_interfaces/local_setup.zsh
[0.607s] -- Installing: /home/swati/VBM/ros2_ws/install/custom_interfaces/share/custom_interfaces/local_setup.dsv
[0.607s] -- Installing: /home/swati/VBM/ros2_ws/install/custom_interfaces/share/custom_interfaces/package.dsv
[0.607s] -- Installing: /home/swati/VBM/ros2_ws/install/custom_interfaces/share/ament_index/resource_index/packages/custom_interfaces
[0.607s] -- Installing: /home/swati/VBM/ros2_ws/install/custom_interfaces/share/custom_interfaces/cmake/custom_interfacesConfig.cmake
[0.607s] -- Installing: /home/swati/VBM/ros2_ws/install/custom_interfaces/share/custom_interfaces/cmake/custom_interfacesConfig-version.cmake
[0.608s] -- Installing: /home/swati/VBM/ros2_ws/install/custom_interfaces/share/custom_interfaces/package.xml
[0.610s] Invoked command in '/home/swati/VBM/ros2_ws/build/custom_interfaces' returned '0': CMAKE_PREFIX_PATH=/opt/ros/humble /usr/bin/cmake --install /home/swati/VBM/ros2_ws/build/custom_interfaces
